<?xml version="1.0" encoding="UTF-8"?>
<coverage generated="1768773891134" clover="3.2.0">
  <project timestamp="1768773891135" name="All files">
    <metrics statements="967" coveredstatements="881" conditionals="219" coveredconditionals="166" methods="245" coveredmethods="223" elements="1431" coveredelements="1270" complexity="0" loc="967" ncloc="967" packages="43" files="125" classes="125"/>
    <package name="backend">
      <metrics statements="41" coveredstatements="41" conditionals="0" coveredconditionals="0" methods="0" coveredmethods="0"/>
      <file name="container.ts" path="/Users/daniel/Desktop/CanAgenda/PawnPlanner/backend/container.ts">
        <metrics statements="41" coveredstatements="41" conditionals="0" coveredconditionals="0" methods="0" coveredmethods="0"/>
        <line num="64" count="32" type="stmt"/>
        <line num="65" count="32" type="stmt"/>
        <line num="66" count="32" type="stmt"/>
        <line num="67" count="32" type="stmt"/>
        <line num="68" count="32" type="stmt"/>
        <line num="69" count="32" type="stmt"/>
        <line num="70" count="32" type="stmt"/>
        <line num="71" count="32" type="stmt"/>
        <line num="74" count="32" type="stmt"/>
        <line num="75" count="32" type="stmt"/>
        <line num="76" count="32" type="stmt"/>
        <line num="77" count="32" type="stmt"/>
        <line num="78" count="32" type="stmt"/>
        <line num="79" count="32" type="stmt"/>
        <line num="80" count="32" type="stmt"/>
        <line num="81" count="32" type="stmt"/>
        <line num="84" count="32" type="stmt"/>
        <line num="85" count="32" type="stmt"/>
        <line num="86" count="32" type="stmt"/>
        <line num="87" count="32" type="stmt"/>
        <line num="88" count="32" type="stmt"/>
        <line num="89" count="32" type="stmt"/>
        <line num="90" count="32" type="stmt"/>
        <line num="93" count="32" type="stmt"/>
        <line num="94" count="32" type="stmt"/>
        <line num="95" count="32" type="stmt"/>
        <line num="96" count="32" type="stmt"/>
        <line num="97" count="32" type="stmt"/>
        <line num="98" count="32" type="stmt"/>
        <line num="99" count="32" type="stmt"/>
        <line num="100" count="32" type="stmt"/>
        <line num="103" count="32" type="stmt"/>
        <line num="104" count="32" type="stmt"/>
        <line num="105" count="32" type="stmt"/>
        <line num="106" count="32" type="stmt"/>
        <line num="109" count="32" type="stmt"/>
        <line num="110" count="32" type="stmt"/>
        <line num="111" count="32" type="stmt"/>
        <line num="112" count="32" type="stmt"/>
        <line num="113" count="32" type="stmt"/>
        <line num="114" count="32" type="stmt"/>
      </file>
    </package>
    <package name="backend.api">
      <metrics statements="29" coveredstatements="25" conditionals="25" coveredconditionals="18" methods="7" coveredmethods="6"/>
      <file name="app.ts" path="/Users/daniel/Desktop/CanAgenda/PawnPlanner/backend/api/app.ts">
        <metrics statements="29" coveredstatements="25" conditionals="25" coveredconditionals="18" methods="7" coveredmethods="6"/>
        <line num="18" count="32" type="stmt"/>
        <line num="21" count="32" type="stmt"/>
        <line num="24" count="32" type="stmt"/>
        <line num="25" count="32" type="stmt"/>
        <line num="26" count="32" type="stmt"/>
        <line num="27" count="32" type="stmt"/>
        <line num="28" count="32" type="stmt"/>
        <line num="29" count="32" type="stmt"/>
        <line num="31" count="32" type="stmt"/>
        <line num="32" count="0" type="stmt"/>
        <line num="38" count="32" type="stmt"/>
        <line num="39" count="61" type="stmt"/>
        <line num="43" count="22" type="stmt"/>
        <line num="45" count="22" type="cond" truecount="1" falsecount="0"/>
        <line num="46" count="25" type="cond" truecount="2" falsecount="0"/>
        <line num="48" count="25" type="cond" truecount="2" falsecount="0"/>
        <line num="49" count="24" type="stmt"/>
        <line num="55" count="25" type="cond" truecount="4" falsecount="0"/>
        <line num="56" count="1" type="stmt"/>
        <line num="60" count="24" type="stmt"/>
        <line num="61" count="22" type="stmt"/>
        <line num="65" count="61" type="cond" truecount="4" falsecount="0"/>
        <line num="66" count="22" type="stmt"/>
        <line num="68" count="22" type="stmt"/>
        <line num="76" count="39" type="cond" truecount="1" falsecount="1"/>
        <line num="82" count="39" type="stmt"/>
        <line num="89" count="0" type="cond" truecount="0" falsecount="2"/>
        <line num="94" count="0" type="stmt"/>
        <line num="101" count="0" type="stmt"/>
      </file>
    </package>
    <package name="backend.api.controllers.animals">
      <metrics statements="38" coveredstatements="36" conditionals="0" coveredconditionals="0" methods="6" coveredmethods="6"/>
      <file name="create.ts" path="/Users/daniel/Desktop/CanAgenda/PawnPlanner/backend/api/controllers/animals/create.ts">
        <metrics statements="6" coveredstatements="6" conditionals="0" coveredconditionals="0" methods="1" coveredmethods="1"/>
        <line num="7" count="37" type="stmt"/>
        <line num="8" count="37" type="stmt"/>
        <line num="9" count="37" type="stmt"/>
        <line num="10" count="37" type="stmt"/>
        <line num="11" count="36" type="stmt"/>
        <line num="13" count="1" type="stmt"/>
      </file>
      <file name="delete.ts" path="/Users/daniel/Desktop/CanAgenda/PawnPlanner/backend/api/controllers/animals/delete.ts">
        <metrics statements="6" coveredstatements="6" conditionals="0" coveredconditionals="0" methods="1" coveredmethods="1"/>
        <line num="6" count="2" type="stmt"/>
        <line num="7" count="2" type="stmt"/>
        <line num="8" count="2" type="stmt"/>
        <line num="9" count="2" type="stmt"/>
        <line num="10" count="1" type="stmt"/>
        <line num="12" count="1" type="stmt"/>
      </file>
      <file name="getAll.ts" path="/Users/daniel/Desktop/CanAgenda/PawnPlanner/backend/api/controllers/animals/getAll.ts">
        <metrics statements="6" coveredstatements="5" conditionals="0" coveredconditionals="0" methods="1" coveredmethods="1"/>
        <line num="6" count="2" type="stmt"/>
        <line num="7" count="2" type="stmt"/>
        <line num="8" count="2" type="stmt"/>
        <line num="9" count="2" type="stmt"/>
        <line num="10" count="2" type="stmt"/>
        <line num="12" count="0" type="stmt"/>
      </file>
      <file name="getById.ts" path="/Users/daniel/Desktop/CanAgenda/PawnPlanner/backend/api/controllers/animals/getById.ts">
        <metrics statements="6" coveredstatements="6" conditionals="0" coveredconditionals="0" methods="1" coveredmethods="1"/>
        <line num="6" count="2" type="stmt"/>
        <line num="7" count="2" type="stmt"/>
        <line num="8" count="2" type="stmt"/>
        <line num="9" count="2" type="stmt"/>
        <line num="10" count="1" type="stmt"/>
        <line num="12" count="1" type="stmt"/>
      </file>
      <file name="getBySpecies.ts" path="/Users/daniel/Desktop/CanAgenda/PawnPlanner/backend/api/controllers/animals/getBySpecies.ts">
        <metrics statements="7" coveredstatements="6" conditionals="0" coveredconditionals="0" methods="1" coveredmethods="1"/>
        <line num="6" count="2" type="stmt"/>
        <line num="7" count="2" type="stmt"/>
        <line num="8" count="2" type="stmt"/>
        <line num="10" count="2" type="stmt"/>
        <line num="11" count="2" type="stmt"/>
        <line num="13" count="2" type="stmt"/>
        <line num="15" count="0" type="stmt"/>
      </file>
      <file name="update.ts" path="/Users/daniel/Desktop/CanAgenda/PawnPlanner/backend/api/controllers/animals/update.ts">
        <metrics statements="7" coveredstatements="7" conditionals="0" coveredconditionals="0" methods="1" coveredmethods="1"/>
        <line num="7" count="2" type="stmt"/>
        <line num="8" count="2" type="stmt"/>
        <line num="9" count="2" type="stmt"/>
        <line num="10" count="2" type="stmt"/>
        <line num="11" count="2" type="stmt"/>
        <line num="12" count="1" type="stmt"/>
        <line num="14" count="1" type="stmt"/>
      </file>
    </package>
    <package name="backend.api.controllers.auth">
      <metrics statements="42" coveredstatements="42" conditionals="0" coveredconditionals="0" methods="6" coveredmethods="6"/>
      <file name="changePassword.ts" path="/Users/daniel/Desktop/CanAgenda/PawnPlanner/backend/api/controllers/auth/changePassword.ts">
        <metrics statements="7" coveredstatements="7" conditionals="0" coveredconditionals="0" methods="1" coveredmethods="1"/>
        <line num="8" count="32" type="stmt"/>
        <line num="9" count="3" type="stmt"/>
        <line num="11" count="3" type="stmt"/>
        <line num="16" count="2" type="stmt"/>
        <line num="17" count="2" type="stmt"/>
        <line num="23" count="1" type="stmt"/>
        <line num="25" count="2" type="stmt"/>
      </file>
      <file name="forgotPassword.ts" path="/Users/daniel/Desktop/CanAgenda/PawnPlanner/backend/api/controllers/auth/forgotPassword.ts">
        <metrics statements="7" coveredstatements="7" conditionals="0" coveredconditionals="0" methods="1" coveredmethods="1"/>
        <line num="7" count="32" type="stmt"/>
        <line num="8" count="6" type="stmt"/>
        <line num="9" count="6" type="stmt"/>
        <line num="11" count="5" type="stmt"/>
        <line num="12" count="5" type="stmt"/>
        <line num="14" count="4" type="stmt"/>
        <line num="16" count="2" type="stmt"/>
      </file>
      <file name="login.ts" path="/Users/daniel/Desktop/CanAgenda/PawnPlanner/backend/api/controllers/auth/login.ts">
        <metrics statements="7" coveredstatements="7" conditionals="0" coveredconditionals="0" methods="1" coveredmethods="1"/>
        <line num="8" count="32" type="stmt"/>
        <line num="9" count="8" type="stmt"/>
        <line num="10" count="8" type="stmt"/>
        <line num="12" count="7" type="stmt"/>
        <line num="13" count="7" type="stmt"/>
        <line num="15" count="5" type="stmt"/>
        <line num="21" count="3" type="stmt"/>
      </file>
      <file name="refresh.ts" path="/Users/daniel/Desktop/CanAgenda/PawnPlanner/backend/api/controllers/auth/refresh.ts">
        <metrics statements="7" coveredstatements="7" conditionals="0" coveredconditionals="0" methods="1" coveredmethods="1"/>
        <line num="8" count="32" type="stmt"/>
        <line num="9" count="3" type="stmt"/>
        <line num="10" count="3" type="stmt"/>
        <line num="12" count="3" type="stmt"/>
        <line num="13" count="3" type="stmt"/>
        <line num="15" count="1" type="stmt"/>
        <line num="21" count="2" type="stmt"/>
      </file>
      <file name="register.ts" path="/Users/daniel/Desktop/CanAgenda/PawnPlanner/backend/api/controllers/auth/register.ts">
        <metrics statements="7" coveredstatements="7" conditionals="0" coveredconditionals="0" methods="1" coveredmethods="1"/>
        <line num="8" count="32" type="stmt"/>
        <line num="9" count="124" type="stmt"/>
        <line num="10" count="124" type="stmt"/>
        <line num="11" count="123" type="stmt"/>
        <line num="12" count="123" type="stmt"/>
        <line num="14" count="122" type="stmt"/>
        <line num="20" count="2" type="stmt"/>
      </file>
      <file name="resetPassword.ts" path="/Users/daniel/Desktop/CanAgenda/PawnPlanner/backend/api/controllers/auth/resetPassword.ts">
        <metrics statements="7" coveredstatements="7" conditionals="0" coveredconditionals="0" methods="1" coveredmethods="1"/>
        <line num="7" count="32" type="stmt"/>
        <line num="8" count="5" type="stmt"/>
        <line num="9" count="5" type="stmt"/>
        <line num="11" count="4" type="stmt"/>
        <line num="12" count="4" type="stmt"/>
        <line num="14" count="1" type="stmt"/>
        <line num="16" count="4" type="stmt"/>
      </file>
    </package>
    <package name="backend.api.controllers.breeds">
      <metrics statements="43" coveredstatements="35" conditionals="0" coveredconditionals="0" methods="7" coveredmethods="6"/>
      <file name="create.ts" path="/Users/daniel/Desktop/CanAgenda/PawnPlanner/backend/api/controllers/breeds/create.ts">
        <metrics statements="6" coveredstatements="6" conditionals="0" coveredconditionals="0" methods="1" coveredmethods="1"/>
        <line num="6" count="17" type="stmt"/>
        <line num="7" count="17" type="stmt"/>
        <line num="8" count="17" type="stmt"/>
        <line num="9" count="17" type="stmt"/>
        <line num="10" count="15" type="stmt"/>
        <line num="12" count="2" type="stmt"/>
      </file>
      <file name="delete.ts" path="/Users/daniel/Desktop/CanAgenda/PawnPlanner/backend/api/controllers/breeds/delete.ts">
        <metrics statements="6" coveredstatements="6" conditionals="0" coveredconditionals="0" methods="1" coveredmethods="1"/>
        <line num="6" count="2" type="stmt"/>
        <line num="7" count="2" type="stmt"/>
        <line num="8" count="2" type="stmt"/>
        <line num="9" count="2" type="stmt"/>
        <line num="10" count="1" type="stmt"/>
        <line num="12" count="1" type="stmt"/>
      </file>
      <file name="getAll.ts" path="/Users/daniel/Desktop/CanAgenda/PawnPlanner/backend/api/controllers/breeds/getAll.ts">
        <metrics statements="6" coveredstatements="5" conditionals="0" coveredconditionals="0" methods="1" coveredmethods="1"/>
        <line num="6" count="2" type="stmt"/>
        <line num="7" count="2" type="stmt"/>
        <line num="8" count="2" type="stmt"/>
        <line num="9" count="2" type="stmt"/>
        <line num="10" count="2" type="stmt"/>
        <line num="12" count="0" type="stmt"/>
      </file>
      <file name="getByAnimal.ts" path="/Users/daniel/Desktop/CanAgenda/PawnPlanner/backend/api/controllers/breeds/getByAnimal.ts">
        <metrics statements="6" coveredstatements="5" conditionals="0" coveredconditionals="0" methods="1" coveredmethods="1"/>
        <line num="6" count="2" type="stmt"/>
        <line num="7" count="2" type="stmt"/>
        <line num="8" count="2" type="stmt"/>
        <line num="9" count="2" type="stmt"/>
        <line num="10" count="2" type="stmt"/>
        <line num="12" count="0" type="stmt"/>
      </file>
      <file name="getById.ts" path="/Users/daniel/Desktop/CanAgenda/PawnPlanner/backend/api/controllers/breeds/getById.ts">
        <metrics statements="6" coveredstatements="6" conditionals="0" coveredconditionals="0" methods="1" coveredmethods="1"/>
        <line num="6" count="2" type="stmt"/>
        <line num="7" count="2" type="stmt"/>
        <line num="8" count="2" type="stmt"/>
        <line num="9" count="2" type="stmt"/>
        <line num="10" count="1" type="stmt"/>
        <line num="12" count="1" type="stmt"/>
      </file>
      <file name="getByName.ts" path="/Users/daniel/Desktop/CanAgenda/PawnPlanner/backend/api/controllers/breeds/getByName.ts">
        <metrics statements="6" coveredstatements="0" conditionals="0" coveredconditionals="0" methods="1" coveredmethods="0"/>
        <line num="6" count="0" type="stmt"/>
        <line num="7" count="0" type="stmt"/>
        <line num="8" count="0" type="stmt"/>
        <line num="9" count="0" type="stmt"/>
        <line num="10" count="0" type="stmt"/>
        <line num="12" count="0" type="stmt"/>
      </file>
      <file name="update.ts" path="/Users/daniel/Desktop/CanAgenda/PawnPlanner/backend/api/controllers/breeds/update.ts">
        <metrics statements="7" coveredstatements="7" conditionals="0" coveredconditionals="0" methods="1" coveredmethods="1"/>
        <line num="6" count="2" type="stmt"/>
        <line num="7" count="2" type="stmt"/>
        <line num="8" count="2" type="stmt"/>
        <line num="9" count="2" type="stmt"/>
        <line num="10" count="2" type="stmt"/>
        <line num="11" count="1" type="stmt"/>
        <line num="13" count="1" type="stmt"/>
      </file>
    </package>
    <package name="backend.api.controllers.owners">
      <metrics statements="48" coveredstatements="46" conditionals="2" coveredconditionals="2" methods="7" coveredmethods="7"/>
      <file name="create.ts" path="/Users/daniel/Desktop/CanAgenda/PawnPlanner/backend/api/controllers/owners/create.ts">
        <metrics statements="7" coveredstatements="7" conditionals="0" coveredconditionals="0" methods="1" coveredmethods="1"/>
        <line num="7" count="52" type="stmt"/>
        <line num="8" count="52" type="stmt"/>
        <line num="9" count="52" type="stmt"/>
        <line num="11" count="52" type="stmt"/>
        <line num="12" count="52" type="stmt"/>
        <line num="14" count="48" type="stmt"/>
        <line num="16" count="4" type="stmt"/>
      </file>
      <file name="delete.ts" path="/Users/daniel/Desktop/CanAgenda/PawnPlanner/backend/api/controllers/owners/delete.ts">
        <metrics statements="7" coveredstatements="7" conditionals="0" coveredconditionals="0" methods="1" coveredmethods="1"/>
        <line num="6" count="4" type="stmt"/>
        <line num="7" count="4" type="stmt"/>
        <line num="8" count="4" type="stmt"/>
        <line num="10" count="4" type="stmt"/>
        <line num="11" count="4" type="stmt"/>
        <line num="13" count="2" type="stmt"/>
        <line num="15" count="2" type="stmt"/>
      </file>
      <file name="getAll.ts" path="/Users/daniel/Desktop/CanAgenda/PawnPlanner/backend/api/controllers/owners/getAll.ts">
        <metrics statements="6" coveredstatements="5" conditionals="0" coveredconditionals="0" methods="1" coveredmethods="1"/>
        <line num="6" count="8" type="stmt"/>
        <line num="7" count="8" type="stmt"/>
        <line num="9" count="8" type="stmt"/>
        <line num="10" count="8" type="stmt"/>
        <line num="12" count="8" type="stmt"/>
        <line num="14" count="0" type="stmt"/>
      </file>
      <file name="getByEmail.ts" path="/Users/daniel/Desktop/CanAgenda/PawnPlanner/backend/api/controllers/owners/getByEmail.ts">
        <metrics statements="6" coveredstatements="6" conditionals="0" coveredconditionals="0" methods="1" coveredmethods="1"/>
        <line num="6" count="7" type="stmt"/>
        <line num="7" count="7" type="stmt"/>
        <line num="9" count="7" type="stmt"/>
        <line num="10" count="7" type="stmt"/>
        <line num="12" count="6" type="stmt"/>
        <line num="14" count="1" type="stmt"/>
      </file>
      <file name="getById.ts" path="/Users/daniel/Desktop/CanAgenda/PawnPlanner/backend/api/controllers/owners/getById.ts">
        <metrics statements="9" coveredstatements="9" conditionals="2" coveredconditionals="2" methods="1" coveredmethods="1"/>
        <line num="6" count="10" type="stmt"/>
        <line num="7" count="10" type="stmt"/>
        <line num="8" count="10" type="cond" truecount="2" falsecount="0"/>
        <line num="9" count="1" type="stmt"/>
        <line num="12" count="9" type="stmt"/>
        <line num="14" count="9" type="stmt"/>
        <line num="15" count="9" type="stmt"/>
        <line num="17" count="6" type="stmt"/>
        <line num="19" count="3" type="stmt"/>
      </file>
      <file name="getByName.ts" path="/Users/daniel/Desktop/CanAgenda/PawnPlanner/backend/api/controllers/owners/getByName.ts">
        <metrics statements="6" coveredstatements="5" conditionals="0" coveredconditionals="0" methods="1" coveredmethods="1"/>
        <line num="6" count="8" type="stmt"/>
        <line num="7" count="8" type="stmt"/>
        <line num="9" count="8" type="stmt"/>
        <line num="10" count="8" type="stmt"/>
        <line num="12" count="8" type="stmt"/>
        <line num="14" count="0" type="stmt"/>
      </file>
      <file name="update.ts" path="/Users/daniel/Desktop/CanAgenda/PawnPlanner/backend/api/controllers/owners/update.ts">
        <metrics statements="7" coveredstatements="7" conditionals="0" coveredconditionals="0" methods="1" coveredmethods="1"/>
        <line num="7" count="4" type="stmt"/>
        <line num="8" count="4" type="stmt"/>
        <line num="9" count="4" type="stmt"/>
        <line num="11" count="4" type="stmt"/>
        <line num="12" count="4" type="stmt"/>
        <line num="14" count="1" type="stmt"/>
        <line num="16" count="3" type="stmt"/>
      </file>
    </package>
    <package name="backend.api.controllers.pets">
      <metrics statements="47" coveredstatements="18" conditionals="4" coveredconditionals="2" methods="7" coveredmethods="3"/>
      <file name="create.ts" path="/Users/daniel/Desktop/CanAgenda/PawnPlanner/backend/api/controllers/pets/create.ts">
        <metrics statements="6" coveredstatements="6" conditionals="0" coveredconditionals="0" methods="1" coveredmethods="1"/>
        <line num="7" count="23" type="stmt"/>
        <line num="8" count="23" type="stmt"/>
        <line num="9" count="23" type="stmt"/>
        <line num="10" count="23" type="stmt"/>
        <line num="11" count="18" type="stmt"/>
        <line num="13" count="5" type="stmt"/>
      </file>
      <file name="delete.ts" path="/Users/daniel/Desktop/CanAgenda/PawnPlanner/backend/api/controllers/pets/delete.ts">
        <metrics statements="6" coveredstatements="0" conditionals="0" coveredconditionals="0" methods="1" coveredmethods="0"/>
        <line num="6" count="0" type="stmt"/>
        <line num="7" count="0" type="stmt"/>
        <line num="8" count="0" type="stmt"/>
        <line num="9" count="0" type="stmt"/>
        <line num="10" count="0" type="stmt"/>
        <line num="12" count="0" type="stmt"/>
      </file>
      <file name="getAll.ts" path="/Users/daniel/Desktop/CanAgenda/PawnPlanner/backend/api/controllers/pets/getAll.ts">
        <metrics statements="6" coveredstatements="5" conditionals="0" coveredconditionals="0" methods="1" coveredmethods="1"/>
        <line num="6" count="2" type="stmt"/>
        <line num="7" count="2" type="stmt"/>
        <line num="8" count="2" type="stmt"/>
        <line num="9" count="2" type="stmt"/>
        <line num="10" count="2" type="stmt"/>
        <line num="12" count="0" type="stmt"/>
      </file>
      <file name="getByBreed.ts" path="/Users/daniel/Desktop/CanAgenda/PawnPlanner/backend/api/controllers/pets/getByBreed.ts">
        <metrics statements="6" coveredstatements="0" conditionals="0" coveredconditionals="0" methods="1" coveredmethods="0"/>
        <line num="6" count="0" type="stmt"/>
        <line num="7" count="0" type="stmt"/>
        <line num="8" count="0" type="stmt"/>
        <line num="9" count="0" type="stmt"/>
        <line num="10" count="0" type="stmt"/>
        <line num="12" count="0" type="stmt"/>
      </file>
      <file name="getById.ts" path="/Users/daniel/Desktop/CanAgenda/PawnPlanner/backend/api/controllers/pets/getById.ts">
        <metrics statements="8" coveredstatements="7" conditionals="2" coveredconditionals="2" methods="1" coveredmethods="1"/>
        <line num="6" count="2" type="stmt"/>
        <line num="7" count="2" type="stmt"/>
        <line num="8" count="2" type="stmt"/>
        <line num="9" count="2" type="stmt"/>
        <line num="11" count="2" type="cond" truecount="2" falsecount="0"/>
        <line num="12" count="1" type="stmt"/>
        <line num="15" count="1" type="stmt"/>
        <line num="17" count="0" type="stmt"/>
      </file>
      <file name="getByName.ts" path="/Users/daniel/Desktop/CanAgenda/PawnPlanner/backend/api/controllers/pets/getByName.ts">
        <metrics statements="6" coveredstatements="0" conditionals="0" coveredconditionals="0" methods="1" coveredmethods="0"/>
        <line num="6" count="0" type="stmt"/>
        <line num="7" count="0" type="stmt"/>
        <line num="8" count="0" type="stmt"/>
        <line num="9" count="0" type="stmt"/>
        <line num="10" count="0" type="stmt"/>
        <line num="12" count="0" type="stmt"/>
      </file>
      <file name="update.ts" path="/Users/daniel/Desktop/CanAgenda/PawnPlanner/backend/api/controllers/pets/update.ts">
        <metrics statements="9" coveredstatements="0" conditionals="2" coveredconditionals="0" methods="1" coveredmethods="0"/>
        <line num="8" count="0" type="stmt"/>
        <line num="9" count="0" type="stmt"/>
        <line num="10" count="0" type="stmt"/>
        <line num="11" count="0" type="stmt"/>
        <line num="12" count="0" type="stmt"/>
        <line num="13" count="0" type="stmt"/>
        <line num="15" count="0" type="cond" truecount="0" falsecount="2"/>
        <line num="16" count="0" type="stmt"/>
        <line num="18" count="0" type="stmt"/>
      </file>
    </package>
    <package name="backend.api.controllers.users">
      <metrics statements="19" coveredstatements="18" conditionals="0" coveredconditionals="0" methods="3" coveredmethods="3"/>
      <file name="deleteMyAccount.ts" path="/Users/daniel/Desktop/CanAgenda/PawnPlanner/backend/api/controllers/users/deleteMyAccount.ts">
        <metrics statements="6" coveredstatements="5" conditionals="0" coveredconditionals="0" methods="1" coveredmethods="1"/>
        <line num="6" count="32" type="stmt"/>
        <line num="7" count="1" type="stmt"/>
        <line num="8" count="1" type="stmt"/>
        <line num="9" count="1" type="stmt"/>
        <line num="10" count="1" type="stmt"/>
        <line num="12" count="0" type="stmt"/>
      </file>
      <file name="getMyProfile.ts" path="/Users/daniel/Desktop/CanAgenda/PawnPlanner/backend/api/controllers/users/getMyProfile.ts">
        <metrics statements="6" coveredstatements="6" conditionals="0" coveredconditionals="0" methods="1" coveredmethods="1"/>
        <line num="7" count="32" type="stmt"/>
        <line num="8" count="2" type="stmt"/>
        <line num="9" count="2" type="stmt"/>
        <line num="10" count="2" type="stmt"/>
        <line num="11" count="1" type="stmt"/>
        <line num="13" count="1" type="stmt"/>
      </file>
      <file name="updateMyProfile.ts" path="/Users/daniel/Desktop/CanAgenda/PawnPlanner/backend/api/controllers/users/updateMyProfile.ts">
        <metrics statements="7" coveredstatements="7" conditionals="0" coveredconditionals="0" methods="1" coveredmethods="1"/>
        <line num="8" count="32" type="stmt"/>
        <line num="9" count="2" type="stmt"/>
        <line num="11" count="2" type="stmt"/>
        <line num="13" count="2" type="stmt"/>
        <line num="14" count="2" type="stmt"/>
        <line num="16" count="1" type="stmt"/>
        <line num="18" count="1" type="stmt"/>
      </file>
    </package>
    <package name="backend.api.middlewares">
      <metrics statements="20" coveredstatements="20" conditionals="4" coveredconditionals="4" methods="4" coveredmethods="4"/>
      <file name="authMiddleware.ts" path="/Users/daniel/Desktop/CanAgenda/PawnPlanner/backend/api/middlewares/authMiddleware.ts">
        <metrics statements="10" coveredstatements="10" conditionals="2" coveredconditionals="2" methods="1" coveredmethods="1"/>
        <line num="6" count="232" type="stmt"/>
        <line num="7" count="232" type="cond" truecount="2" falsecount="0"/>
        <line num="8" count="11" type="stmt"/>
        <line num="11" count="221" type="stmt"/>
        <line num="12" count="221" type="stmt"/>
        <line num="13" count="221" type="stmt"/>
        <line num="14" count="221" type="stmt"/>
        <line num="15" count="221" type="stmt"/>
        <line num="17" count="2" type="stmt"/>
        <line num="18" count="2" type="stmt"/>
      </file>
      <file name="validateDTO.ts" path="/Users/daniel/Desktop/CanAgenda/PawnPlanner/backend/api/middlewares/validateDTO.ts">
        <metrics statements="3" coveredstatements="3" conditionals="0" coveredconditionals="0" methods="1" coveredmethods="1"/>
        <line num="5" count="149" type="stmt"/>
        <line num="6" count="149" type="stmt"/>
        <line num="7" count="144" type="stmt"/>
      </file>
      <file name="validationMiddleware.ts" path="/Users/daniel/Desktop/CanAgenda/PawnPlanner/backend/api/middlewares/validationMiddleware.ts">
        <metrics statements="7" coveredstatements="7" conditionals="2" coveredconditionals="2" methods="2" coveredmethods="2"/>
        <line num="6" count="288" type="stmt"/>
        <line num="7" count="156" type="stmt"/>
        <line num="9" count="156" type="stmt"/>
        <line num="15" count="156" type="cond" truecount="2" falsecount="0"/>
        <line num="16" count="17" type="stmt"/>
        <line num="19" count="139" type="stmt"/>
        <line num="20" count="139" type="stmt"/>
      </file>
    </package>
    <package name="backend.api.routes.animals">
      <metrics statements="8" coveredstatements="8" conditionals="0" coveredconditionals="0" methods="0" coveredmethods="0"/>
      <file name="index.ts" path="/Users/daniel/Desktop/CanAgenda/PawnPlanner/backend/api/routes/animals/index.ts">
        <metrics statements="8" coveredstatements="8" conditionals="0" coveredconditionals="0" methods="0" coveredmethods="0"/>
        <line num="14" count="32" type="stmt"/>
        <line num="17" count="32" type="stmt"/>
        <line num="19" count="32" type="stmt"/>
        <line num="20" count="32" type="stmt"/>
        <line num="21" count="32" type="stmt"/>
        <line num="23" count="32" type="stmt"/>
        <line num="24" count="32" type="stmt"/>
        <line num="25" count="32" type="stmt"/>
      </file>
    </package>
    <package name="backend.api.routes.auth">
      <metrics statements="7" coveredstatements="7" conditionals="0" coveredconditionals="0" methods="0" coveredmethods="0"/>
      <file name="index.ts" path="/Users/daniel/Desktop/CanAgenda/PawnPlanner/backend/api/routes/auth/index.ts">
        <metrics statements="7" coveredstatements="7" conditionals="0" coveredconditionals="0" methods="0" coveredmethods="0"/>
        <line num="10" count="32" type="stmt"/>
        <line num="12" count="32" type="stmt"/>
        <line num="13" count="32" type="stmt"/>
        <line num="14" count="32" type="stmt"/>
        <line num="15" count="32" type="stmt"/>
        <line num="16" count="32" type="stmt"/>
        <line num="18" count="32" type="stmt"/>
      </file>
    </package>
    <package name="backend.api.routes.breeds">
      <metrics statements="9" coveredstatements="9" conditionals="0" coveredconditionals="0" methods="0" coveredmethods="0"/>
      <file name="index.ts" path="/Users/daniel/Desktop/CanAgenda/PawnPlanner/backend/api/routes/breeds/index.ts">
        <metrics statements="9" coveredstatements="9" conditionals="0" coveredconditionals="0" methods="0" coveredmethods="0"/>
        <line num="15" count="32" type="stmt"/>
        <line num="17" count="32" type="stmt"/>
        <line num="19" count="32" type="stmt"/>
        <line num="20" count="32" type="stmt"/>
        <line num="21" count="32" type="stmt"/>
        <line num="23" count="32" type="stmt"/>
        <line num="24" count="32" type="stmt"/>
        <line num="25" count="32" type="stmt"/>
        <line num="26" count="32" type="stmt"/>
      </file>
    </package>
    <package name="backend.api.routes.owners">
      <metrics statements="9" coveredstatements="9" conditionals="0" coveredconditionals="0" methods="0" coveredmethods="0"/>
      <file name="index.ts" path="/Users/daniel/Desktop/CanAgenda/PawnPlanner/backend/api/routes/owners/index.ts">
        <metrics statements="9" coveredstatements="9" conditionals="0" coveredconditionals="0" methods="0" coveredmethods="0"/>
        <line num="16" count="32" type="stmt"/>
        <line num="18" count="32" type="stmt"/>
        <line num="20" count="32" type="stmt"/>
        <line num="21" count="32" type="stmt"/>
        <line num="22" count="32" type="stmt"/>
        <line num="24" count="32" type="stmt"/>
        <line num="25" count="32" type="stmt"/>
        <line num="26" count="32" type="stmt"/>
        <line num="27" count="32" type="stmt"/>
      </file>
    </package>
    <package name="backend.api.routes.pets">
      <metrics statements="9" coveredstatements="9" conditionals="0" coveredconditionals="0" methods="0" coveredmethods="0"/>
      <file name="index.ts" path="/Users/daniel/Desktop/CanAgenda/PawnPlanner/backend/api/routes/pets/index.ts">
        <metrics statements="9" coveredstatements="9" conditionals="0" coveredconditionals="0" methods="0" coveredmethods="0"/>
        <line num="16" count="32" type="stmt"/>
        <line num="19" count="32" type="stmt"/>
        <line num="21" count="32" type="stmt"/>
        <line num="22" count="32" type="stmt"/>
        <line num="23" count="32" type="stmt"/>
        <line num="24" count="32" type="stmt"/>
        <line num="25" count="32" type="stmt"/>
        <line num="26" count="32" type="stmt"/>
        <line num="27" count="32" type="stmt"/>
      </file>
    </package>
    <package name="backend.api.routes.users">
      <metrics statements="5" coveredstatements="5" conditionals="0" coveredconditionals="0" methods="0" coveredmethods="0"/>
      <file name="index.ts" path="/Users/daniel/Desktop/CanAgenda/PawnPlanner/backend/api/routes/users/index.ts">
        <metrics statements="5" coveredstatements="5" conditionals="0" coveredconditionals="0" methods="0" coveredmethods="0"/>
        <line num="10" count="32" type="stmt"/>
        <line num="12" count="32" type="stmt"/>
        <line num="14" count="32" type="stmt"/>
        <line num="15" count="32" type="stmt"/>
        <line num="16" count="32" type="stmt"/>
      </file>
    </package>
    <package name="backend.application.animals.dto">
      <metrics statements="2" coveredstatements="2" conditionals="0" coveredconditionals="0" methods="0" coveredmethods="0"/>
      <file name="CreateAnimalDTO.ts" path="/Users/daniel/Desktop/CanAgenda/PawnPlanner/backend/application/animals/dto/CreateAnimalDTO.ts">
        <metrics statements="1" coveredstatements="1" conditionals="0" coveredconditionals="0" methods="0" coveredmethods="0"/>
        <line num="6" count="32" type="stmt"/>
      </file>
      <file name="UpdateAnimalDTO.ts" path="/Users/daniel/Desktop/CanAgenda/PawnPlanner/backend/application/animals/dto/UpdateAnimalDTO.ts">
        <metrics statements="1" coveredstatements="1" conditionals="0" coveredconditionals="0" methods="0" coveredmethods="0"/>
        <line num="6" count="32" type="stmt"/>
      </file>
    </package>
    <package name="backend.application.animals.mappers">
      <metrics statements="3" coveredstatements="2" conditionals="2" coveredconditionals="2" methods="4" coveredmethods="3"/>
      <file name="AnimalMapper.ts" path="/Users/daniel/Desktop/CanAgenda/PawnPlanner/backend/application/animals/mappers/AnimalMapper.ts">
        <metrics statements="3" coveredstatements="2" conditionals="2" coveredconditionals="2" methods="4" coveredmethods="3"/>
        <line num="7" count="47" type="stmt"/>
        <line num="11" count="0" type="cond" truecount="2" falsecount="0"/>
        <line num="19" count="6" type="stmt"/>
      </file>
    </package>
    <package name="backend.application.animals.services">
      <metrics statements="37" coveredstatements="37" conditionals="8" coveredconditionals="8" methods="12" coveredmethods="12"/>
      <file name="CreateAnimalService.ts" path="/Users/daniel/Desktop/CanAgenda/PawnPlanner/backend/application/animals/services/CreateAnimalService.ts">
        <metrics statements="11" coveredstatements="11" conditionals="2" coveredconditionals="2" methods="2" coveredmethods="2"/>
        <line num="10" count="33" type="stmt"/>
        <line num="11" count="39" type="stmt"/>
        <line num="14" count="39" type="stmt"/>
        <line num="16" count="39" type="stmt"/>
        <line num="17" count="39" type="cond" truecount="2" falsecount="0"/>
        <line num="18" count="2" type="stmt"/>
        <line num="21" count="37" type="stmt"/>
        <line num="22" count="37" type="stmt"/>
        <line num="23" count="37" type="stmt"/>
        <line num="25" count="37" type="stmt"/>
        <line num="26" count="37" type="stmt"/>
      </file>
      <file name="DeleteAnimalService.ts" path="/Users/daniel/Desktop/CanAgenda/PawnPlanner/backend/application/animals/services/DeleteAnimalService.ts">
        <metrics statements="5" coveredstatements="5" conditionals="2" coveredconditionals="2" methods="2" coveredmethods="2"/>
        <line num="6" count="33" type="stmt"/>
        <line num="7" count="4" type="stmt"/>
        <line num="10" count="4" type="stmt"/>
        <line num="12" count="4" type="cond" truecount="2" falsecount="0"/>
        <line num="13" count="2" type="stmt"/>
      </file>
      <file name="GetAllAnimalsService.ts" path="/Users/daniel/Desktop/CanAgenda/PawnPlanner/backend/application/animals/services/GetAllAnimalsService.ts">
        <metrics statements="4" coveredstatements="4" conditionals="0" coveredconditionals="0" methods="2" coveredmethods="2"/>
        <line num="7" count="33" type="stmt"/>
        <line num="8" count="3" type="stmt"/>
        <line num="11" count="3" type="stmt"/>
        <line num="12" count="3" type="stmt"/>
      </file>
      <file name="GetAnimalByIdService.ts" path="/Users/daniel/Desktop/CanAgenda/PawnPlanner/backend/application/animals/services/GetAnimalByIdService.ts">
        <metrics statements="6" coveredstatements="6" conditionals="2" coveredconditionals="2" methods="2" coveredmethods="2"/>
        <line num="8" count="33" type="stmt"/>
        <line num="9" count="4" type="stmt"/>
        <line num="12" count="4" type="stmt"/>
        <line num="14" count="4" type="cond" truecount="2" falsecount="0"/>
        <line num="15" count="2" type="stmt"/>
        <line num="18" count="2" type="stmt"/>
      </file>
      <file name="GetAnimalsBySpeciesService.ts" path="/Users/daniel/Desktop/CanAgenda/PawnPlanner/backend/application/animals/services/GetAnimalsBySpeciesService.ts">
        <metrics statements="5" coveredstatements="5" conditionals="0" coveredconditionals="0" methods="2" coveredmethods="2"/>
        <line num="7" count="33" type="stmt"/>
        <line num="8" count="3" type="stmt"/>
        <line num="11" count="3" type="stmt"/>
        <line num="13" count="3" type="stmt"/>
        <line num="15" count="3" type="stmt"/>
      </file>
      <file name="UpdateAnimalService.ts" path="/Users/daniel/Desktop/CanAgenda/PawnPlanner/backend/application/animals/services/UpdateAnimalService.ts">
        <metrics statements="6" coveredstatements="6" conditionals="2" coveredconditionals="2" methods="2" coveredmethods="2"/>
        <line num="9" count="33" type="stmt"/>
        <line num="10" count="4" type="stmt"/>
        <line num="13" count="4" type="stmt"/>
        <line num="21" count="4" type="cond" truecount="2" falsecount="0"/>
        <line num="22" count="2" type="stmt"/>
        <line num="25" count="2" type="stmt"/>
      </file>
    </package>
    <package name="backend.application.auth.dto">
      <metrics statements="16" coveredstatements="15" conditionals="2" coveredconditionals="0" methods="3" coveredmethods="2"/>
      <file name="ChangePasswordDTO.ts" path="/Users/daniel/Desktop/CanAgenda/PawnPlanner/backend/application/auth/dto/ChangePasswordDTO.ts">
        <metrics statements="2" coveredstatements="2" conditionals="0" coveredconditionals="0" methods="0" coveredmethods="0"/>
        <line num="6" count="32" type="stmt"/>
        <line num="14" count="32" type="stmt"/>
      </file>
      <file name="CreateUserDTO.ts" path="/Users/daniel/Desktop/CanAgenda/PawnPlanner/backend/application/auth/dto/CreateUserDTO.ts">
        <metrics statements="7" coveredstatements="6" conditionals="2" coveredconditionals="0" methods="2" coveredmethods="1"/>
        <line num="7" count="32" type="stmt"/>
        <line num="11" count="32" type="stmt"/>
        <line num="14" count="0" type="cond" truecount="0" falsecount="2"/>
        <line num="17" count="32" type="stmt"/>
        <line num="19" count="124" type="stmt"/>
        <line num="21" count="32" type="stmt"/>
        <line num="29" count="32" type="stmt"/>
      </file>
      <file name="ForgotPasswordDTO.ts" path="/Users/daniel/Desktop/CanAgenda/PawnPlanner/backend/application/auth/dto/ForgotPasswordDTO.ts">
        <metrics statements="1" coveredstatements="1" conditionals="0" coveredconditionals="0" methods="0" coveredmethods="0"/>
        <line num="5" count="32" type="stmt"/>
      </file>
      <file name="LoginUserDTO.ts" path="/Users/daniel/Desktop/CanAgenda/PawnPlanner/backend/application/auth/dto/LoginUserDTO.ts">
        <metrics statements="3" coveredstatements="3" conditionals="0" coveredconditionals="0" methods="1" coveredmethods="1"/>
        <line num="5" count="8" type="stmt"/>
        <line num="7" count="32" type="stmt"/>
        <line num="13" count="32" type="stmt"/>
      </file>
      <file name="RefreshTokenDTO.ts" path="/Users/daniel/Desktop/CanAgenda/PawnPlanner/backend/application/auth/dto/RefreshTokenDTO.ts">
        <metrics statements="1" coveredstatements="1" conditionals="0" coveredconditionals="0" methods="0" coveredmethods="0"/>
        <line num="5" count="32" type="stmt"/>
      </file>
      <file name="ResetPasswordDTO.ts" path="/Users/daniel/Desktop/CanAgenda/PawnPlanner/backend/application/auth/dto/ResetPasswordDTO.ts">
        <metrics statements="2" coveredstatements="2" conditionals="0" coveredconditionals="0" methods="0" coveredmethods="0"/>
        <line num="6" count="32" type="stmt"/>
        <line num="14" count="32" type="stmt"/>
      </file>
    </package>
    <package name="backend.application.auth.services">
      <metrics statements="66" coveredstatements="66" conditionals="26" coveredconditionals="26" methods="12" coveredmethods="12"/>
      <file name="ChangePasswordService.ts" path="/Users/daniel/Desktop/CanAgenda/PawnPlanner/backend/application/auth/services/ChangePasswordService.ts">
        <metrics statements="10" coveredstatements="10" conditionals="4" coveredconditionals="4" methods="2" coveredmethods="2"/>
        <line num="8" count="33" type="stmt"/>
        <line num="9" count="6" type="stmt"/>
        <line num="12" count="6" type="stmt"/>
        <line num="13" count="6" type="cond" truecount="2" falsecount="0"/>
        <line num="14" count="1" type="stmt"/>
        <line num="17" count="5" type="stmt"/>
        <line num="18" count="5" type="cond" truecount="2" falsecount="0"/>
        <line num="19" count="2" type="stmt"/>
        <line num="22" count="3" type="stmt"/>
        <line num="23" count="3" type="stmt"/>
      </file>
      <file name="ForgotPasswordService.ts" path="/Users/daniel/Desktop/CanAgenda/PawnPlanner/backend/application/auth/services/ForgotPasswordService.ts">
        <metrics statements="8" coveredstatements="8" conditionals="2" coveredconditionals="2" methods="2" coveredmethods="2"/>
        <line num="9" count="33" type="stmt"/>
        <line num="10" count="8" type="stmt"/>
        <line num="13" count="8" type="stmt"/>
        <line num="14" count="8" type="stmt"/>
        <line num="16" count="7" type="cond" truecount="2" falsecount="0"/>
        <line num="17" count="2" type="stmt"/>
        <line num="21" count="5" type="stmt"/>
        <line num="24" count="5" type="stmt"/>
      </file>
      <file name="LoginUserService.ts" path="/Users/daniel/Desktop/CanAgenda/PawnPlanner/backend/application/auth/services/LoginUserService.ts">
        <metrics statements="9" coveredstatements="9" conditionals="4" coveredconditionals="4" methods="2" coveredmethods="2"/>
        <line num="10" count="33" type="stmt"/>
        <line num="11" count="14" type="stmt"/>
        <line num="16" count="14" type="stmt"/>
        <line num="17" count="13" type="cond" truecount="2" falsecount="0"/>
        <line num="19" count="10" type="stmt"/>
        <line num="20" count="10" type="cond" truecount="2" falsecount="0"/>
        <line num="22" count="7" type="stmt"/>
        <line num="23" count="7" type="stmt"/>
        <line num="25" count="7" type="stmt"/>
      </file>
      <file name="RefreshTokenService.ts" path="/Users/daniel/Desktop/CanAgenda/PawnPlanner/backend/application/auth/services/RefreshTokenService.ts">
        <metrics statements="9" coveredstatements="9" conditionals="6" coveredconditionals="6" methods="2" coveredmethods="2"/>
        <line num="9" count="33" type="stmt"/>
        <line num="10" count="9" type="stmt"/>
        <line num="15" count="9" type="stmt"/>
        <line num="16" count="9" type="cond" truecount="4" falsecount="0"/>
        <line num="18" count="4" type="stmt"/>
        <line num="19" count="3" type="cond" truecount="2" falsecount="0"/>
        <line num="21" count="2" type="stmt"/>
        <line num="22" count="2" type="stmt"/>
        <line num="24" count="2" type="stmt"/>
      </file>
      <file name="RegisterUserService.ts" path="/Users/daniel/Desktop/CanAgenda/PawnPlanner/backend/application/auth/services/RegisterUserService.ts">
        <metrics statements="16" coveredstatements="16" conditionals="2" coveredconditionals="2" methods="2" coveredmethods="2"/>
        <line num="10" count="33" type="stmt"/>
        <line num="11" count="126" type="stmt"/>
        <line num="16" count="126" type="stmt"/>
        <line num="17" count="126" type="cond" truecount="2" falsecount="0"/>
        <line num="18" count="2" type="stmt"/>
        <line num="21" count="124" type="stmt"/>
        <line num="23" count="124" type="stmt"/>
        <line num="24" count="124" type="stmt"/>
        <line num="25" count="124" type="stmt"/>
        <line num="26" count="124" type="stmt"/>
        <line num="27" count="126" type="stmt"/>
        <line num="28" count="126" type="stmt"/>
        <line num="30" count="126" type="stmt"/>
        <line num="32" count="123" type="stmt"/>
        <line num="33" count="123" type="stmt"/>
        <line num="35" count="123" type="stmt"/>
      </file>
      <file name="ResetPasswordService.ts" path="/Users/daniel/Desktop/CanAgenda/PawnPlanner/backend/application/auth/services/ResetPasswordService.ts">
        <metrics statements="14" coveredstatements="14" conditionals="8" coveredconditionals="8" methods="2" coveredmethods="2"/>
        <line num="11" count="33" type="stmt"/>
        <line num="12" count="9" type="stmt"/>
        <line num="15" count="9" type="stmt"/>
        <line num="16" count="9" type="cond" truecount="4" falsecount="0"/>
        <line num="17" count="4" type="stmt"/>
        <line num="20" count="5" type="stmt"/>
        <line num="21" count="5" type="cond" truecount="2" falsecount="0"/>
        <line num="22" count="1" type="stmt"/>
        <line num="25" count="4" type="stmt"/>
        <line num="26" count="3" type="cond" truecount="2" falsecount="0"/>
        <line num="27" count="1" type="stmt"/>
        <line num="31" count="2" type="stmt"/>
        <line num="32" count="2" type="stmt"/>
        <line num="34" count="2" type="stmt"/>
      </file>
    </package>
    <package name="backend.application.breeds.dto">
      <metrics statements="5" coveredstatements="5" conditionals="0" coveredconditionals="0" methods="0" coveredmethods="0"/>
      <file name="CreateBreedDTO.ts" path="/Users/daniel/Desktop/CanAgenda/PawnPlanner/backend/application/breeds/dto/CreateBreedDTO.ts">
        <metrics statements="2" coveredstatements="2" conditionals="0" coveredconditionals="0" methods="0" coveredmethods="0"/>
        <line num="6" count="32" type="stmt"/>
        <line num="10" count="32" type="stmt"/>
      </file>
      <file name="UpdateBreedDTO.ts" path="/Users/daniel/Desktop/CanAgenda/PawnPlanner/backend/application/breeds/dto/UpdateBreedDTO.ts">
        <metrics statements="3" coveredstatements="3" conditionals="0" coveredconditionals="0" methods="0" coveredmethods="0"/>
        <line num="5" count="32" type="stmt"/>
        <line num="9" count="32" type="stmt"/>
        <line num="13" count="32" type="stmt"/>
      </file>
    </package>
    <package name="backend.application.breeds.mappers">
      <metrics statements="1" coveredstatements="1" conditionals="0" coveredconditionals="0" methods="1" coveredmethods="1"/>
      <file name="BreedMapper.ts" path="/Users/daniel/Desktop/CanAgenda/PawnPlanner/backend/application/breeds/mappers/BreedMapper.ts">
        <metrics statements="1" coveredstatements="1" conditionals="0" coveredconditionals="0" methods="1" coveredmethods="1"/>
        <line num="7" count="27" type="stmt"/>
      </file>
    </package>
    <package name="backend.application.breeds.services">
      <metrics statements="45" coveredstatements="45" conditionals="12" coveredconditionals="11" methods="14" coveredmethods="14"/>
      <file name="CreateBreedService.ts" path="/Users/daniel/Desktop/CanAgenda/PawnPlanner/backend/application/breeds/services/CreateBreedService.ts">
        <metrics statements="15" coveredstatements="15" conditionals="4" coveredconditionals="4" methods="2" coveredmethods="2"/>
        <line num="12" count="33" type="stmt"/>
        <line num="14" count="20" type="stmt"/>
        <line num="15" count="20" type="stmt"/>
        <line num="19" count="20" type="stmt"/>
        <line num="20" count="20" type="cond" truecount="2" falsecount="0"/>
        <line num="22" count="18" type="stmt"/>
        <line num="24" count="18" type="stmt"/>
        <line num="26" count="18" type="cond" truecount="2" falsecount="0"/>
        <line num="27" count="2" type="stmt"/>
        <line num="30" count="16" type="stmt"/>
        <line num="31" count="16" type="stmt"/>
        <line num="32" count="16" type="stmt"/>
        <line num="33" count="16" type="stmt"/>
        <line num="35" count="16" type="stmt"/>
        <line num="36" count="16" type="stmt"/>
      </file>
      <file name="DeleteBreedService.ts" path="/Users/daniel/Desktop/CanAgenda/PawnPlanner/backend/application/breeds/services/DeleteBreedService.ts">
        <metrics statements="5" coveredstatements="5" conditionals="2" coveredconditionals="2" methods="2" coveredmethods="2"/>
        <line num="6" count="33" type="stmt"/>
        <line num="7" count="4" type="stmt"/>
        <line num="10" count="4" type="stmt"/>
        <line num="11" count="4" type="cond" truecount="2" falsecount="0"/>
        <line num="12" count="2" type="stmt"/>
      </file>
      <file name="GetAllBreedsService.ts" path="/Users/daniel/Desktop/CanAgenda/PawnPlanner/backend/application/breeds/services/GetAllBreedsService.ts">
        <metrics statements="4" coveredstatements="4" conditionals="0" coveredconditionals="0" methods="2" coveredmethods="2"/>
        <line num="7" count="33" type="stmt"/>
        <line num="8" count="3" type="stmt"/>
        <line num="11" count="3" type="stmt"/>
        <line num="12" count="3" type="stmt"/>
      </file>
      <file name="GetBreedByIdService.ts" path="/Users/daniel/Desktop/CanAgenda/PawnPlanner/backend/application/breeds/services/GetBreedByIdService.ts">
        <metrics statements="5" coveredstatements="5" conditionals="2" coveredconditionals="2" methods="2" coveredmethods="2"/>
        <line num="8" count="33" type="stmt"/>
        <line num="9" count="4" type="stmt"/>
        <line num="12" count="4" type="stmt"/>
        <line num="13" count="4" type="cond" truecount="2" falsecount="0"/>
        <line num="14" count="2" type="stmt"/>
      </file>
      <file name="GetBreedByNameService.ts" path="/Users/daniel/Desktop/CanAgenda/PawnPlanner/backend/application/breeds/services/GetBreedByNameService.ts">
        <metrics statements="4" coveredstatements="4" conditionals="0" coveredconditionals="0" methods="2" coveredmethods="2"/>
        <line num="7" count="33" type="stmt"/>
        <line num="8" count="1" type="stmt"/>
        <line num="11" count="1" type="stmt"/>
        <line num="12" count="1" type="stmt"/>
      </file>
      <file name="GetBreedsByAnimalService.ts" path="/Users/daniel/Desktop/CanAgenda/PawnPlanner/backend/application/breeds/services/GetBreedsByAnimalService.ts">
        <metrics statements="4" coveredstatements="4" conditionals="0" coveredconditionals="0" methods="2" coveredmethods="2"/>
        <line num="7" count="33" type="stmt"/>
        <line num="8" count="3" type="stmt"/>
        <line num="11" count="3" type="stmt"/>
        <line num="12" count="3" type="stmt"/>
      </file>
      <file name="UpdateBreedService.ts" path="/Users/daniel/Desktop/CanAgenda/PawnPlanner/backend/application/breeds/services/UpdateBreedService.ts">
        <metrics statements="8" coveredstatements="8" conditionals="4" coveredconditionals="3" methods="2" coveredmethods="2"/>
        <line num="8" count="33" type="stmt"/>
        <line num="9" count="4" type="stmt"/>
        <line num="17" count="4" type="cond" truecount="1" falsecount="1"/>
        <line num="18" count="4" type="stmt"/>
        <line num="22" count="4" type="stmt"/>
        <line num="24" count="4" type="cond" truecount="2" falsecount="0"/>
        <line num="25" count="2" type="stmt"/>
        <line num="28" count="2" type="stmt"/>
      </file>
    </package>
    <package name="backend.application.owners.dto">
      <metrics statements="6" coveredstatements="6" conditionals="0" coveredconditionals="0" methods="0" coveredmethods="0"/>
      <file name="CreateOwnerDTO.ts" path="/Users/daniel/Desktop/CanAgenda/PawnPlanner/backend/application/owners/dto/CreateOwnerDTO.ts">
        <metrics statements="3" coveredstatements="3" conditionals="0" coveredconditionals="0" methods="0" coveredmethods="0"/>
        <line num="6" count="32" type="stmt"/>
        <line num="12" count="32" type="stmt"/>
        <line num="15" count="32" type="stmt"/>
      </file>
      <file name="UpdateOwnerDTO.ts" path="/Users/daniel/Desktop/CanAgenda/PawnPlanner/backend/application/owners/dto/UpdateOwnerDTO.ts">
        <metrics statements="3" coveredstatements="3" conditionals="0" coveredconditionals="0" methods="0" coveredmethods="0"/>
        <line num="7" count="32" type="stmt"/>
        <line num="13" count="32" type="stmt"/>
        <line num="17" count="32" type="stmt"/>
      </file>
    </package>
    <package name="backend.application.owners.mappers">
      <metrics statements="3" coveredstatements="3" conditionals="2" coveredconditionals="2" methods="4" coveredmethods="4"/>
      <file name="OwnerMapper.ts" path="/Users/daniel/Desktop/CanAgenda/PawnPlanner/backend/application/owners/mappers/OwnerMapper.ts">
        <metrics statements="3" coveredstatements="3" conditionals="2" coveredconditionals="2" methods="4" coveredmethods="4"/>
        <line num="7" count="89" type="stmt"/>
        <line num="13" count="14" type="stmt"/>
        <line num="22" count="20" type="stmt"/>
      </file>
    </package>
    <package name="backend.application.owners.services">
      <metrics statements="59" coveredstatements="58" conditionals="26" coveredconditionals="23" methods="14" coveredmethods="14"/>
      <file name="CreateOwnerService.ts" path="/Users/daniel/Desktop/CanAgenda/PawnPlanner/backend/application/owners/services/CreateOwnerService.ts">
        <metrics statements="15" coveredstatements="15" conditionals="4" coveredconditionals="4" methods="2" coveredmethods="2"/>
        <line num="10" count="33" type="stmt"/>
        <line num="11" count="53" type="stmt"/>
        <line num="15" count="58" type="stmt"/>
        <line num="16" count="58" type="cond" truecount="2" falsecount="0"/>
        <line num="17" count="4" type="stmt"/>
        <line num="21" count="54" type="stmt"/>
        <line num="22" count="54" type="cond" truecount="2" falsecount="0"/>
        <line num="23" count="2" type="stmt"/>
        <line num="27" count="52" type="stmt"/>
        <line num="28" count="52" type="stmt"/>
        <line num="29" count="52" type="stmt"/>
        <line num="30" count="52" type="stmt"/>
        <line num="31" count="52" type="stmt"/>
        <line num="33" count="52" type="stmt"/>
        <line num="34" count="52" type="stmt"/>
      </file>
      <file name="DeleteOwnerService.ts" path="/Users/daniel/Desktop/CanAgenda/PawnPlanner/backend/application/owners/services/DeleteOwnerService.ts">
        <metrics statements="5" coveredstatements="5" conditionals="2" coveredconditionals="2" methods="2" coveredmethods="2"/>
        <line num="6" count="33" type="stmt"/>
        <line num="7" count="5" type="stmt"/>
        <line num="10" count="6" type="stmt"/>
        <line num="12" count="6" type="cond" truecount="2" falsecount="0"/>
        <line num="13" count="3" type="stmt"/>
      </file>
      <file name="GetAllOwnersService.ts" path="/Users/daniel/Desktop/CanAgenda/PawnPlanner/backend/application/owners/services/GetAllOwnersService.ts">
        <metrics statements="4" coveredstatements="4" conditionals="0" coveredconditionals="0" methods="2" coveredmethods="2"/>
        <line num="8" count="33" type="stmt"/>
        <line num="9" count="9" type="stmt"/>
        <line num="12" count="10" type="stmt"/>
        <line num="13" count="10" type="stmt"/>
      </file>
      <file name="GetOwnerByEmailService.ts" path="/Users/daniel/Desktop/CanAgenda/PawnPlanner/backend/application/owners/services/GetOwnerByEmailService.ts">
        <metrics statements="6" coveredstatements="6" conditionals="2" coveredconditionals="2" methods="2" coveredmethods="2"/>
        <line num="8" count="33" type="stmt"/>
        <line num="9" count="8" type="stmt"/>
        <line num="12" count="9" type="stmt"/>
        <line num="14" count="9" type="cond" truecount="2" falsecount="0"/>
        <line num="15" count="2" type="stmt"/>
        <line num="18" count="7" type="stmt"/>
      </file>
      <file name="GetOwnerByIdService.ts" path="/Users/daniel/Desktop/CanAgenda/PawnPlanner/backend/application/owners/services/GetOwnerByIdService.ts">
        <metrics statements="6" coveredstatements="6" conditionals="2" coveredconditionals="2" methods="2" coveredmethods="2"/>
        <line num="8" count="33" type="stmt"/>
        <line num="9" count="10" type="stmt"/>
        <line num="12" count="11" type="stmt"/>
        <line num="14" count="11" type="cond" truecount="2" falsecount="0"/>
        <line num="15" count="4" type="stmt"/>
        <line num="18" count="7" type="stmt"/>
      </file>
      <file name="GetOwnerByNameService.ts" path="/Users/daniel/Desktop/CanAgenda/PawnPlanner/backend/application/owners/services/GetOwnerByNameService.ts">
        <metrics statements="4" coveredstatements="4" conditionals="0" coveredconditionals="0" methods="2" coveredmethods="2"/>
        <line num="8" count="33" type="stmt"/>
        <line num="9" count="9" type="stmt"/>
        <line num="12" count="10" type="stmt"/>
        <line num="13" count="10" type="stmt"/>
      </file>
      <file name="UpdateOwnerService.ts" path="/Users/daniel/Desktop/CanAgenda/PawnPlanner/backend/application/owners/services/UpdateOwnerService.ts">
        <metrics statements="19" coveredstatements="18" conditionals="16" coveredconditionals="13" methods="2" coveredmethods="2"/>
        <line num="10" count="33" type="stmt"/>
        <line num="11" count="5" type="stmt"/>
        <line num="14" count="8" type="stmt"/>
        <line num="15" count="8" type="cond" truecount="2" falsecount="0"/>
        <line num="16" count="2" type="stmt"/>
        <line num="19" count="6" type="cond" truecount="2" falsecount="0"/>
        <line num="20" count="2" type="stmt"/>
        <line num="21" count="2" type="cond" truecount="3" falsecount="1"/>
        <line num="22" count="2" type="stmt"/>
        <line num="24" count="0" type="stmt"/>
        <line num="27" count="4" type="cond" truecount="1" falsecount="1"/>
        <line num="28" count="4" type="stmt"/>
        <line num="29" count="4" type="cond" truecount="4" falsecount="0"/>
        <line num="30" count="2" type="stmt"/>
        <line num="32" count="2" type="stmt"/>
        <line num="35" count="2" type="cond" truecount="1" falsecount="1"/>
        <line num="36" count="2" type="stmt"/>
        <line num="39" count="2" type="stmt"/>
        <line num="40" count="2" type="stmt"/>
      </file>
    </package>
    <package name="backend.application.pets.dto">
      <metrics statements="22" coveredstatements="22" conditionals="0" coveredconditionals="0" methods="5" coveredmethods="5"/>
      <file name="CreatePetDTO.ts" path="/Users/daniel/Desktop/CanAgenda/PawnPlanner/backend/application/pets/dto/CreatePetDTO.ts">
        <metrics statements="18" coveredstatements="18" conditionals="0" coveredconditionals="0" methods="5" coveredmethods="5"/>
        <line num="15" count="32" type="stmt"/>
        <line num="18" count="32" type="stmt"/>
        <line num="22" count="32" type="stmt"/>
        <line num="28" count="32" type="stmt"/>
        <line num="30" count="15" type="stmt"/>
        <line num="32" count="32" type="stmt"/>
        <line num="38" count="32" type="stmt"/>
        <line num="42" count="32" type="stmt"/>
        <line num="45" count="20" type="stmt"/>
        <line num="47" count="32" type="stmt"/>
        <line num="50" count="8" type="stmt"/>
        <line num="52" count="32" type="stmt"/>
        <line num="56" count="3" type="stmt"/>
        <line num="57" count="32" type="stmt"/>
        <line num="61" count="15" type="stmt"/>
        <line num="62" count="32" type="stmt"/>
        <line num="67" count="32" type="stmt"/>
        <line num="72" count="32" type="stmt"/>
      </file>
      <file name="UpdatePetDTO.ts" path="/Users/daniel/Desktop/CanAgenda/PawnPlanner/backend/application/pets/dto/UpdatePetDTO.ts">
        <metrics statements="4" coveredstatements="4" conditionals="0" coveredconditionals="0" methods="0" coveredmethods="0"/>
        <line num="7" count="32" type="stmt"/>
        <line num="11" count="32" type="stmt"/>
        <line num="16" count="32" type="stmt"/>
        <line num="21" count="32" type="stmt"/>
      </file>
    </package>
    <package name="backend.application.pets.mappers">
      <metrics statements="2" coveredstatements="2" conditionals="10" coveredconditionals="5" methods="1" coveredmethods="1"/>
      <file name="PetMapper.ts" path="/Users/daniel/Desktop/CanAgenda/PawnPlanner/backend/application/pets/mappers/PetMapper.ts">
        <metrics statements="2" coveredstatements="2" conditionals="10" coveredconditionals="5" methods="1" coveredmethods="1"/>
        <line num="7" count="21" type="stmt"/>
        <line num="9" count="21" type="stmt"/>
      </file>
    </package>
    <package name="backend.application.pets.services">
      <metrics statements="75" coveredstatements="54" conditionals="30" coveredconditionals="17" methods="16" coveredmethods="8"/>
      <file name="CreatePetService.ts" path="/Users/daniel/Desktop/CanAgenda/PawnPlanner/backend/application/pets/services/CreatePetService.ts">
        <metrics statements="42" coveredstatements="42" conditionals="16" coveredconditionals="15" methods="4" coveredmethods="4"/>
        <line num="16" count="32" type="stmt"/>
        <line num="18" count="23" type="stmt"/>
        <line num="19" count="23" type="stmt"/>
        <line num="20" count="23" type="stmt"/>
        <line num="21" count="23" type="stmt"/>
        <line num="26" count="23" type="stmt"/>
        <line num="29" count="21" type="stmt"/>
        <line num="32" count="18" type="stmt"/>
        <line num="33" count="18" type="stmt"/>
        <line num="34" count="18" type="cond" truecount="1" falsecount="1"/>
        <line num="35" count="23" type="stmt"/>
        <line num="36" count="23" type="stmt"/>
        <line num="37" count="23" type="stmt"/>
        <line num="38" count="23" type="stmt"/>
        <line num="39" count="23" type="stmt"/>
        <line num="41" count="23" type="stmt"/>
        <line num="42" count="18" type="stmt"/>
        <line num="46" count="23" type="cond" truecount="2" falsecount="0"/>
        <line num="47" count="20" type="stmt"/>
        <line num="48" count="20" type="cond" truecount="2" falsecount="0"/>
        <line num="49" count="19" type="stmt"/>
        <line num="52" count="3" type="cond" truecount="2" falsecount="0"/>
        <line num="53" count="2" type="stmt"/>
        <line num="54" count="2" type="stmt"/>
        <line num="55" count="2" type="stmt"/>
        <line num="56" count="2" type="stmt"/>
        <line num="57" count="2" type="stmt"/>
        <line num="58" count="2" type="stmt"/>
        <line num="61" count="1" type="stmt"/>
        <line num="65" count="21" type="cond" truecount="2" falsecount="0"/>
        <line num="66" count="6" type="stmt"/>
        <line num="67" count="6" type="cond" truecount="2" falsecount="0"/>
        <line num="68" count="5" type="stmt"/>
        <line num="71" count="15" type="cond" truecount="2" falsecount="0"/>
        <line num="72" count="14" type="stmt"/>
        <line num="73" count="14" type="stmt"/>
        <line num="74" count="14" type="stmt"/>
        <line num="76" count="14" type="stmt"/>
        <line num="77" count="14" type="cond" truecount="2" falsecount="0"/>
        <line num="79" count="13" type="stmt"/>
        <line num="80" count="13" type="stmt"/>
        <line num="83" count="1" type="stmt"/>
      </file>
      <file name="DeletePetService.ts" path="/Users/daniel/Desktop/CanAgenda/PawnPlanner/backend/application/pets/services/DeletePetService.ts">
        <metrics statements="6" coveredstatements="1" conditionals="2" coveredconditionals="0" methods="2" coveredmethods="0"/>
        <line num="6" count="32" type="stmt"/>
        <line num="7" count="0" type="stmt"/>
        <line num="10" count="0" type="stmt"/>
        <line num="11" count="0" type="cond" truecount="0" falsecount="2"/>
        <line num="12" count="0" type="stmt"/>
        <line num="15" count="0" type="stmt"/>
      </file>
      <file name="GetAllPetsService.ts" path="/Users/daniel/Desktop/CanAgenda/PawnPlanner/backend/application/pets/services/GetAllPetsService.ts">
        <metrics statements="4" coveredstatements="4" conditionals="0" coveredconditionals="0" methods="2" coveredmethods="2"/>
        <line num="7" count="32" type="stmt"/>
        <line num="8" count="2" type="stmt"/>
        <line num="11" count="2" type="stmt"/>
        <line num="12" count="2" type="stmt"/>
      </file>
      <file name="GetPetByBreedService.ts" path="/Users/daniel/Desktop/CanAgenda/PawnPlanner/backend/application/pets/services/GetPetByBreedService.ts">
        <metrics statements="4" coveredstatements="1" conditionals="0" coveredconditionals="0" methods="2" coveredmethods="0"/>
        <line num="7" count="32" type="stmt"/>
        <line num="8" count="0" type="stmt"/>
        <line num="11" count="0" type="stmt"/>
        <line num="12" count="0" type="stmt"/>
      </file>
      <file name="GetPetByIdService.ts" path="/Users/daniel/Desktop/CanAgenda/PawnPlanner/backend/application/pets/services/GetPetByIdService.ts">
        <metrics statements="4" coveredstatements="4" conditionals="2" coveredconditionals="2" methods="2" coveredmethods="2"/>
        <line num="7" count="32" type="stmt"/>
        <line num="8" count="2" type="stmt"/>
        <line num="11" count="2" type="stmt"/>
        <line num="12" count="2" type="cond" truecount="2" falsecount="0"/>
      </file>
      <file name="GetPetByNameService.ts" path="/Users/daniel/Desktop/CanAgenda/PawnPlanner/backend/application/pets/services/GetPetByNameService.ts">
        <metrics statements="4" coveredstatements="1" conditionals="0" coveredconditionals="0" methods="2" coveredmethods="0"/>
        <line num="7" count="32" type="stmt"/>
        <line num="8" count="0" type="stmt"/>
        <line num="11" count="0" type="stmt"/>
        <line num="12" count="0" type="stmt"/>
      </file>
      <file name="UpdatePetService.ts" path="/Users/daniel/Desktop/CanAgenda/PawnPlanner/backend/application/pets/services/UpdatePetService.ts">
        <metrics statements="11" coveredstatements="1" conditionals="10" coveredconditionals="0" methods="2" coveredmethods="0"/>
        <line num="10" count="32" type="stmt"/>
        <line num="11" count="0" type="stmt"/>
        <line num="14" count="0" type="stmt"/>
        <line num="15" count="0" type="cond" truecount="0" falsecount="2"/>
        <line num="16" count="0" type="stmt"/>
        <line num="19" count="0" type="cond" truecount="0" falsecount="2"/>
        <line num="20" count="0" type="cond" truecount="0" falsecount="2"/>
        <line num="21" count="0" type="cond" truecount="0" falsecount="2"/>
        <line num="22" count="0" type="cond" truecount="0" falsecount="2"/>
        <line num="24" count="0" type="stmt"/>
        <line num="25" count="0" type="stmt"/>
      </file>
    </package>
    <package name="backend.application.users.dto">
      <metrics statements="3" coveredstatements="3" conditionals="0" coveredconditionals="0" methods="0" coveredmethods="0"/>
      <file name="UpdateUserDTO.ts" path="/Users/daniel/Desktop/CanAgenda/PawnPlanner/backend/application/users/dto/UpdateUserDTO.ts">
        <metrics statements="3" coveredstatements="3" conditionals="0" coveredconditionals="0" methods="0" coveredmethods="0"/>
        <line num="6" count="32" type="stmt"/>
        <line num="10" count="32" type="stmt"/>
        <line num="14" count="32" type="stmt"/>
      </file>
    </package>
    <package name="backend.application.users.mappers">
      <metrics statements="1" coveredstatements="1" conditionals="2" coveredconditionals="1" methods="1" coveredmethods="1"/>
      <file name="UserMapper.ts" path="/Users/daniel/Desktop/CanAgenda/PawnPlanner/backend/application/users/mappers/UserMapper.ts">
        <metrics statements="1" coveredstatements="1" conditionals="2" coveredconditionals="1" methods="1" coveredmethods="1"/>
        <line num="7" count="130" type="stmt"/>
      </file>
    </package>
    <package name="backend.application.users.services">
      <metrics statements="24" coveredstatements="23" conditionals="14" coveredconditionals="12" methods="6" coveredmethods="6"/>
      <file name="DeleteUserService.ts" path="/Users/daniel/Desktop/CanAgenda/PawnPlanner/backend/application/users/services/DeleteUserService.ts">
        <metrics statements="5" coveredstatements="5" conditionals="2" coveredconditionals="2" methods="2" coveredmethods="2"/>
        <line num="6" count="33" type="stmt"/>
        <line num="7" count="4" type="stmt"/>
        <line num="10" count="4" type="stmt"/>
        <line num="12" count="3" type="cond" truecount="2" falsecount="0"/>
        <line num="13" count="1" type="stmt"/>
      </file>
      <file name="GetUserByIdService.ts" path="/Users/daniel/Desktop/CanAgenda/PawnPlanner/backend/application/users/services/GetUserByIdService.ts">
        <metrics statements="6" coveredstatements="6" conditionals="2" coveredconditionals="2" methods="2" coveredmethods="2"/>
        <line num="7" count="33" type="stmt"/>
        <line num="8" count="4" type="stmt"/>
        <line num="11" count="4" type="stmt"/>
        <line num="13" count="4" type="cond" truecount="2" falsecount="0"/>
        <line num="14" count="2" type="stmt"/>
        <line num="17" count="2" type="stmt"/>
      </file>
      <file name="UpdateUserService.ts" path="/Users/daniel/Desktop/CanAgenda/PawnPlanner/backend/application/users/services/UpdateUserService.ts">
        <metrics statements="13" coveredstatements="12" conditionals="10" coveredconditionals="8" methods="2" coveredmethods="2"/>
        <line num="9" count="33" type="stmt"/>
        <line num="10" count="5" type="stmt"/>
        <line num="13" count="5" type="stmt"/>
        <line num="14" count="5" type="cond" truecount="2" falsecount="0"/>
        <line num="15" count="1" type="stmt"/>
        <line num="18" count="4" type="cond" truecount="2" falsecount="0"/>
        <line num="19" count="1" type="stmt"/>
        <line num="20" count="1" type="cond" truecount="3" falsecount="1"/>
        <line num="21" count="1" type="stmt"/>
        <line num="25" count="3" type="stmt"/>
        <line num="26" count="2" type="cond" truecount="1" falsecount="1"/>
        <line num="27" count="0" type="stmt"/>
        <line num="30" count="2" type="stmt"/>
      </file>
    </package>
    <package name="backend.core.animals.domain">
      <metrics statements="11" coveredstatements="11" conditionals="2" coveredconditionals="1" methods="5" coveredmethods="5"/>
      <file name="Animal.ts" path="/Users/daniel/Desktop/CanAgenda/PawnPlanner/backend/core/animals/domain/Animal.ts">
        <metrics statements="11" coveredstatements="11" conditionals="2" coveredconditionals="1" methods="5" coveredmethods="5"/>
        <line num="15" count="62" type="stmt"/>
        <line num="17" count="62" type="stmt"/>
        <line num="20" count="62" type="stmt"/>
        <line num="23" count="62" type="stmt"/>
        <line num="25" count="223" type="stmt"/>
        <line num="27" count="62" type="stmt"/>
        <line num="29" count="223" type="stmt"/>
        <line num="30" count="62" type="stmt"/>
        <line num="34" count="62" type="stmt"/>
        <line num="35" count="37" type="cond" truecount="1" falsecount="1"/>
        <line num="36" count="37" type="stmt"/>
      </file>
    </package>
    <package name="backend.core.appointments.domain">
      <metrics statements="11" coveredstatements="11" conditionals="0" coveredconditionals="0" methods="6" coveredmethods="6"/>
      <file name="Appointment.ts" path="/Users/daniel/Desktop/CanAgenda/PawnPlanner/backend/core/appointments/domain/Appointment.ts">
        <metrics statements="11" coveredstatements="11" conditionals="0" coveredconditionals="0" methods="6" coveredmethods="6"/>
        <line num="7" count="62" type="stmt"/>
        <line num="9" count="62" type="stmt"/>
        <line num="12" count="62" type="stmt"/>
        <line num="15" count="62" type="stmt"/>
        <line num="18" count="62" type="stmt"/>
        <line num="20" count="223" type="stmt"/>
        <line num="22" count="62" type="stmt"/>
        <line num="24" count="223" type="stmt"/>
        <line num="25" count="62" type="stmt"/>
        <line num="27" count="223" type="stmt"/>
        <line num="28" count="62" type="stmt"/>
      </file>
    </package>
    <package name="backend.core.breeds.domain">
      <metrics statements="14" coveredstatements="14" conditionals="2" coveredconditionals="1" methods="7" coveredmethods="7"/>
      <file name="Breed.ts" path="/Users/daniel/Desktop/CanAgenda/PawnPlanner/backend/core/breeds/domain/Breed.ts">
        <metrics statements="14" coveredstatements="14" conditionals="2" coveredconditionals="1" methods="7" coveredmethods="7"/>
        <line num="18" count="62" type="stmt"/>
        <line num="20" count="62" type="stmt"/>
        <line num="23" count="62" type="stmt"/>
        <line num="26" count="62" type="stmt"/>
        <line num="29" count="62" type="stmt"/>
        <line num="31" count="223" type="stmt"/>
        <line num="33" count="62" type="stmt"/>
        <line num="35" count="223" type="stmt"/>
        <line num="37" count="62" type="stmt"/>
        <line num="39" count="223" type="stmt"/>
        <line num="40" count="62" type="stmt"/>
        <line num="44" count="62" type="stmt"/>
        <line num="45" count="29" type="cond" truecount="1" falsecount="1"/>
        <line num="46" count="29" type="stmt"/>
      </file>
    </package>
    <package name="backend.core.owners.domain">
      <metrics statements="20" coveredstatements="20" conditionals="4" coveredconditionals="2" methods="7" coveredmethods="7"/>
      <file name="Owner.ts" path="/Users/daniel/Desktop/CanAgenda/PawnPlanner/backend/core/owners/domain/Owner.ts">
        <metrics statements="20" coveredstatements="20" conditionals="4" coveredconditionals="2" methods="7" coveredmethods="7"/>
        <line num="15" count="62" type="stmt"/>
        <line num="17" count="62" type="stmt"/>
        <line num="20" count="62" type="stmt"/>
        <line num="23" count="62" type="stmt"/>
        <line num="26" count="62" type="stmt"/>
        <line num="29" count="62" type="stmt"/>
        <line num="31" count="223" type="stmt"/>
        <line num="32" count="62" type="stmt"/>
        <line num="35" count="62" type="stmt"/>
        <line num="37" count="223" type="stmt"/>
        <line num="39" count="62" type="stmt"/>
        <line num="43" count="62" type="stmt"/>
        <line num="44" count="51" type="cond" truecount="1" falsecount="1"/>
        <line num="45" count="51" type="stmt"/>
        <line num="46" count="51" type="stmt"/>
        <line num="47" count="51" type="stmt"/>
        <line num="50" count="51" type="cond" truecount="1" falsecount="1"/>
        <line num="51" count="51" type="stmt"/>
        <line num="56" count="51" type="stmt"/>
        <line num="64" count="51" type="stmt"/>
      </file>
    </package>
    <package name="backend.core.pets.domain">
      <metrics statements="23" coveredstatements="23" conditionals="2" coveredconditionals="1" methods="9" coveredmethods="9"/>
      <file name="Pet.ts" path="/Users/daniel/Desktop/CanAgenda/PawnPlanner/backend/core/pets/domain/Pet.ts">
        <metrics statements="23" coveredstatements="23" conditionals="2" coveredconditionals="1" methods="9" coveredmethods="9"/>
        <line num="17" count="62" type="stmt"/>
        <line num="19" count="62" type="stmt"/>
        <line num="22" count="62" type="stmt"/>
        <line num="25" count="62" type="stmt"/>
        <line num="28" count="62" type="stmt"/>
        <line num="31" count="62" type="stmt"/>
        <line num="34" count="62" type="stmt"/>
        <line num="37" count="62" type="stmt"/>
        <line num="39" count="223" type="stmt"/>
        <line num="41" count="62" type="stmt"/>
        <line num="44" count="62" type="stmt"/>
        <line num="46" count="223" type="stmt"/>
        <line num="48" count="62" type="stmt"/>
        <line num="51" count="62" type="stmt"/>
        <line num="53" count="223" type="stmt"/>
        <line num="55" count="62" type="stmt"/>
        <line num="57" count="223" type="stmt"/>
        <line num="58" count="62" type="stmt"/>
        <line num="62" count="62" type="stmt"/>
        <line num="63" count="18" type="cond" truecount="1" falsecount="1"/>
        <line num="64" count="18" type="stmt"/>
        <line num="70" count="18" type="stmt"/>
        <line num="71" count="18" type="stmt"/>
      </file>
    </package>
    <package name="backend.core.services.domain">
      <metrics statements="9" coveredstatements="9" conditionals="0" coveredconditionals="0" methods="4" coveredmethods="4"/>
      <file name="Service.ts" path="/Users/daniel/Desktop/CanAgenda/PawnPlanner/backend/core/services/domain/Service.ts">
        <metrics statements="9" coveredstatements="9" conditionals="0" coveredconditionals="0" methods="4" coveredmethods="4"/>
        <line num="6" count="62" type="stmt"/>
        <line num="8" count="62" type="stmt"/>
        <line num="11" count="62" type="stmt"/>
        <line num="14" count="62" type="stmt"/>
        <line num="17" count="62" type="stmt"/>
        <line num="19" count="223" type="stmt"/>
        <line num="21" count="62" type="stmt"/>
        <line num="23" count="223" type="stmt"/>
        <line num="24" count="62" type="stmt"/>
      </file>
    </package>
    <package name="backend.core.users.domain">
      <metrics statements="28" coveredstatements="27" conditionals="8" coveredconditionals="4" methods="13" coveredmethods="13"/>
      <file name="User.ts" path="/Users/daniel/Desktop/CanAgenda/PawnPlanner/backend/core/users/domain/User.ts">
        <metrics statements="28" coveredstatements="27" conditionals="8" coveredconditionals="4" methods="13" coveredmethods="13"/>
        <line num="19" count="62" type="stmt"/>
        <line num="21" count="62" type="stmt"/>
        <line num="24" count="62" type="stmt"/>
        <line num="27" count="62" type="stmt"/>
        <line num="30" count="62" type="stmt"/>
        <line num="33" count="62" type="stmt"/>
        <line num="36" count="62" type="stmt"/>
        <line num="38" count="223" type="stmt"/>
        <line num="39" count="62" type="stmt"/>
        <line num="41" count="223" type="stmt"/>
        <line num="42" count="62" type="stmt"/>
        <line num="44" count="223" type="stmt"/>
        <line num="45" count="62" type="stmt"/>
        <line num="47" count="223" type="stmt"/>
        <line num="48" count="62" type="stmt"/>
        <line num="50" count="223" type="stmt"/>
        <line num="51" count="62" type="stmt"/>
        <line num="53" count="223" type="stmt"/>
        <line num="54" count="62" type="stmt"/>
        <line num="58" count="62" type="stmt"/>
        <line num="59" count="125" type="cond" truecount="1" falsecount="1"/>
        <line num="60" count="125" type="stmt"/>
        <line num="62" count="125" type="cond" truecount="1" falsecount="1"/>
        <line num="63" count="125" type="stmt"/>
        <line num="65" count="125" type="cond" truecount="1" falsecount="1"/>
        <line num="66" count="125" type="stmt"/>
        <line num="68" count="125" type="cond" truecount="1" falsecount="1"/>
        <line num="69" count="0" type="stmt"/>
      </file>
    </package>
    <package name="backend.infrastructure.orm">
      <metrics statements="4" coveredstatements="4" conditionals="2" coveredconditionals="1" methods="0" coveredmethods="0"/>
      <file name="data-source.helper.ts" path="/Users/daniel/Desktop/CanAgenda/PawnPlanner/backend/infrastructure/orm/data-source.helper.ts">
        <metrics statements="1" coveredstatements="1" conditionals="0" coveredconditionals="0" methods="0" coveredmethods="0"/>
        <line num="12" count="62" type="stmt"/>
      </file>
      <file name="data-source.ts" path="/Users/daniel/Desktop/CanAgenda/PawnPlanner/backend/infrastructure/orm/data-source.ts">
        <metrics statements="2" coveredstatements="2" conditionals="0" coveredconditionals="0" methods="0" coveredmethods="0"/>
        <line num="13" count="32" type="stmt"/>
        <line num="14" count="32" type="stmt"/>
      </file>
      <file name="index.ts" path="/Users/daniel/Desktop/CanAgenda/PawnPlanner/backend/infrastructure/orm/index.ts">
        <metrics statements="1" coveredstatements="1" conditionals="2" coveredconditionals="1" methods="0" coveredmethods="0"/>
        <line num="4" count="32" type="cond" truecount="1" falsecount="1"/>
      </file>
    </package>
    <package name="backend.infrastructure.repositories">
      <metrics statements="67" coveredstatements="56" conditionals="20" coveredconditionals="14" methods="40" coveredmethods="34"/>
      <file name="AnimalRepository.ts" path="/Users/daniel/Desktop/CanAgenda/PawnPlanner/backend/infrastructure/repositories/AnimalRepository.ts">
        <metrics statements="12" coveredstatements="12" conditionals="4" coveredconditionals="4" methods="7" coveredmethods="7"/>
        <line num="8" count="32" type="stmt"/>
        <line num="12" count="87" type="stmt"/>
        <line num="16" count="36" type="stmt"/>
        <line num="20" count="2" type="stmt"/>
        <line num="24" count="2" type="cond" truecount="2" falsecount="0"/>
        <line num="26" count="1" type="stmt"/>
        <line num="27" count="1" type="stmt"/>
        <line num="31" count="2" type="stmt"/>
        <line num="32" count="2" type="cond" truecount="2" falsecount="0"/>
        <line num="36" count="2" type="stmt"/>
        <line num="46" count="33" type="stmt"/>
        <line num="56" count="39" type="stmt"/>
      </file>
      <file name="BreedRepository.ts" path="/Users/daniel/Desktop/CanAgenda/PawnPlanner/backend/infrastructure/repositories/BreedRepository.ts">
        <metrics statements="14" coveredstatements="13" conditionals="4" coveredconditionals="4" methods="9" coveredmethods="8"/>
        <line num="8" count="32" type="stmt"/>
        <line num="12" count="50" type="stmt"/>
        <line num="16" count="28" type="stmt"/>
        <line num="20" count="2" type="stmt"/>
        <line num="28" count="2" type="cond" truecount="2" falsecount="0"/>
        <line num="30" count="1" type="stmt"/>
        <line num="31" count="1" type="stmt"/>
        <line num="36" count="2" type="stmt"/>
        <line num="37" count="2" type="cond" truecount="2" falsecount="0"/>
        <line num="41" count="8" type="stmt"/>
        <line num="51" count="0" type="stmt"/>
        <line num="61" count="2" type="stmt"/>
        <line num="71" count="2" type="stmt"/>
        <line num="81" count="16" type="stmt"/>
      </file>
      <file name="OwnerRepository.ts" path="/Users/daniel/Desktop/CanAgenda/PawnPlanner/backend/infrastructure/repositories/OwnerRepository.ts">
        <metrics statements="15" coveredstatements="15" conditionals="4" coveredconditionals="3" methods="9" coveredmethods="9"/>
        <line num="8" count="32" type="stmt"/>
        <line num="12" count="115" type="stmt"/>
        <line num="16" count="50" type="stmt"/>
        <line num="20" count="1" type="stmt"/>
        <line num="24" count="1" type="cond" truecount="1" falsecount="1"/>
        <line num="26" count="1" type="stmt"/>
        <line num="27" count="1" type="stmt"/>
        <line num="31" count="4" type="stmt"/>
        <line num="32" count="4" type="cond" truecount="2" falsecount="0"/>
        <line num="36" count="8" type="stmt"/>
        <line num="43" count="33" type="stmt"/>
        <line num="50" count="8" type="stmt"/>
        <line num="56" count="8" type="stmt"/>
        <line num="66" count="60" type="stmt"/>
        <line num="73" count="51" type="stmt"/>
      </file>
      <file name="PetRepository.ts" path="/Users/daniel/Desktop/CanAgenda/PawnPlanner/backend/infrastructure/repositories/PetRepository.ts">
        <metrics statements="14" coveredstatements="5" conditionals="4" coveredconditionals="0" methods="8" coveredmethods="4"/>
        <line num="8" count="32" type="stmt"/>
        <line num="12" count="27" type="stmt"/>
        <line num="16" count="18" type="stmt"/>
        <line num="20" count="0" type="stmt"/>
        <line num="25" count="0" type="cond" truecount="0" falsecount="2"/>
        <line num="27" count="0" type="stmt"/>
        <line num="28" count="0" type="stmt"/>
        <line num="32" count="2" type="stmt"/>
        <line num="39" count="2" type="stmt"/>
        <line num="46" count="0" type="stmt"/>
        <line num="52" count="0" type="stmt"/>
        <line num="59" count="0" type="stmt"/>
        <line num="66" count="0" type="stmt"/>
        <line num="67" count="0" type="cond" truecount="0" falsecount="2"/>
      </file>
      <file name="UserRepository.ts" path="/Users/daniel/Desktop/CanAgenda/PawnPlanner/backend/infrastructure/repositories/UserRepository.ts">
        <metrics statements="12" coveredstatements="11" conditionals="4" coveredconditionals="3" methods="7" coveredmethods="6"/>
        <line num="8" count="32" type="stmt"/>
        <line num="12" count="149" type="stmt"/>
        <line num="16" count="124" type="stmt"/>
        <line num="20" count="1" type="stmt"/>
        <line num="21" count="1" type="cond" truecount="1" falsecount="1"/>
        <line num="23" count="1" type="stmt"/>
        <line num="24" count="1" type="stmt"/>
        <line num="28" count="6" type="stmt"/>
        <line num="32" count="0" type="stmt"/>
        <line num="36" count="139" type="stmt"/>
        <line num="42" count="1" type="stmt"/>
        <line num="43" count="1" type="cond" truecount="2" falsecount="0"/>
      </file>
    </package>
    <package name="backend.shared.errors">
      <metrics statements="16" coveredstatements="16" conditionals="0" coveredconditionals="0" methods="4" coveredmethods="4"/>
      <file name="BadRequestError.ts" path="/Users/daniel/Desktop/CanAgenda/PawnPlanner/backend/shared/errors/BadRequestError.ts">
        <metrics statements="4" coveredstatements="4" conditionals="0" coveredconditionals="0" methods="1" coveredmethods="1"/>
        <line num="2" count="3" type="stmt"/>
        <line num="5" count="3" type="stmt"/>
        <line num="6" count="3" type="stmt"/>
        <line num="7" count="3" type="stmt"/>
      </file>
      <file name="ConflictError.ts" path="/Users/daniel/Desktop/CanAgenda/PawnPlanner/backend/shared/errors/ConflictError.ts">
        <metrics statements="4" coveredstatements="4" conditionals="0" coveredconditionals="0" methods="1" coveredmethods="1"/>
        <line num="2" count="17" type="stmt"/>
        <line num="5" count="17" type="stmt"/>
        <line num="6" count="17" type="stmt"/>
        <line num="7" count="17" type="stmt"/>
      </file>
      <file name="NotFoundError.ts" path="/Users/daniel/Desktop/CanAgenda/PawnPlanner/backend/shared/errors/NotFoundError.ts">
        <metrics statements="4" coveredstatements="4" conditionals="0" coveredconditionals="0" methods="1" coveredmethods="1"/>
        <line num="2" count="32" type="stmt"/>
        <line num="5" count="32" type="stmt"/>
        <line num="6" count="32" type="stmt"/>
        <line num="7" count="32" type="stmt"/>
      </file>
      <file name="UnauthorizedError.ts" path="/Users/daniel/Desktop/CanAgenda/PawnPlanner/backend/shared/errors/UnauthorizedError.ts">
        <metrics statements="4" coveredstatements="4" conditionals="0" coveredconditionals="0" methods="1" coveredmethods="1"/>
        <line num="2" count="22" type="stmt"/>
        <line num="5" count="22" type="stmt"/>
        <line num="6" count="22" type="stmt"/>
        <line num="7" count="22" type="stmt"/>
      </file>
    </package>
    <package name="backend.shared.utils">
      <metrics statements="20" coveredstatements="17" conditionals="10" coveredconditionals="9" methods="10" coveredmethods="10"/>
      <file name="PasswordService.ts" path="/Users/daniel/Desktop/CanAgenda/PawnPlanner/backend/shared/utils/PasswordService.ts">
        <metrics statements="2" coveredstatements="2" conditionals="0" coveredconditionals="0" methods="2" coveredmethods="2"/>
        <line num="5" count="136" type="stmt"/>
        <line num="9" count="21" type="stmt"/>
      </file>
      <file name="TokenService.ts" path="/Users/daniel/Desktop/CanAgenda/PawnPlanner/backend/shared/utils/TokenService.ts">
        <metrics statements="15" coveredstatements="12" conditionals="6" coveredconditionals="6" methods="6" coveredmethods="6"/>
        <line num="4" count="37" type="cond" truecount="2" falsecount="0"/>
        <line num="5" count="37" type="cond" truecount="2" falsecount="0"/>
        <line num="6" count="37" type="cond" truecount="2" falsecount="0"/>
        <line num="9" count="133" type="stmt"/>
        <line num="13" count="135" type="stmt"/>
        <line num="17" count="8" type="stmt"/>
        <line num="21" count="0" type="stmt"/>
        <line num="22" count="0" type="stmt"/>
        <line num="24" count="0" type="stmt"/>
        <line num="29" count="9" type="stmt"/>
        <line num="30" count="9" type="stmt"/>
        <line num="32" count="5" type="stmt"/>
        <line num="37" count="10" type="stmt"/>
        <line num="38" count="10" type="stmt"/>
        <line num="40" count="4" type="stmt"/>
      </file>
      <file name="stringUtils.ts" path="/Users/daniel/Desktop/CanAgenda/PawnPlanner/backend/shared/utils/stringUtils.ts">
        <metrics statements="3" coveredstatements="3" conditionals="4" coveredconditionals="3" methods="2" coveredmethods="2"/>
        <line num="2" count="525" type="cond" truecount="2" falsecount="0"/>
        <line num="3" count="524" type="stmt"/>
        <line num="6" count="531" type="cond" truecount="1" falsecount="1"/>
      </file>
    </package>
  </project>
</coverage>
