{"/Users/daniel/Desktop/CanAgenda/PawnPlanner/backend/container.ts": {"path":"/Users/daniel/Desktop/CanAgenda/PawnPlanner/backend/container.ts","statementMap":{"0":{"start":{"line":64,"column":0},"end":{"line":64,"column":null}},"1":{"start":{"line":65,"column":0},"end":{"line":65,"column":null}},"2":{"start":{"line":66,"column":0},"end":{"line":66,"column":null}},"3":{"start":{"line":67,"column":0},"end":{"line":67,"column":null}},"4":{"start":{"line":68,"column":0},"end":{"line":68,"column":null}},"5":{"start":{"line":69,"column":0},"end":{"line":69,"column":null}},"6":{"start":{"line":70,"column":0},"end":{"line":70,"column":null}},"7":{"start":{"line":71,"column":0},"end":{"line":71,"column":null}},"8":{"start":{"line":74,"column":0},"end":{"line":74,"column":null}},"9":{"start":{"line":75,"column":0},"end":{"line":75,"column":null}},"10":{"start":{"line":76,"column":0},"end":{"line":76,"column":null}},"11":{"start":{"line":77,"column":0},"end":{"line":77,"column":null}},"12":{"start":{"line":78,"column":0},"end":{"line":78,"column":null}},"13":{"start":{"line":79,"column":0},"end":{"line":79,"column":null}},"14":{"start":{"line":80,"column":0},"end":{"line":80,"column":null}},"15":{"start":{"line":81,"column":0},"end":{"line":81,"column":null}},"16":{"start":{"line":84,"column":0},"end":{"line":84,"column":null}},"17":{"start":{"line":85,"column":0},"end":{"line":85,"column":null}},"18":{"start":{"line":86,"column":0},"end":{"line":86,"column":null}},"19":{"start":{"line":87,"column":0},"end":{"line":87,"column":null}},"20":{"start":{"line":88,"column":0},"end":{"line":88,"column":null}},"21":{"start":{"line":89,"column":0},"end":{"line":89,"column":null}},"22":{"start":{"line":90,"column":0},"end":{"line":90,"column":null}},"23":{"start":{"line":93,"column":0},"end":{"line":93,"column":null}},"24":{"start":{"line":94,"column":0},"end":{"line":94,"column":null}},"25":{"start":{"line":95,"column":0},"end":{"line":95,"column":null}},"26":{"start":{"line":96,"column":0},"end":{"line":96,"column":null}},"27":{"start":{"line":97,"column":0},"end":{"line":97,"column":null}},"28":{"start":{"line":98,"column":0},"end":{"line":98,"column":null}},"29":{"start":{"line":99,"column":0},"end":{"line":99,"column":null}},"30":{"start":{"line":100,"column":0},"end":{"line":100,"column":null}},"31":{"start":{"line":103,"column":0},"end":{"line":103,"column":null}},"32":{"start":{"line":104,"column":0},"end":{"line":104,"column":null}},"33":{"start":{"line":105,"column":0},"end":{"line":105,"column":null}},"34":{"start":{"line":106,"column":0},"end":{"line":106,"column":null}},"35":{"start":{"line":109,"column":0},"end":{"line":109,"column":null}},"36":{"start":{"line":110,"column":0},"end":{"line":110,"column":null}},"37":{"start":{"line":111,"column":0},"end":{"line":111,"column":null}},"38":{"start":{"line":112,"column":0},"end":{"line":112,"column":null}},"39":{"start":{"line":113,"column":0},"end":{"line":113,"column":null}},"40":{"start":{"line":114,"column":0},"end":{"line":114,"column":null}}},"fnMap":{},"branchMap":{},"s":{"0":32,"1":32,"2":32,"3":32,"4":32,"5":32,"6":32,"7":32,"8":32,"9":32,"10":32,"11":32,"12":32,"13":32,"14":32,"15":32,"16":32,"17":32,"18":32,"19":32,"20":32,"21":32,"22":32,"23":32,"24":32,"25":32,"26":32,"27":32,"28":32,"29":32,"30":32,"31":32,"32":32,"33":32,"34":32,"35":32,"36":32,"37":32,"38":32,"39":32,"40":32},"f":{},"b":{},"meta":{"lastBranch":0,"lastFunction":0,"lastStatement":41,"seen":{"s:64:0:64:Infinity":0,"s:65:0:65:Infinity":1,"s:66:0:66:Infinity":2,"s:67:0:67:Infinity":3,"s:68:0:68:Infinity":4,"s:69:0:69:Infinity":5,"s:70:0:70:Infinity":6,"s:71:0:71:Infinity":7,"s:74:0:74:Infinity":8,"s:75:0:75:Infinity":9,"s:76:0:76:Infinity":10,"s:77:0:77:Infinity":11,"s:78:0:78:Infinity":12,"s:79:0:79:Infinity":13,"s:80:0:80:Infinity":14,"s:81:0:81:Infinity":15,"s:84:0:84:Infinity":16,"s:85:0:85:Infinity":17,"s:86:0:86:Infinity":18,"s:87:0:87:Infinity":19,"s:88:0:88:Infinity":20,"s:89:0:89:Infinity":21,"s:90:0:90:Infinity":22,"s:93:0:93:Infinity":23,"s:94:0:94:Infinity":24,"s:95:0:95:Infinity":25,"s:96:0:96:Infinity":26,"s:97:0:97:Infinity":27,"s:98:0:98:Infinity":28,"s:99:0:99:Infinity":29,"s:100:0:100:Infinity":30,"s:103:0:103:Infinity":31,"s:104:0:104:Infinity":32,"s:105:0:105:Infinity":33,"s:106:0:106:Infinity":34,"s:109:0:109:Infinity":35,"s:110:0:110:Infinity":36,"s:111:0:111:Infinity":37,"s:112:0:112:Infinity":38,"s:113:0:113:Infinity":39,"s:114:0:114:Infinity":40}}}
,"/Users/daniel/Desktop/CanAgenda/PawnPlanner/backend/api/app.ts": {"path":"/Users/daniel/Desktop/CanAgenda/PawnPlanner/backend/api/app.ts","statementMap":{"0":{"start":{"line":18,"column":6},"end":{"line":18,"column":null}},"1":{"start":{"line":21,"column":0},"end":{"line":21,"column":null}},"2":{"start":{"line":24,"column":0},"end":{"line":24,"column":null}},"3":{"start":{"line":25,"column":0},"end":{"line":25,"column":null}},"4":{"start":{"line":26,"column":0},"end":{"line":26,"column":null}},"5":{"start":{"line":27,"column":0},"end":{"line":27,"column":null}},"6":{"start":{"line":28,"column":0},"end":{"line":28,"column":null}},"7":{"start":{"line":29,"column":0},"end":{"line":29,"column":null}},"8":{"start":{"line":31,"column":0},"end":{"line":33,"column":null}},"9":{"start":{"line":32,"column":2},"end":{"line":32,"column":null}},"10":{"start":{"line":38,"column":0},"end":{"line":105,"column":null}},"11":{"start":{"line":39,"column":2},"end":{"line":39,"column":null}},"12":{"start":{"line":43,"column":26},"end":{"line":43,"column":null}},"13":{"start":{"line":45,"column":20},"end":{"line":58,"column":null}},"14":{"start":{"line":46,"column":20},"end":{"line":46,"column":null}},"15":{"start":{"line":48,"column":6},"end":{"line":53,"column":null}},"16":{"start":{"line":49,"column":8},"end":{"line":52,"column":null}},"17":{"start":{"line":55,"column":6},"end":{"line":57,"column":null}},"18":{"start":{"line":56,"column":8},"end":{"line":56,"column":null}},"19":{"start":{"line":56,"column":47},"end":{"line":56,"column":68}},"20":{"start":{"line":60,"column":4},"end":{"line":60,"column":null}},"21":{"start":{"line":60,"column":26},"end":{"line":60,"column":36}},"22":{"start":{"line":61,"column":4},"end":{"line":61,"column":null}},"23":{"start":{"line":65,"column":2},"end":{"line":73,"column":null}},"24":{"start":{"line":65,"column":45},"end":{"line":65,"column":73}},"25":{"start":{"line":66,"column":23},"end":{"line":66,"column":null}},"26":{"start":{"line":68,"column":4},"end":{"line":72,"column":null}},"27":{"start":{"line":76,"column":2},"end":{"line":86,"column":null}},"28":{"start":{"line":82,"column":4},"end":{"line":85,"column":null}},"29":{"start":{"line":89,"column":2},"end":{"line":98,"column":null}},"30":{"start":{"line":94,"column":4},"end":{"line":97,"column":null}},"31":{"start":{"line":101,"column":2},"end":{"line":104,"column":null}}},"fnMap":{"0":{"name":"(anonymous_0)","decl":{"start":{"line":31,"column":17},"end":{"line":31,"column":18}},"loc":{"start":{"line":31,"column":32},"end":{"line":33,"column":1}},"line":31},"1":{"name":"(anonymous_1)","decl":{"start":{"line":38,"column":8},"end":{"line":38,"column":9}},"loc":{"start":{"line":38,"column":97},"end":{"line":105,"column":1}},"line":38},"2":{"name":"flattenValidationErrors","decl":{"start":{"line":42,"column":11},"end":{"line":42,"column":35}},"loc":{"start":{"line":42,"column":50},"end":{"line":62,"column":null}},"line":42},"3":{"name":"(anonymous_3)","decl":{"start":{"line":45,"column":20},"end":{"line":45,"column":21}},"loc":{"start":{"line":45,"column":53},"end":{"line":58,"column":null}},"line":45},"4":{"name":"(anonymous_4)","decl":{"start":{"line":56,"column":31},"end":{"line":56,"column":32}},"loc":{"start":{"line":56,"column":47},"end":{"line":56,"column":68}},"line":56},"5":{"name":"(anonymous_5)","decl":{"start":{"line":60,"column":19},"end":{"line":60,"column":20}},"loc":{"start":{"line":60,"column":26},"end":{"line":60,"column":36}},"line":60},"6":{"name":"(anonymous_6)","decl":{"start":{"line":65,"column":38},"end":{"line":65,"column":39}},"loc":{"start":{"line":65,"column":45},"end":{"line":65,"column":73}},"line":65}},"branchMap":{"0":{"loc":{"start":{"line":45,"column":33},"end":{"line":45,"column":53}},"type":"default-arg","locations":[{"start":{"line":45,"column":46},"end":{"line":45,"column":53}}],"line":45},"1":{"loc":{"start":{"line":46,"column":20},"end":{"line":46,"column":null}},"type":"cond-expr","locations":[{"start":{"line":46,"column":33},"end":{"line":46,"column":69}},{"start":{"line":46,"column":69},"end":{"line":46,"column":null}}],"line":46},"2":{"loc":{"start":{"line":48,"column":6},"end":{"line":53,"column":null}},"type":"if","locations":[{"start":{"line":48,"column":6},"end":{"line":53,"column":null}},{"start":{},"end":{}}],"line":48},"3":{"loc":{"start":{"line":55,"column":6},"end":{"line":57,"column":null}},"type":"if","locations":[{"start":{"line":55,"column":6},"end":{"line":57,"column":null}},{"start":{},"end":{}}],"line":55},"4":{"loc":{"start":{"line":55,"column":10},"end":{"line":55,"column":55}},"type":"binary-expr","locations":[{"start":{"line":55,"column":10},"end":{"line":55,"column":28}},{"start":{"line":55,"column":28},"end":{"line":55,"column":55}}],"line":55},"5":{"loc":{"start":{"line":65,"column":2},"end":{"line":73,"column":null}},"type":"if","locations":[{"start":{"line":65,"column":2},"end":{"line":73,"column":null}},{"start":{},"end":{}}],"line":65},"6":{"loc":{"start":{"line":65,"column":6},"end":{"line":65,"column":76}},"type":"binary-expr","locations":[{"start":{"line":65,"column":6},"end":{"line":65,"column":28}},{"start":{"line":65,"column":28},"end":{"line":65,"column":76}}],"line":65},"7":{"loc":{"start":{"line":76,"column":2},"end":{"line":86,"column":null}},"type":"if","locations":[{"start":{"line":76,"column":2},"end":{"line":86,"column":null}},{"start":{},"end":{}}],"line":76},"8":{"loc":{"start":{"line":77,"column":4},"end":{"line":80,"column":null}},"type":"binary-expr","locations":[{"start":{"line":77,"column":4},"end":{"line":77,"column":null}},{"start":{"line":78,"column":4},"end":{"line":78,"column":null}},{"start":{"line":79,"column":4},"end":{"line":79,"column":null}},{"start":{"line":80,"column":4},"end":{"line":80,"column":null}}],"line":77},"9":{"loc":{"start":{"line":89,"column":2},"end":{"line":98,"column":null}},"type":"if","locations":[{"start":{"line":89,"column":2},"end":{"line":98,"column":null}},{"start":{},"end":{}}],"line":89},"10":{"loc":{"start":{"line":90,"column":4},"end":{"line":92,"column":null}},"type":"binary-expr","locations":[{"start":{"line":90,"column":4},"end":{"line":90,"column":null}},{"start":{"line":91,"column":4},"end":{"line":91,"column":null}},{"start":{"line":92,"column":5},"end":{"line":92,"column":40}},{"start":{"line":92,"column":40},"end":{"line":92,"column":null}}],"line":90}},"s":{"0":32,"1":32,"2":32,"3":32,"4":32,"5":32,"6":32,"7":32,"8":32,"9":0,"10":32,"11":61,"12":22,"13":22,"14":25,"15":25,"16":24,"17":25,"18":1,"19":1,"20":22,"21":24,"22":22,"23":61,"24":24,"25":22,"26":22,"27":39,"28":39,"29":0,"30":0,"31":0},"f":{"0":0,"1":61,"2":22,"3":25,"4":1,"5":24,"6":24},"b":{"0":[25],"1":[1,24],"2":[24,1],"3":[1,24],"4":[25,25],"5":[22,39],"6":[61,22],"7":[39,0],"8":[39,36,26,8],"9":[0,0],"10":[0,0,0,0]},"meta":{"lastBranch":11,"lastFunction":7,"lastStatement":32,"seen":{"s:18:6:18:Infinity":0,"s:21:0:21:Infinity":1,"s:24:0:24:Infinity":2,"s:25:0:25:Infinity":3,"s:26:0:26:Infinity":4,"s:27:0:27:Infinity":5,"s:28:0:28:Infinity":6,"s:29:0:29:Infinity":7,"s:31:0:33:Infinity":8,"f:31:17:31:18":0,"s:32:2:32:Infinity":9,"s:38:0:105:Infinity":10,"f:38:8:38:9":1,"s:39:2:39:Infinity":11,"f:42:11:42:35":2,"s:43:26:43:Infinity":12,"s:45:20:58:Infinity":13,"f:45:20:45:21":3,"b:45:46:45:53":0,"s:46:20:46:Infinity":14,"b:46:33:46:69:46:69:46:Infinity":1,"b:48:6:53:Infinity:undefined:undefined:undefined:undefined":2,"s:48:6:53:Infinity":15,"s:49:8:52:Infinity":16,"b:55:6:57:Infinity:undefined:undefined:undefined:undefined":3,"s:55:6:57:Infinity":17,"b:55:10:55:28:55:28:55:55":4,"s:56:8:56:Infinity":18,"f:56:31:56:32":4,"s:56:47:56:68":19,"s:60:4:60:Infinity":20,"f:60:19:60:20":5,"s:60:26:60:36":21,"s:61:4:61:Infinity":22,"b:65:2:73:Infinity:undefined:undefined:undefined:undefined":5,"s:65:2:73:Infinity":23,"b:65:6:65:28:65:28:65:76":6,"f:65:38:65:39":6,"s:65:45:65:73":24,"s:66:23:66:Infinity":25,"s:68:4:72:Infinity":26,"b:76:2:86:Infinity:undefined:undefined:undefined:undefined":7,"s:76:2:86:Infinity":27,"b:77:4:77:Infinity:78:4:78:Infinity:79:4:79:Infinity:80:4:80:Infinity":8,"s:82:4:85:Infinity":28,"b:89:2:98:Infinity:undefined:undefined:undefined:undefined":9,"s:89:2:98:Infinity":29,"b:90:4:90:Infinity:91:4:91:Infinity:92:5:92:40:92:40:92:Infinity":10,"s:94:4:97:Infinity":30,"s:101:2:104:Infinity":31}}}
,"/Users/daniel/Desktop/CanAgenda/PawnPlanner/backend/api/controllers/animals/create.ts": {"path":"/Users/daniel/Desktop/CanAgenda/PawnPlanner/backend/api/controllers/animals/create.ts","statementMap":{"0":{"start":{"line":7,"column":2},"end":{"line":14,"column":null}},"1":{"start":{"line":8,"column":19},"end":{"line":8,"column":null}},"2":{"start":{"line":9,"column":20},"end":{"line":9,"column":null}},"3":{"start":{"line":10,"column":19},"end":{"line":10,"column":null}},"4":{"start":{"line":11,"column":4},"end":{"line":11,"column":null}},"5":{"start":{"line":13,"column":4},"end":{"line":13,"column":null}}},"fnMap":{"0":{"name":"createAnimal","decl":{"start":{"line":6,"column":22},"end":{"line":6,"column":35}},"loc":{"start":{"line":6,"column":84},"end":{"line":15,"column":null}},"line":6}},"branchMap":{},"s":{"0":37,"1":37,"2":37,"3":37,"4":36,"5":1},"f":{"0":37},"b":{},"meta":{"lastBranch":0,"lastFunction":1,"lastStatement":6,"seen":{"f:6:22:6:35":0,"s:7:2:14:Infinity":0,"s:8:19:8:Infinity":1,"s:9:20:9:Infinity":2,"s:10:19:10:Infinity":3,"s:11:4:11:Infinity":4,"s:13:4:13:Infinity":5}}}
,"/Users/daniel/Desktop/CanAgenda/PawnPlanner/backend/api/controllers/animals/delete.ts": {"path":"/Users/daniel/Desktop/CanAgenda/PawnPlanner/backend/api/controllers/animals/delete.ts","statementMap":{"0":{"start":{"line":6,"column":2},"end":{"line":13,"column":null}},"1":{"start":{"line":7,"column":19},"end":{"line":7,"column":null}},"2":{"start":{"line":8,"column":20},"end":{"line":8,"column":null}},"3":{"start":{"line":9,"column":4},"end":{"line":9,"column":null}},"4":{"start":{"line":10,"column":4},"end":{"line":10,"column":null}},"5":{"start":{"line":12,"column":4},"end":{"line":12,"column":null}}},"fnMap":{"0":{"name":"deleteAnimal","decl":{"start":{"line":5,"column":22},"end":{"line":5,"column":35}},"loc":{"start":{"line":5,"column":84},"end":{"line":14,"column":null}},"line":5}},"branchMap":{},"s":{"0":2,"1":2,"2":2,"3":2,"4":1,"5":1},"f":{"0":2},"b":{},"meta":{"lastBranch":0,"lastFunction":1,"lastStatement":6,"seen":{"f:5:22:5:35":0,"s:6:2:13:Infinity":0,"s:7:19:7:Infinity":1,"s:8:20:8:Infinity":2,"s:9:4:9:Infinity":3,"s:10:4:10:Infinity":4,"s:12:4:12:Infinity":5}}}
,"/Users/daniel/Desktop/CanAgenda/PawnPlanner/backend/api/controllers/animals/getAll.ts": {"path":"/Users/daniel/Desktop/CanAgenda/PawnPlanner/backend/api/controllers/animals/getAll.ts","statementMap":{"0":{"start":{"line":6,"column":2},"end":{"line":13,"column":null}},"1":{"start":{"line":7,"column":19},"end":{"line":7,"column":null}},"2":{"start":{"line":8,"column":20},"end":{"line":8,"column":null}},"3":{"start":{"line":9,"column":20},"end":{"line":9,"column":null}},"4":{"start":{"line":10,"column":4},"end":{"line":10,"column":null}},"5":{"start":{"line":12,"column":4},"end":{"line":12,"column":null}}},"fnMap":{"0":{"name":"getAllAnimals","decl":{"start":{"line":5,"column":22},"end":{"line":5,"column":36}},"loc":{"start":{"line":5,"column":85},"end":{"line":14,"column":null}},"line":5}},"branchMap":{},"s":{"0":2,"1":2,"2":2,"3":2,"4":2,"5":0},"f":{"0":2},"b":{},"meta":{"lastBranch":0,"lastFunction":1,"lastStatement":6,"seen":{"f:5:22:5:36":0,"s:6:2:13:Infinity":0,"s:7:19:7:Infinity":1,"s:8:20:8:Infinity":2,"s:9:20:9:Infinity":3,"s:10:4:10:Infinity":4,"s:12:4:12:Infinity":5}}}
,"/Users/daniel/Desktop/CanAgenda/PawnPlanner/backend/api/controllers/animals/getById.ts": {"path":"/Users/daniel/Desktop/CanAgenda/PawnPlanner/backend/api/controllers/animals/getById.ts","statementMap":{"0":{"start":{"line":6,"column":2},"end":{"line":13,"column":null}},"1":{"start":{"line":7,"column":19},"end":{"line":7,"column":null}},"2":{"start":{"line":8,"column":20},"end":{"line":8,"column":null}},"3":{"start":{"line":9,"column":19},"end":{"line":9,"column":null}},"4":{"start":{"line":10,"column":4},"end":{"line":10,"column":null}},"5":{"start":{"line":12,"column":4},"end":{"line":12,"column":null}}},"fnMap":{"0":{"name":"getAnimalById","decl":{"start":{"line":5,"column":22},"end":{"line":5,"column":36}},"loc":{"start":{"line":5,"column":85},"end":{"line":14,"column":null}},"line":5}},"branchMap":{},"s":{"0":2,"1":2,"2":2,"3":2,"4":1,"5":1},"f":{"0":2},"b":{},"meta":{"lastBranch":0,"lastFunction":1,"lastStatement":6,"seen":{"f:5:22:5:36":0,"s:6:2:13:Infinity":0,"s:7:19:7:Infinity":1,"s:8:20:8:Infinity":2,"s:9:19:9:Infinity":3,"s:10:4:10:Infinity":4,"s:12:4:12:Infinity":5}}}
,"/Users/daniel/Desktop/CanAgenda/PawnPlanner/backend/api/controllers/animals/getBySpecies.ts": {"path":"/Users/daniel/Desktop/CanAgenda/PawnPlanner/backend/api/controllers/animals/getBySpecies.ts","statementMap":{"0":{"start":{"line":6,"column":2},"end":{"line":16,"column":null}},"1":{"start":{"line":7,"column":24},"end":{"line":7,"column":null}},"2":{"start":{"line":8,"column":19},"end":{"line":8,"column":null}},"3":{"start":{"line":10,"column":20},"end":{"line":10,"column":null}},"4":{"start":{"line":11,"column":20},"end":{"line":11,"column":null}},"5":{"start":{"line":13,"column":4},"end":{"line":13,"column":null}},"6":{"start":{"line":15,"column":4},"end":{"line":15,"column":null}}},"fnMap":{"0":{"name":"getAnimalsBySpecies","decl":{"start":{"line":5,"column":22},"end":{"line":5,"column":42}},"loc":{"start":{"line":5,"column":91},"end":{"line":17,"column":null}},"line":5}},"branchMap":{},"s":{"0":2,"1":2,"2":2,"3":2,"4":2,"5":2,"6":0},"f":{"0":2},"b":{},"meta":{"lastBranch":0,"lastFunction":1,"lastStatement":7,"seen":{"f:5:22:5:42":0,"s:6:2:16:Infinity":0,"s:7:24:7:Infinity":1,"s:8:19:8:Infinity":2,"s:10:20:10:Infinity":3,"s:11:20:11:Infinity":4,"s:13:4:13:Infinity":5,"s:15:4:15:Infinity":6}}}
,"/Users/daniel/Desktop/CanAgenda/PawnPlanner/backend/api/controllers/animals/update.ts": {"path":"/Users/daniel/Desktop/CanAgenda/PawnPlanner/backend/api/controllers/animals/update.ts","statementMap":{"0":{"start":{"line":7,"column":2},"end":{"line":15,"column":null}},"1":{"start":{"line":8,"column":19},"end":{"line":8,"column":null}},"2":{"start":{"line":9,"column":20},"end":{"line":9,"column":null}},"3":{"start":{"line":10,"column":15},"end":{"line":10,"column":null}},"4":{"start":{"line":11,"column":19},"end":{"line":11,"column":null}},"5":{"start":{"line":12,"column":4},"end":{"line":12,"column":null}},"6":{"start":{"line":14,"column":4},"end":{"line":14,"column":null}}},"fnMap":{"0":{"name":"updateAnimal","decl":{"start":{"line":6,"column":22},"end":{"line":6,"column":35}},"loc":{"start":{"line":6,"column":84},"end":{"line":16,"column":null}},"line":6}},"branchMap":{},"s":{"0":2,"1":2,"2":2,"3":2,"4":2,"5":1,"6":1},"f":{"0":2},"b":{},"meta":{"lastBranch":0,"lastFunction":1,"lastStatement":7,"seen":{"f:6:22:6:35":0,"s:7:2:15:Infinity":0,"s:8:19:8:Infinity":1,"s:9:20:9:Infinity":2,"s:10:15:10:Infinity":3,"s:11:19:11:Infinity":4,"s:12:4:12:Infinity":5,"s:14:4:14:Infinity":6}}}
,"/Users/daniel/Desktop/CanAgenda/PawnPlanner/backend/api/controllers/auth/changePassword.ts": {"path":"/Users/daniel/Desktop/CanAgenda/PawnPlanner/backend/api/controllers/auth/changePassword.ts","statementMap":{"0":{"start":{"line":8,"column":46},"end":{"line":27,"column":null}},"1":{"start":{"line":9,"column":2},"end":{"line":26,"column":null}},"2":{"start":{"line":11,"column":16},"end":{"line":14,"column":null}},"3":{"start":{"line":16,"column":20},"end":{"line":16,"column":null}},"4":{"start":{"line":17,"column":4},"end":{"line":21,"column":null}},"5":{"start":{"line":23,"column":4},"end":{"line":23,"column":null}},"6":{"start":{"line":25,"column":4},"end":{"line":25,"column":null}}},"fnMap":{"0":{"name":"(anonymous_0)","decl":{"start":{"line":8,"column":46},"end":{"line":8,"column":53}},"loc":{"start":{"line":8,"column":72},"end":{"line":27,"column":null}},"line":8}},"branchMap":{},"s":{"0":32,"1":3,"2":3,"3":2,"4":2,"5":1,"6":2},"f":{"0":3},"b":{},"meta":{"lastBranch":0,"lastFunction":1,"lastStatement":7,"seen":{"s:8:46:27:Infinity":0,"f:8:46:8:53":0,"s:9:2:26:Infinity":1,"s:11:16:14:Infinity":2,"s:16:20:16:Infinity":3,"s:17:4:21:Infinity":4,"s:23:4:23:Infinity":5,"s:25:4:25:Infinity":6}}}
,"/Users/daniel/Desktop/CanAgenda/PawnPlanner/backend/api/controllers/auth/forgotPassword.ts": {"path":"/Users/daniel/Desktop/CanAgenda/PawnPlanner/backend/api/controllers/auth/forgotPassword.ts","statementMap":{"0":{"start":{"line":7,"column":46},"end":{"line":18,"column":null}},"1":{"start":{"line":8,"column":2},"end":{"line":17,"column":null}},"2":{"start":{"line":9,"column":16},"end":{"line":9,"column":null}},"3":{"start":{"line":11,"column":20},"end":{"line":11,"column":null}},"4":{"start":{"line":12,"column":19},"end":{"line":12,"column":null}},"5":{"start":{"line":14,"column":4},"end":{"line":14,"column":null}},"6":{"start":{"line":16,"column":4},"end":{"line":16,"column":null}}},"fnMap":{"0":{"name":"(anonymous_0)","decl":{"start":{"line":7,"column":46},"end":{"line":7,"column":53}},"loc":{"start":{"line":7,"column":72},"end":{"line":18,"column":null}},"line":7}},"branchMap":{},"s":{"0":32,"1":6,"2":6,"3":5,"4":5,"5":4,"6":2},"f":{"0":6},"b":{},"meta":{"lastBranch":0,"lastFunction":1,"lastStatement":7,"seen":{"s:7:46:18:Infinity":0,"f:7:46:7:53":0,"s:8:2:17:Infinity":1,"s:9:16:9:Infinity":2,"s:11:20:11:Infinity":3,"s:12:19:12:Infinity":4,"s:14:4:14:Infinity":5,"s:16:4:16:Infinity":6}}}
,"/Users/daniel/Desktop/CanAgenda/PawnPlanner/backend/api/controllers/auth/login.ts": {"path":"/Users/daniel/Desktop/CanAgenda/PawnPlanner/backend/api/controllers/auth/login.ts","statementMap":{"0":{"start":{"line":8,"column":37},"end":{"line":23,"column":null}},"1":{"start":{"line":9,"column":2},"end":{"line":22,"column":null}},"2":{"start":{"line":10,"column":16},"end":{"line":10,"column":null}},"3":{"start":{"line":12,"column":20},"end":{"line":12,"column":null}},"4":{"start":{"line":13,"column":48},"end":{"line":13,"column":null}},"5":{"start":{"line":15,"column":4},"end":{"line":19,"column":null}},"6":{"start":{"line":21,"column":4},"end":{"line":21,"column":null}}},"fnMap":{"0":{"name":"(anonymous_0)","decl":{"start":{"line":8,"column":37},"end":{"line":8,"column":44}},"loc":{"start":{"line":8,"column":63},"end":{"line":23,"column":null}},"line":8}},"branchMap":{},"s":{"0":32,"1":8,"2":8,"3":7,"4":7,"5":5,"6":3},"f":{"0":8},"b":{},"meta":{"lastBranch":0,"lastFunction":1,"lastStatement":7,"seen":{"s:8:37:23:Infinity":0,"f:8:37:8:44":0,"s:9:2:22:Infinity":1,"s:10:16:10:Infinity":2,"s:12:20:12:Infinity":3,"s:13:48:13:Infinity":4,"s:15:4:19:Infinity":5,"s:21:4:21:Infinity":6}}}
,"/Users/daniel/Desktop/CanAgenda/PawnPlanner/backend/api/controllers/auth/refresh.ts": {"path":"/Users/daniel/Desktop/CanAgenda/PawnPlanner/backend/api/controllers/auth/refresh.ts","statementMap":{"0":{"start":{"line":8,"column":39},"end":{"line":23,"column":null}},"1":{"start":{"line":9,"column":2},"end":{"line":22,"column":null}},"2":{"start":{"line":10,"column":16},"end":{"line":10,"column":null}},"3":{"start":{"line":12,"column":20},"end":{"line":12,"column":null}},"4":{"start":{"line":13,"column":48},"end":{"line":13,"column":null}},"5":{"start":{"line":15,"column":4},"end":{"line":19,"column":null}},"6":{"start":{"line":21,"column":4},"end":{"line":21,"column":null}}},"fnMap":{"0":{"name":"(anonymous_0)","decl":{"start":{"line":8,"column":39},"end":{"line":8,"column":46}},"loc":{"start":{"line":8,"column":65},"end":{"line":23,"column":null}},"line":8}},"branchMap":{},"s":{"0":32,"1":3,"2":3,"3":3,"4":3,"5":1,"6":2},"f":{"0":3},"b":{},"meta":{"lastBranch":0,"lastFunction":1,"lastStatement":7,"seen":{"s:8:39:23:Infinity":0,"f:8:39:8:46":0,"s:9:2:22:Infinity":1,"s:10:16:10:Infinity":2,"s:12:20:12:Infinity":3,"s:13:48:13:Infinity":4,"s:15:4:19:Infinity":5,"s:21:4:21:Infinity":6}}}
,"/Users/daniel/Desktop/CanAgenda/PawnPlanner/backend/api/controllers/auth/register.ts": {"path":"/Users/daniel/Desktop/CanAgenda/PawnPlanner/backend/api/controllers/auth/register.ts","statementMap":{"0":{"start":{"line":8,"column":40},"end":{"line":22,"column":null}},"1":{"start":{"line":9,"column":2},"end":{"line":21,"column":null}},"2":{"start":{"line":10,"column":16},"end":{"line":10,"column":null}},"3":{"start":{"line":11,"column":20},"end":{"line":11,"column":null}},"4":{"start":{"line":12,"column":48},"end":{"line":12,"column":null}},"5":{"start":{"line":14,"column":4},"end":{"line":18,"column":null}},"6":{"start":{"line":20,"column":4},"end":{"line":20,"column":null}}},"fnMap":{"0":{"name":"(anonymous_0)","decl":{"start":{"line":8,"column":40},"end":{"line":8,"column":47}},"loc":{"start":{"line":8,"column":66},"end":{"line":22,"column":null}},"line":8}},"branchMap":{},"s":{"0":32,"1":124,"2":124,"3":123,"4":123,"5":122,"6":2},"f":{"0":124},"b":{},"meta":{"lastBranch":0,"lastFunction":1,"lastStatement":7,"seen":{"s:8:40:22:Infinity":0,"f:8:40:8:47":0,"s:9:2:21:Infinity":1,"s:10:16:10:Infinity":2,"s:11:20:11:Infinity":3,"s:12:48:12:Infinity":4,"s:14:4:18:Infinity":5,"s:20:4:20:Infinity":6}}}
,"/Users/daniel/Desktop/CanAgenda/PawnPlanner/backend/api/controllers/auth/resetPassword.ts": {"path":"/Users/daniel/Desktop/CanAgenda/PawnPlanner/backend/api/controllers/auth/resetPassword.ts","statementMap":{"0":{"start":{"line":7,"column":45},"end":{"line":18,"column":null}},"1":{"start":{"line":8,"column":2},"end":{"line":17,"column":null}},"2":{"start":{"line":9,"column":16},"end":{"line":9,"column":null}},"3":{"start":{"line":11,"column":20},"end":{"line":11,"column":null}},"4":{"start":{"line":12,"column":4},"end":{"line":12,"column":null}},"5":{"start":{"line":14,"column":4},"end":{"line":14,"column":null}},"6":{"start":{"line":16,"column":4},"end":{"line":16,"column":null}}},"fnMap":{"0":{"name":"(anonymous_0)","decl":{"start":{"line":7,"column":45},"end":{"line":7,"column":52}},"loc":{"start":{"line":7,"column":71},"end":{"line":18,"column":null}},"line":7}},"branchMap":{},"s":{"0":32,"1":5,"2":5,"3":4,"4":4,"5":1,"6":4},"f":{"0":5},"b":{},"meta":{"lastBranch":0,"lastFunction":1,"lastStatement":7,"seen":{"s:7:45:18:Infinity":0,"f:7:45:7:52":0,"s:8:2:17:Infinity":1,"s:9:16:9:Infinity":2,"s:11:20:11:Infinity":3,"s:12:4:12:Infinity":4,"s:14:4:14:Infinity":5,"s:16:4:16:Infinity":6}}}
,"/Users/daniel/Desktop/CanAgenda/PawnPlanner/backend/api/controllers/breeds/create.ts": {"path":"/Users/daniel/Desktop/CanAgenda/PawnPlanner/backend/api/controllers/breeds/create.ts","statementMap":{"0":{"start":{"line":6,"column":2},"end":{"line":13,"column":null}},"1":{"start":{"line":7,"column":19},"end":{"line":7,"column":null}},"2":{"start":{"line":8,"column":20},"end":{"line":8,"column":null}},"3":{"start":{"line":9,"column":18},"end":{"line":9,"column":null}},"4":{"start":{"line":10,"column":4},"end":{"line":10,"column":null}},"5":{"start":{"line":12,"column":4},"end":{"line":12,"column":null}}},"fnMap":{"0":{"name":"createBreed","decl":{"start":{"line":5,"column":22},"end":{"line":5,"column":34}},"loc":{"start":{"line":5,"column":83},"end":{"line":14,"column":null}},"line":5}},"branchMap":{},"s":{"0":17,"1":17,"2":17,"3":17,"4":15,"5":2},"f":{"0":17},"b":{},"meta":{"lastBranch":0,"lastFunction":1,"lastStatement":6,"seen":{"f:5:22:5:34":0,"s:6:2:13:Infinity":0,"s:7:19:7:Infinity":1,"s:8:20:8:Infinity":2,"s:9:18:9:Infinity":3,"s:10:4:10:Infinity":4,"s:12:4:12:Infinity":5}}}
,"/Users/daniel/Desktop/CanAgenda/PawnPlanner/backend/api/controllers/breeds/delete.ts": {"path":"/Users/daniel/Desktop/CanAgenda/PawnPlanner/backend/api/controllers/breeds/delete.ts","statementMap":{"0":{"start":{"line":6,"column":2},"end":{"line":13,"column":null}},"1":{"start":{"line":7,"column":19},"end":{"line":7,"column":null}},"2":{"start":{"line":8,"column":20},"end":{"line":8,"column":null}},"3":{"start":{"line":9,"column":4},"end":{"line":9,"column":null}},"4":{"start":{"line":10,"column":4},"end":{"line":10,"column":null}},"5":{"start":{"line":12,"column":4},"end":{"line":12,"column":null}}},"fnMap":{"0":{"name":"deleteBreed","decl":{"start":{"line":5,"column":22},"end":{"line":5,"column":34}},"loc":{"start":{"line":5,"column":83},"end":{"line":14,"column":null}},"line":5}},"branchMap":{},"s":{"0":2,"1":2,"2":2,"3":2,"4":1,"5":1},"f":{"0":2},"b":{},"meta":{"lastBranch":0,"lastFunction":1,"lastStatement":6,"seen":{"f:5:22:5:34":0,"s:6:2:13:Infinity":0,"s:7:19:7:Infinity":1,"s:8:20:8:Infinity":2,"s:9:4:9:Infinity":3,"s:10:4:10:Infinity":4,"s:12:4:12:Infinity":5}}}
,"/Users/daniel/Desktop/CanAgenda/PawnPlanner/backend/api/controllers/breeds/getAll.ts": {"path":"/Users/daniel/Desktop/CanAgenda/PawnPlanner/backend/api/controllers/breeds/getAll.ts","statementMap":{"0":{"start":{"line":6,"column":2},"end":{"line":13,"column":null}},"1":{"start":{"line":7,"column":19},"end":{"line":7,"column":null}},"2":{"start":{"line":8,"column":20},"end":{"line":8,"column":null}},"3":{"start":{"line":9,"column":19},"end":{"line":9,"column":null}},"4":{"start":{"line":10,"column":4},"end":{"line":10,"column":null}},"5":{"start":{"line":12,"column":4},"end":{"line":12,"column":null}}},"fnMap":{"0":{"name":"getAllBreeds","decl":{"start":{"line":5,"column":22},"end":{"line":5,"column":35}},"loc":{"start":{"line":5,"column":84},"end":{"line":14,"column":null}},"line":5}},"branchMap":{},"s":{"0":2,"1":2,"2":2,"3":2,"4":2,"5":0},"f":{"0":2},"b":{},"meta":{"lastBranch":0,"lastFunction":1,"lastStatement":6,"seen":{"f:5:22:5:35":0,"s:6:2:13:Infinity":0,"s:7:19:7:Infinity":1,"s:8:20:8:Infinity":2,"s:9:19:9:Infinity":3,"s:10:4:10:Infinity":4,"s:12:4:12:Infinity":5}}}
,"/Users/daniel/Desktop/CanAgenda/PawnPlanner/backend/api/controllers/breeds/getByAnimal.ts": {"path":"/Users/daniel/Desktop/CanAgenda/PawnPlanner/backend/api/controllers/breeds/getByAnimal.ts","statementMap":{"0":{"start":{"line":6,"column":2},"end":{"line":13,"column":null}},"1":{"start":{"line":7,"column":19},"end":{"line":7,"column":null}},"2":{"start":{"line":8,"column":20},"end":{"line":8,"column":null}},"3":{"start":{"line":9,"column":19},"end":{"line":9,"column":null}},"4":{"start":{"line":10,"column":4},"end":{"line":10,"column":null}},"5":{"start":{"line":12,"column":4},"end":{"line":12,"column":null}}},"fnMap":{"0":{"name":"getBreedsByAnimal","decl":{"start":{"line":5,"column":22},"end":{"line":5,"column":40}},"loc":{"start":{"line":5,"column":89},"end":{"line":14,"column":null}},"line":5}},"branchMap":{},"s":{"0":2,"1":2,"2":2,"3":2,"4":2,"5":0},"f":{"0":2},"b":{},"meta":{"lastBranch":0,"lastFunction":1,"lastStatement":6,"seen":{"f:5:22:5:40":0,"s:6:2:13:Infinity":0,"s:7:19:7:Infinity":1,"s:8:20:8:Infinity":2,"s:9:19:9:Infinity":3,"s:10:4:10:Infinity":4,"s:12:4:12:Infinity":5}}}
,"/Users/daniel/Desktop/CanAgenda/PawnPlanner/backend/api/controllers/breeds/getById.ts": {"path":"/Users/daniel/Desktop/CanAgenda/PawnPlanner/backend/api/controllers/breeds/getById.ts","statementMap":{"0":{"start":{"line":6,"column":2},"end":{"line":13,"column":null}},"1":{"start":{"line":7,"column":19},"end":{"line":7,"column":null}},"2":{"start":{"line":8,"column":20},"end":{"line":8,"column":null}},"3":{"start":{"line":9,"column":18},"end":{"line":9,"column":null}},"4":{"start":{"line":10,"column":4},"end":{"line":10,"column":null}},"5":{"start":{"line":12,"column":4},"end":{"line":12,"column":null}}},"fnMap":{"0":{"name":"getBreedById","decl":{"start":{"line":5,"column":22},"end":{"line":5,"column":35}},"loc":{"start":{"line":5,"column":84},"end":{"line":14,"column":null}},"line":5}},"branchMap":{},"s":{"0":2,"1":2,"2":2,"3":2,"4":1,"5":1},"f":{"0":2},"b":{},"meta":{"lastBranch":0,"lastFunction":1,"lastStatement":6,"seen":{"f:5:22:5:35":0,"s:6:2:13:Infinity":0,"s:7:19:7:Infinity":1,"s:8:20:8:Infinity":2,"s:9:18:9:Infinity":3,"s:10:4:10:Infinity":4,"s:12:4:12:Infinity":5}}}
,"/Users/daniel/Desktop/CanAgenda/PawnPlanner/backend/api/controllers/breeds/getByName.ts": {"path":"/Users/daniel/Desktop/CanAgenda/PawnPlanner/backend/api/controllers/breeds/getByName.ts","statementMap":{"0":{"start":{"line":6,"column":2},"end":{"line":13,"column":null}},"1":{"start":{"line":7,"column":19},"end":{"line":7,"column":null}},"2":{"start":{"line":8,"column":20},"end":{"line":8,"column":null}},"3":{"start":{"line":9,"column":19},"end":{"line":9,"column":null}},"4":{"start":{"line":10,"column":4},"end":{"line":10,"column":null}},"5":{"start":{"line":12,"column":4},"end":{"line":12,"column":null}}},"fnMap":{"0":{"name":"getBreedByName","decl":{"start":{"line":5,"column":22},"end":{"line":5,"column":37}},"loc":{"start":{"line":5,"column":86},"end":{"line":14,"column":null}},"line":5}},"branchMap":{},"s":{"0":0,"1":0,"2":0,"3":0,"4":0,"5":0},"f":{"0":0},"b":{},"meta":{"lastBranch":0,"lastFunction":1,"lastStatement":6,"seen":{"f:5:22:5:37":0,"s:6:2:13:Infinity":0,"s:7:19:7:Infinity":1,"s:8:20:8:Infinity":2,"s:9:19:9:Infinity":3,"s:10:4:10:Infinity":4,"s:12:4:12:Infinity":5}}}
,"/Users/daniel/Desktop/CanAgenda/PawnPlanner/backend/api/controllers/breeds/update.ts": {"path":"/Users/daniel/Desktop/CanAgenda/PawnPlanner/backend/api/controllers/breeds/update.ts","statementMap":{"0":{"start":{"line":6,"column":2},"end":{"line":14,"column":null}},"1":{"start":{"line":7,"column":19},"end":{"line":7,"column":null}},"2":{"start":{"line":8,"column":20},"end":{"line":8,"column":null}},"3":{"start":{"line":9,"column":15},"end":{"line":9,"column":null}},"4":{"start":{"line":10,"column":18},"end":{"line":10,"column":null}},"5":{"start":{"line":11,"column":4},"end":{"line":11,"column":null}},"6":{"start":{"line":13,"column":4},"end":{"line":13,"column":null}}},"fnMap":{"0":{"name":"updateBreed","decl":{"start":{"line":5,"column":22},"end":{"line":5,"column":34}},"loc":{"start":{"line":5,"column":83},"end":{"line":15,"column":null}},"line":5}},"branchMap":{},"s":{"0":2,"1":2,"2":2,"3":2,"4":2,"5":1,"6":1},"f":{"0":2},"b":{},"meta":{"lastBranch":0,"lastFunction":1,"lastStatement":7,"seen":{"f:5:22:5:34":0,"s:6:2:14:Infinity":0,"s:7:19:7:Infinity":1,"s:8:20:8:Infinity":2,"s:9:15:9:Infinity":3,"s:10:18:10:Infinity":4,"s:11:4:11:Infinity":5,"s:13:4:13:Infinity":6}}}
,"/Users/daniel/Desktop/CanAgenda/PawnPlanner/backend/api/controllers/owners/create.ts": {"path":"/Users/daniel/Desktop/CanAgenda/PawnPlanner/backend/api/controllers/owners/create.ts","statementMap":{"0":{"start":{"line":7,"column":2},"end":{"line":17,"column":null}},"1":{"start":{"line":8,"column":16},"end":{"line":8,"column":null}},"2":{"start":{"line":9,"column":4},"end":{"line":9,"column":null}},"3":{"start":{"line":11,"column":20},"end":{"line":11,"column":null}},"4":{"start":{"line":12,"column":19},"end":{"line":12,"column":null}},"5":{"start":{"line":14,"column":4},"end":{"line":14,"column":null}},"6":{"start":{"line":16,"column":4},"end":{"line":16,"column":null}}},"fnMap":{"0":{"name":"createOwner","decl":{"start":{"line":6,"column":22},"end":{"line":6,"column":34}},"loc":{"start":{"line":6,"column":83},"end":{"line":18,"column":null}},"line":6}},"branchMap":{},"s":{"0":52,"1":52,"2":52,"3":52,"4":52,"5":48,"6":4},"f":{"0":52},"b":{},"meta":{"lastBranch":0,"lastFunction":1,"lastStatement":7,"seen":{"f:6:22:6:34":0,"s:7:2:17:Infinity":0,"s:8:16:8:Infinity":1,"s:9:4:9:Infinity":2,"s:11:20:11:Infinity":3,"s:12:19:12:Infinity":4,"s:14:4:14:Infinity":5,"s:16:4:16:Infinity":6}}}
,"/Users/daniel/Desktop/CanAgenda/PawnPlanner/backend/api/controllers/owners/delete.ts": {"path":"/Users/daniel/Desktop/CanAgenda/PawnPlanner/backend/api/controllers/owners/delete.ts","statementMap":{"0":{"start":{"line":6,"column":2},"end":{"line":16,"column":null}},"1":{"start":{"line":7,"column":19},"end":{"line":7,"column":null}},"2":{"start":{"line":8,"column":15},"end":{"line":8,"column":null}},"3":{"start":{"line":10,"column":20},"end":{"line":10,"column":null}},"4":{"start":{"line":11,"column":4},"end":{"line":11,"column":null}},"5":{"start":{"line":13,"column":4},"end":{"line":13,"column":null}},"6":{"start":{"line":15,"column":4},"end":{"line":15,"column":null}}},"fnMap":{"0":{"name":"deleteOwner","decl":{"start":{"line":5,"column":22},"end":{"line":5,"column":34}},"loc":{"start":{"line":5,"column":83},"end":{"line":17,"column":null}},"line":5}},"branchMap":{},"s":{"0":4,"1":4,"2":4,"3":4,"4":4,"5":2,"6":2},"f":{"0":4},"b":{},"meta":{"lastBranch":0,"lastFunction":1,"lastStatement":7,"seen":{"f:5:22:5:34":0,"s:6:2:16:Infinity":0,"s:7:19:7:Infinity":1,"s:8:15:8:Infinity":2,"s:10:20:10:Infinity":3,"s:11:4:11:Infinity":4,"s:13:4:13:Infinity":5,"s:15:4:15:Infinity":6}}}
,"/Users/daniel/Desktop/CanAgenda/PawnPlanner/backend/api/controllers/owners/getAll.ts": {"path":"/Users/daniel/Desktop/CanAgenda/PawnPlanner/backend/api/controllers/owners/getAll.ts","statementMap":{"0":{"start":{"line":6,"column":2},"end":{"line":15,"column":null}},"1":{"start":{"line":7,"column":19},"end":{"line":7,"column":null}},"2":{"start":{"line":9,"column":20},"end":{"line":9,"column":null}},"3":{"start":{"line":10,"column":20},"end":{"line":10,"column":null}},"4":{"start":{"line":12,"column":4},"end":{"line":12,"column":null}},"5":{"start":{"line":14,"column":4},"end":{"line":14,"column":null}}},"fnMap":{"0":{"name":"getAllOwners","decl":{"start":{"line":5,"column":22},"end":{"line":5,"column":35}},"loc":{"start":{"line":5,"column":84},"end":{"line":16,"column":null}},"line":5}},"branchMap":{},"s":{"0":8,"1":8,"2":8,"3":8,"4":8,"5":0},"f":{"0":8},"b":{},"meta":{"lastBranch":0,"lastFunction":1,"lastStatement":6,"seen":{"f:5:22:5:35":0,"s:6:2:15:Infinity":0,"s:7:19:7:Infinity":1,"s:9:20:9:Infinity":2,"s:10:20:10:Infinity":3,"s:12:4:12:Infinity":4,"s:14:4:14:Infinity":5}}}
,"/Users/daniel/Desktop/CanAgenda/PawnPlanner/backend/api/controllers/owners/getByEmail.ts": {"path":"/Users/daniel/Desktop/CanAgenda/PawnPlanner/backend/api/controllers/owners/getByEmail.ts","statementMap":{"0":{"start":{"line":6,"column":2},"end":{"line":15,"column":null}},"1":{"start":{"line":7,"column":19},"end":{"line":7,"column":null}},"2":{"start":{"line":9,"column":20},"end":{"line":9,"column":null}},"3":{"start":{"line":10,"column":19},"end":{"line":10,"column":null}},"4":{"start":{"line":12,"column":4},"end":{"line":12,"column":null}},"5":{"start":{"line":14,"column":4},"end":{"line":14,"column":null}}},"fnMap":{"0":{"name":"getOwnerByEmail","decl":{"start":{"line":5,"column":22},"end":{"line":5,"column":38}},"loc":{"start":{"line":5,"column":87},"end":{"line":16,"column":null}},"line":5}},"branchMap":{},"s":{"0":7,"1":7,"2":7,"3":7,"4":6,"5":1},"f":{"0":7},"b":{},"meta":{"lastBranch":0,"lastFunction":1,"lastStatement":6,"seen":{"f:5:22:5:38":0,"s:6:2:15:Infinity":0,"s:7:19:7:Infinity":1,"s:9:20:9:Infinity":2,"s:10:19:10:Infinity":3,"s:12:4:12:Infinity":4,"s:14:4:14:Infinity":5}}}
,"/Users/daniel/Desktop/CanAgenda/PawnPlanner/backend/api/controllers/owners/getById.ts": {"path":"/Users/daniel/Desktop/CanAgenda/PawnPlanner/backend/api/controllers/owners/getById.ts","statementMap":{"0":{"start":{"line":6,"column":2},"end":{"line":20,"column":null}},"1":{"start":{"line":7,"column":15},"end":{"line":7,"column":null}},"2":{"start":{"line":8,"column":4},"end":{"line":10,"column":null}},"3":{"start":{"line":9,"column":6},"end":{"line":9,"column":null}},"4":{"start":{"line":12,"column":19},"end":{"line":12,"column":null}},"5":{"start":{"line":14,"column":20},"end":{"line":14,"column":null}},"6":{"start":{"line":15,"column":19},"end":{"line":15,"column":null}},"7":{"start":{"line":17,"column":4},"end":{"line":17,"column":null}},"8":{"start":{"line":19,"column":4},"end":{"line":19,"column":null}}},"fnMap":{"0":{"name":"getOwnerById","decl":{"start":{"line":5,"column":22},"end":{"line":5,"column":35}},"loc":{"start":{"line":5,"column":84},"end":{"line":21,"column":null}},"line":5}},"branchMap":{"0":{"loc":{"start":{"line":8,"column":4},"end":{"line":10,"column":null}},"type":"if","locations":[{"start":{"line":8,"column":4},"end":{"line":10,"column":null}},{"start":{},"end":{}}],"line":8}},"s":{"0":10,"1":10,"2":10,"3":1,"4":9,"5":9,"6":9,"7":6,"8":3},"f":{"0":10},"b":{"0":[1,9]},"meta":{"lastBranch":1,"lastFunction":1,"lastStatement":9,"seen":{"f:5:22:5:35":0,"s:6:2:20:Infinity":0,"s:7:15:7:Infinity":1,"b:8:4:10:Infinity:undefined:undefined:undefined:undefined":0,"s:8:4:10:Infinity":2,"s:9:6:9:Infinity":3,"s:12:19:12:Infinity":4,"s:14:20:14:Infinity":5,"s:15:19:15:Infinity":6,"s:17:4:17:Infinity":7,"s:19:4:19:Infinity":8}}}
,"/Users/daniel/Desktop/CanAgenda/PawnPlanner/backend/api/controllers/owners/getByName.ts": {"path":"/Users/daniel/Desktop/CanAgenda/PawnPlanner/backend/api/controllers/owners/getByName.ts","statementMap":{"0":{"start":{"line":6,"column":2},"end":{"line":15,"column":null}},"1":{"start":{"line":7,"column":19},"end":{"line":7,"column":null}},"2":{"start":{"line":9,"column":20},"end":{"line":9,"column":null}},"3":{"start":{"line":10,"column":19},"end":{"line":10,"column":null}},"4":{"start":{"line":12,"column":4},"end":{"line":12,"column":null}},"5":{"start":{"line":14,"column":4},"end":{"line":14,"column":null}}},"fnMap":{"0":{"name":"getOwnerByName","decl":{"start":{"line":5,"column":22},"end":{"line":5,"column":37}},"loc":{"start":{"line":5,"column":86},"end":{"line":16,"column":null}},"line":5}},"branchMap":{},"s":{"0":8,"1":8,"2":8,"3":8,"4":8,"5":0},"f":{"0":8},"b":{},"meta":{"lastBranch":0,"lastFunction":1,"lastStatement":6,"seen":{"f:5:22:5:37":0,"s:6:2:15:Infinity":0,"s:7:19:7:Infinity":1,"s:9:20:9:Infinity":2,"s:10:19:10:Infinity":3,"s:12:4:12:Infinity":4,"s:14:4:14:Infinity":5}}}
,"/Users/daniel/Desktop/CanAgenda/PawnPlanner/backend/api/controllers/owners/update.ts": {"path":"/Users/daniel/Desktop/CanAgenda/PawnPlanner/backend/api/controllers/owners/update.ts","statementMap":{"0":{"start":{"line":7,"column":2},"end":{"line":17,"column":null}},"1":{"start":{"line":8,"column":15},"end":{"line":8,"column":null}},"2":{"start":{"line":9,"column":19},"end":{"line":9,"column":null}},"3":{"start":{"line":11,"column":20},"end":{"line":11,"column":null}},"4":{"start":{"line":12,"column":19},"end":{"line":12,"column":null}},"5":{"start":{"line":14,"column":4},"end":{"line":14,"column":null}},"6":{"start":{"line":16,"column":4},"end":{"line":16,"column":null}}},"fnMap":{"0":{"name":"updateOwner","decl":{"start":{"line":6,"column":22},"end":{"line":6,"column":34}},"loc":{"start":{"line":6,"column":83},"end":{"line":18,"column":null}},"line":6}},"branchMap":{},"s":{"0":4,"1":4,"2":4,"3":4,"4":4,"5":1,"6":3},"f":{"0":4},"b":{},"meta":{"lastBranch":0,"lastFunction":1,"lastStatement":7,"seen":{"f:6:22:6:34":0,"s:7:2:17:Infinity":0,"s:8:15:8:Infinity":1,"s:9:19:9:Infinity":2,"s:11:20:11:Infinity":3,"s:12:19:12:Infinity":4,"s:14:4:14:Infinity":5,"s:16:4:16:Infinity":6}}}
,"/Users/daniel/Desktop/CanAgenda/PawnPlanner/backend/api/controllers/pets/create.ts": {"path":"/Users/daniel/Desktop/CanAgenda/PawnPlanner/backend/api/controllers/pets/create.ts","statementMap":{"0":{"start":{"line":7,"column":2},"end":{"line":14,"column":null}},"1":{"start":{"line":8,"column":19},"end":{"line":8,"column":null}},"2":{"start":{"line":9,"column":20},"end":{"line":9,"column":null}},"3":{"start":{"line":10,"column":16},"end":{"line":10,"column":null}},"4":{"start":{"line":11,"column":4},"end":{"line":11,"column":null}},"5":{"start":{"line":13,"column":4},"end":{"line":13,"column":null}}},"fnMap":{"0":{"name":"createPet","decl":{"start":{"line":6,"column":22},"end":{"line":6,"column":32}},"loc":{"start":{"line":6,"column":81},"end":{"line":15,"column":null}},"line":6}},"branchMap":{},"s":{"0":23,"1":23,"2":23,"3":23,"4":18,"5":5},"f":{"0":23},"b":{},"meta":{"lastBranch":0,"lastFunction":1,"lastStatement":6,"seen":{"f:6:22:6:32":0,"s:7:2:14:Infinity":0,"s:8:19:8:Infinity":1,"s:9:20:9:Infinity":2,"s:10:16:10:Infinity":3,"s:11:4:11:Infinity":4,"s:13:4:13:Infinity":5}}}
,"/Users/daniel/Desktop/CanAgenda/PawnPlanner/backend/api/controllers/pets/delete.ts": {"path":"/Users/daniel/Desktop/CanAgenda/PawnPlanner/backend/api/controllers/pets/delete.ts","statementMap":{"0":{"start":{"line":6,"column":2},"end":{"line":13,"column":null}},"1":{"start":{"line":7,"column":19},"end":{"line":7,"column":null}},"2":{"start":{"line":8,"column":20},"end":{"line":8,"column":null}},"3":{"start":{"line":9,"column":4},"end":{"line":9,"column":null}},"4":{"start":{"line":10,"column":4},"end":{"line":10,"column":null}},"5":{"start":{"line":12,"column":4},"end":{"line":12,"column":null}}},"fnMap":{"0":{"name":"deletePet","decl":{"start":{"line":5,"column":22},"end":{"line":5,"column":32}},"loc":{"start":{"line":5,"column":81},"end":{"line":14,"column":null}},"line":5}},"branchMap":{},"s":{"0":0,"1":0,"2":0,"3":0,"4":0,"5":0},"f":{"0":0},"b":{},"meta":{"lastBranch":0,"lastFunction":1,"lastStatement":6,"seen":{"f:5:22:5:32":0,"s:6:2:13:Infinity":0,"s:7:19:7:Infinity":1,"s:8:20:8:Infinity":2,"s:9:4:9:Infinity":3,"s:10:4:10:Infinity":4,"s:12:4:12:Infinity":5}}}
,"/Users/daniel/Desktop/CanAgenda/PawnPlanner/backend/api/controllers/pets/getAll.ts": {"path":"/Users/daniel/Desktop/CanAgenda/PawnPlanner/backend/api/controllers/pets/getAll.ts","statementMap":{"0":{"start":{"line":6,"column":2},"end":{"line":13,"column":null}},"1":{"start":{"line":7,"column":19},"end":{"line":7,"column":null}},"2":{"start":{"line":8,"column":20},"end":{"line":8,"column":null}},"3":{"start":{"line":9,"column":17},"end":{"line":9,"column":null}},"4":{"start":{"line":10,"column":4},"end":{"line":10,"column":null}},"5":{"start":{"line":12,"column":4},"end":{"line":12,"column":null}}},"fnMap":{"0":{"name":"getAllPets","decl":{"start":{"line":5,"column":22},"end":{"line":5,"column":33}},"loc":{"start":{"line":5,"column":82},"end":{"line":14,"column":null}},"line":5}},"branchMap":{},"s":{"0":2,"1":2,"2":2,"3":2,"4":2,"5":0},"f":{"0":2},"b":{},"meta":{"lastBranch":0,"lastFunction":1,"lastStatement":6,"seen":{"f:5:22:5:33":0,"s:6:2:13:Infinity":0,"s:7:19:7:Infinity":1,"s:8:20:8:Infinity":2,"s:9:17:9:Infinity":3,"s:10:4:10:Infinity":4,"s:12:4:12:Infinity":5}}}
,"/Users/daniel/Desktop/CanAgenda/PawnPlanner/backend/api/controllers/pets/getByBreed.ts": {"path":"/Users/daniel/Desktop/CanAgenda/PawnPlanner/backend/api/controllers/pets/getByBreed.ts","statementMap":{"0":{"start":{"line":6,"column":2},"end":{"line":13,"column":null}},"1":{"start":{"line":7,"column":19},"end":{"line":7,"column":null}},"2":{"start":{"line":8,"column":20},"end":{"line":8,"column":null}},"3":{"start":{"line":9,"column":17},"end":{"line":9,"column":null}},"4":{"start":{"line":10,"column":4},"end":{"line":10,"column":null}},"5":{"start":{"line":12,"column":4},"end":{"line":12,"column":null}}},"fnMap":{"0":{"name":"getPetsByBreed","decl":{"start":{"line":5,"column":22},"end":{"line":5,"column":37}},"loc":{"start":{"line":5,"column":86},"end":{"line":14,"column":null}},"line":5}},"branchMap":{},"s":{"0":0,"1":0,"2":0,"3":0,"4":0,"5":0},"f":{"0":0},"b":{},"meta":{"lastBranch":0,"lastFunction":1,"lastStatement":6,"seen":{"f:5:22:5:37":0,"s:6:2:13:Infinity":0,"s:7:19:7:Infinity":1,"s:8:20:8:Infinity":2,"s:9:17:9:Infinity":3,"s:10:4:10:Infinity":4,"s:12:4:12:Infinity":5}}}
,"/Users/daniel/Desktop/CanAgenda/PawnPlanner/backend/api/controllers/pets/getById.ts": {"path":"/Users/daniel/Desktop/CanAgenda/PawnPlanner/backend/api/controllers/pets/getById.ts","statementMap":{"0":{"start":{"line":6,"column":2},"end":{"line":18,"column":null}},"1":{"start":{"line":7,"column":19},"end":{"line":7,"column":null}},"2":{"start":{"line":8,"column":20},"end":{"line":8,"column":null}},"3":{"start":{"line":9,"column":16},"end":{"line":9,"column":null}},"4":{"start":{"line":11,"column":4},"end":{"line":13,"column":null}},"5":{"start":{"line":12,"column":6},"end":{"line":12,"column":null}},"6":{"start":{"line":15,"column":4},"end":{"line":15,"column":null}},"7":{"start":{"line":17,"column":4},"end":{"line":17,"column":null}}},"fnMap":{"0":{"name":"getPetById","decl":{"start":{"line":5,"column":22},"end":{"line":5,"column":33}},"loc":{"start":{"line":5,"column":82},"end":{"line":19,"column":null}},"line":5}},"branchMap":{"0":{"loc":{"start":{"line":11,"column":4},"end":{"line":13,"column":null}},"type":"if","locations":[{"start":{"line":11,"column":4},"end":{"line":13,"column":null}},{"start":{},"end":{}}],"line":11}},"s":{"0":2,"1":2,"2":2,"3":2,"4":2,"5":1,"6":1,"7":0},"f":{"0":2},"b":{"0":[1,1]},"meta":{"lastBranch":1,"lastFunction":1,"lastStatement":8,"seen":{"f:5:22:5:33":0,"s:6:2:18:Infinity":0,"s:7:19:7:Infinity":1,"s:8:20:8:Infinity":2,"s:9:16:9:Infinity":3,"b:11:4:13:Infinity:undefined:undefined:undefined:undefined":0,"s:11:4:13:Infinity":4,"s:12:6:12:Infinity":5,"s:15:4:15:Infinity":6,"s:17:4:17:Infinity":7}}}
,"/Users/daniel/Desktop/CanAgenda/PawnPlanner/backend/api/controllers/pets/getByName.ts": {"path":"/Users/daniel/Desktop/CanAgenda/PawnPlanner/backend/api/controllers/pets/getByName.ts","statementMap":{"0":{"start":{"line":6,"column":2},"end":{"line":13,"column":null}},"1":{"start":{"line":7,"column":19},"end":{"line":7,"column":null}},"2":{"start":{"line":8,"column":20},"end":{"line":8,"column":null}},"3":{"start":{"line":9,"column":17},"end":{"line":9,"column":null}},"4":{"start":{"line":10,"column":4},"end":{"line":10,"column":null}},"5":{"start":{"line":12,"column":4},"end":{"line":12,"column":null}}},"fnMap":{"0":{"name":"getPetsByName","decl":{"start":{"line":5,"column":22},"end":{"line":5,"column":36}},"loc":{"start":{"line":5,"column":85},"end":{"line":14,"column":null}},"line":5}},"branchMap":{},"s":{"0":0,"1":0,"2":0,"3":0,"4":0,"5":0},"f":{"0":0},"b":{},"meta":{"lastBranch":0,"lastFunction":1,"lastStatement":6,"seen":{"f:5:22:5:36":0,"s:6:2:13:Infinity":0,"s:7:19:7:Infinity":1,"s:8:20:8:Infinity":2,"s:9:17:9:Infinity":3,"s:10:4:10:Infinity":4,"s:12:4:12:Infinity":5}}}
,"/Users/daniel/Desktop/CanAgenda/PawnPlanner/backend/api/controllers/pets/update.ts": {"path":"/Users/daniel/Desktop/CanAgenda/PawnPlanner/backend/api/controllers/pets/update.ts","statementMap":{"0":{"start":{"line":8,"column":2},"end":{"line":19,"column":null}},"1":{"start":{"line":9,"column":19},"end":{"line":9,"column":null}},"2":{"start":{"line":10,"column":15},"end":{"line":10,"column":null}},"3":{"start":{"line":11,"column":20},"end":{"line":11,"column":null}},"4":{"start":{"line":12,"column":16},"end":{"line":12,"column":null}},"5":{"start":{"line":13,"column":4},"end":{"line":13,"column":null}},"6":{"start":{"line":15,"column":4},"end":{"line":17,"column":null}},"7":{"start":{"line":16,"column":6},"end":{"line":16,"column":null}},"8":{"start":{"line":18,"column":4},"end":{"line":18,"column":null}}},"fnMap":{"0":{"name":"updatePet","decl":{"start":{"line":7,"column":22},"end":{"line":7,"column":32}},"loc":{"start":{"line":7,"column":81},"end":{"line":20,"column":null}},"line":7}},"branchMap":{"0":{"loc":{"start":{"line":15,"column":4},"end":{"line":17,"column":null}},"type":"if","locations":[{"start":{"line":15,"column":4},"end":{"line":17,"column":null}},{"start":{},"end":{}}],"line":15}},"s":{"0":0,"1":0,"2":0,"3":0,"4":0,"5":0,"6":0,"7":0,"8":0},"f":{"0":0},"b":{"0":[0,0]},"meta":{"lastBranch":1,"lastFunction":1,"lastStatement":9,"seen":{"f:7:22:7:32":0,"s:8:2:19:Infinity":0,"s:9:19:9:Infinity":1,"s:10:15:10:Infinity":2,"s:11:20:11:Infinity":3,"s:12:16:12:Infinity":4,"s:13:4:13:Infinity":5,"b:15:4:17:Infinity:undefined:undefined:undefined:undefined":0,"s:15:4:17:Infinity":6,"s:16:6:16:Infinity":7,"s:18:4:18:Infinity":8}}}
,"/Users/daniel/Desktop/CanAgenda/PawnPlanner/backend/api/controllers/users/deleteMyAccount.ts": {"path":"/Users/daniel/Desktop/CanAgenda/PawnPlanner/backend/api/controllers/users/deleteMyAccount.ts","statementMap":{"0":{"start":{"line":6,"column":47},"end":{"line":14,"column":null}},"1":{"start":{"line":7,"column":2},"end":{"line":13,"column":null}},"2":{"start":{"line":8,"column":20},"end":{"line":8,"column":null}},"3":{"start":{"line":9,"column":4},"end":{"line":9,"column":null}},"4":{"start":{"line":10,"column":4},"end":{"line":10,"column":null}},"5":{"start":{"line":12,"column":4},"end":{"line":12,"column":null}}},"fnMap":{"0":{"name":"(anonymous_0)","decl":{"start":{"line":6,"column":47},"end":{"line":6,"column":54}},"loc":{"start":{"line":6,"column":73},"end":{"line":14,"column":null}},"line":6}},"branchMap":{},"s":{"0":32,"1":1,"2":1,"3":1,"4":1,"5":0},"f":{"0":1},"b":{},"meta":{"lastBranch":0,"lastFunction":1,"lastStatement":6,"seen":{"s:6:47:14:Infinity":0,"f:6:47:6:54":0,"s:7:2:13:Infinity":1,"s:8:20:8:Infinity":2,"s:9:4:9:Infinity":3,"s:10:4:10:Infinity":4,"s:12:4:12:Infinity":5}}}
,"/Users/daniel/Desktop/CanAgenda/PawnPlanner/backend/api/controllers/users/getMyProfile.ts": {"path":"/Users/daniel/Desktop/CanAgenda/PawnPlanner/backend/api/controllers/users/getMyProfile.ts","statementMap":{"0":{"start":{"line":7,"column":28},"end":{"line":15,"column":null}},"1":{"start":{"line":8,"column":2},"end":{"line":14,"column":null}},"2":{"start":{"line":9,"column":20},"end":{"line":9,"column":null}},"3":{"start":{"line":10,"column":17},"end":{"line":10,"column":null}},"4":{"start":{"line":11,"column":4},"end":{"line":11,"column":null}},"5":{"start":{"line":13,"column":4},"end":{"line":13,"column":null}}},"fnMap":{"0":{"name":"(anonymous_0)","decl":{"start":{"line":7,"column":28},"end":{"line":7,"column":35}},"loc":{"start":{"line":7,"column":91},"end":{"line":15,"column":null}},"line":7}},"branchMap":{},"s":{"0":32,"1":2,"2":2,"3":2,"4":1,"5":1},"f":{"0":2},"b":{},"meta":{"lastBranch":0,"lastFunction":1,"lastStatement":6,"seen":{"s:7:28:15:Infinity":0,"f:7:28:7:35":0,"s:8:2:14:Infinity":1,"s:9:20:9:Infinity":2,"s:10:17:10:Infinity":3,"s:11:4:11:Infinity":4,"s:13:4:13:Infinity":5}}}
,"/Users/daniel/Desktop/CanAgenda/PawnPlanner/backend/api/controllers/users/updateMyProfile.ts": {"path":"/Users/daniel/Desktop/CanAgenda/PawnPlanner/backend/api/controllers/users/updateMyProfile.ts","statementMap":{"0":{"start":{"line":8,"column":31},"end":{"line":20,"column":null}},"1":{"start":{"line":9,"column":2},"end":{"line":19,"column":null}},"2":{"start":{"line":11,"column":16},"end":{"line":11,"column":null}},"3":{"start":{"line":13,"column":20},"end":{"line":13,"column":null}},"4":{"start":{"line":14,"column":24},"end":{"line":14,"column":null}},"5":{"start":{"line":16,"column":4},"end":{"line":16,"column":null}},"6":{"start":{"line":18,"column":4},"end":{"line":18,"column":null}}},"fnMap":{"0":{"name":"(anonymous_0)","decl":{"start":{"line":8,"column":31},"end":{"line":8,"column":38}},"loc":{"start":{"line":8,"column":94},"end":{"line":20,"column":null}},"line":8}},"branchMap":{},"s":{"0":32,"1":2,"2":2,"3":2,"4":2,"5":1,"6":1},"f":{"0":2},"b":{},"meta":{"lastBranch":0,"lastFunction":1,"lastStatement":7,"seen":{"s:8:31:20:Infinity":0,"f:8:31:8:38":0,"s:9:2:19:Infinity":1,"s:11:16:11:Infinity":2,"s:13:20:13:Infinity":3,"s:14:24:14:Infinity":4,"s:16:4:16:Infinity":5,"s:18:4:18:Infinity":6}}}
,"/Users/daniel/Desktop/CanAgenda/PawnPlanner/backend/api/middlewares/authMiddleware.ts": {"path":"/Users/daniel/Desktop/CanAgenda/PawnPlanner/backend/api/middlewares/authMiddleware.ts","statementMap":{"0":{"start":{"line":6,"column":21},"end":{"line":6,"column":null}},"1":{"start":{"line":7,"column":2},"end":{"line":9,"column":null}},"2":{"start":{"line":8,"column":4},"end":{"line":8,"column":null}},"3":{"start":{"line":11,"column":16},"end":{"line":11,"column":null}},"4":{"start":{"line":12,"column":2},"end":{"line":19,"column":null}},"5":{"start":{"line":13,"column":20},"end":{"line":13,"column":null}},"6":{"start":{"line":14,"column":4},"end":{"line":14,"column":null}},"7":{"start":{"line":15,"column":4},"end":{"line":15,"column":null}},"8":{"start":{"line":17,"column":4},"end":{"line":17,"column":null}},"9":{"start":{"line":18,"column":4},"end":{"line":18,"column":null}}},"fnMap":{"0":{"name":"authMiddleware","decl":{"start":{"line":5,"column":16},"end":{"line":5,"column":31}},"loc":{"start":{"line":5,"column":84},"end":{"line":20,"column":null}},"line":5}},"branchMap":{"0":{"loc":{"start":{"line":7,"column":2},"end":{"line":9,"column":null}},"type":"if","locations":[{"start":{"line":7,"column":2},"end":{"line":9,"column":null}},{"start":{},"end":{}}],"line":7}},"s":{"0":232,"1":232,"2":11,"3":221,"4":221,"5":221,"6":221,"7":221,"8":2,"9":2},"f":{"0":232},"b":{"0":[11,221]},"meta":{"lastBranch":1,"lastFunction":1,"lastStatement":10,"seen":{"f:5:16:5:31":0,"s:6:21:6:Infinity":0,"b:7:2:9:Infinity:undefined:undefined:undefined:undefined":0,"s:7:2:9:Infinity":1,"s:8:4:8:Infinity":2,"s:11:16:11:Infinity":3,"s:12:2:19:Infinity":4,"s:13:20:13:Infinity":5,"s:14:4:14:Infinity":6,"s:15:4:15:Infinity":7,"s:17:4:17:Infinity":8,"s:18:4:18:Infinity":9}}}
,"/Users/daniel/Desktop/CanAgenda/PawnPlanner/backend/api/middlewares/validateDTO.ts": {"path":"/Users/daniel/Desktop/CanAgenda/PawnPlanner/backend/api/middlewares/validateDTO.ts","statementMap":{"0":{"start":{"line":5,"column":8},"end":{"line":5,"column":null}},"1":{"start":{"line":6,"column":2},"end":{"line":6,"column":null}},"2":{"start":{"line":7,"column":2},"end":{"line":7,"column":null}}},"fnMap":{"0":{"name":"validateDTO","decl":{"start":{"line":4,"column":22},"end":{"line":4,"column":52}},"loc":{"start":{"line":4,"column":98},"end":{"line":8,"column":null}},"line":4}},"branchMap":{},"s":{"0":149,"1":149,"2":144},"f":{"0":149},"b":{},"meta":{"lastBranch":0,"lastFunction":1,"lastStatement":3,"seen":{"f:4:22:4:52":0,"s:5:8:5:Infinity":0,"s:6:2:6:Infinity":1,"s:7:2:7:Infinity":2}}}
,"/Users/daniel/Desktop/CanAgenda/PawnPlanner/backend/api/middlewares/validationMiddleware.ts": {"path":"/Users/daniel/Desktop/CanAgenda/PawnPlanner/backend/api/middlewares/validationMiddleware.ts","statementMap":{"0":{"start":{"line":6,"column":2},"end":{"line":21,"column":null}},"1":{"start":{"line":7,"column":10},"end":{"line":7,"column":null}},"2":{"start":{"line":9,"column":19},"end":{"line":13,"column":null}},"3":{"start":{"line":15,"column":4},"end":{"line":17,"column":null}},"4":{"start":{"line":16,"column":6},"end":{"line":16,"column":null}},"5":{"start":{"line":19,"column":4},"end":{"line":19,"column":null}},"6":{"start":{"line":20,"column":4},"end":{"line":20,"column":null}}},"fnMap":{"0":{"name":"validationMiddleware","decl":{"start":{"line":5,"column":16},"end":{"line":5,"column":37}},"loc":{"start":{"line":5,"column":48},"end":{"line":22,"column":null}},"line":5},"1":{"name":"(anonymous_1)","decl":{"start":{"line":6,"column":9},"end":{"line":6,"column":16}},"loc":{"start":{"line":6,"column":69},"end":{"line":21,"column":null}},"line":6}},"branchMap":{"0":{"loc":{"start":{"line":15,"column":4},"end":{"line":17,"column":null}},"type":"if","locations":[{"start":{"line":15,"column":4},"end":{"line":17,"column":null}},{"start":{},"end":{}}],"line":15}},"s":{"0":288,"1":156,"2":156,"3":156,"4":17,"5":139,"6":139},"f":{"0":288,"1":156},"b":{"0":[17,139]},"meta":{"lastBranch":1,"lastFunction":2,"lastStatement":7,"seen":{"f:5:16:5:37":0,"s:6:2:21:Infinity":0,"f:6:9:6:16":1,"s:7:10:7:Infinity":1,"s:9:19:13:Infinity":2,"b:15:4:17:Infinity:undefined:undefined:undefined:undefined":0,"s:15:4:17:Infinity":3,"s:16:6:16:Infinity":4,"s:19:4:19:Infinity":5,"s:20:4:20:Infinity":6}}}
,"/Users/daniel/Desktop/CanAgenda/PawnPlanner/backend/api/routes/animals/index.ts": {"path":"/Users/daniel/Desktop/CanAgenda/PawnPlanner/backend/api/routes/animals/index.ts","statementMap":{"0":{"start":{"line":14,"column":6},"end":{"line":14,"column":null}},"1":{"start":{"line":17,"column":0},"end":{"line":17,"column":null}},"2":{"start":{"line":19,"column":0},"end":{"line":19,"column":null}},"3":{"start":{"line":20,"column":0},"end":{"line":20,"column":null}},"4":{"start":{"line":21,"column":0},"end":{"line":21,"column":null}},"5":{"start":{"line":23,"column":0},"end":{"line":23,"column":null}},"6":{"start":{"line":24,"column":0},"end":{"line":24,"column":null}},"7":{"start":{"line":25,"column":0},"end":{"line":25,"column":null}}},"fnMap":{},"branchMap":{},"s":{"0":32,"1":32,"2":32,"3":32,"4":32,"5":32,"6":32,"7":32},"f":{},"b":{},"meta":{"lastBranch":0,"lastFunction":0,"lastStatement":8,"seen":{"s:14:6:14:Infinity":0,"s:17:0:17:Infinity":1,"s:19:0:19:Infinity":2,"s:20:0:20:Infinity":3,"s:21:0:21:Infinity":4,"s:23:0:23:Infinity":5,"s:24:0:24:Infinity":6,"s:25:0:25:Infinity":7}}}
,"/Users/daniel/Desktop/CanAgenda/PawnPlanner/backend/api/routes/auth/index.ts": {"path":"/Users/daniel/Desktop/CanAgenda/PawnPlanner/backend/api/routes/auth/index.ts","statementMap":{"0":{"start":{"line":10,"column":6},"end":{"line":10,"column":null}},"1":{"start":{"line":12,"column":0},"end":{"line":12,"column":null}},"2":{"start":{"line":13,"column":0},"end":{"line":13,"column":null}},"3":{"start":{"line":14,"column":0},"end":{"line":14,"column":null}},"4":{"start":{"line":15,"column":0},"end":{"line":15,"column":null}},"5":{"start":{"line":16,"column":0},"end":{"line":16,"column":null}},"6":{"start":{"line":18,"column":0},"end":{"line":18,"column":null}}},"fnMap":{},"branchMap":{},"s":{"0":32,"1":32,"2":32,"3":32,"4":32,"5":32,"6":32},"f":{},"b":{},"meta":{"lastBranch":0,"lastFunction":0,"lastStatement":7,"seen":{"s:10:6:10:Infinity":0,"s:12:0:12:Infinity":1,"s:13:0:13:Infinity":2,"s:14:0:14:Infinity":3,"s:15:0:15:Infinity":4,"s:16:0:16:Infinity":5,"s:18:0:18:Infinity":6}}}
,"/Users/daniel/Desktop/CanAgenda/PawnPlanner/backend/api/routes/breeds/index.ts": {"path":"/Users/daniel/Desktop/CanAgenda/PawnPlanner/backend/api/routes/breeds/index.ts","statementMap":{"0":{"start":{"line":15,"column":6},"end":{"line":15,"column":null}},"1":{"start":{"line":17,"column":0},"end":{"line":17,"column":null}},"2":{"start":{"line":19,"column":0},"end":{"line":19,"column":null}},"3":{"start":{"line":20,"column":0},"end":{"line":20,"column":null}},"4":{"start":{"line":21,"column":0},"end":{"line":21,"column":null}},"5":{"start":{"line":23,"column":0},"end":{"line":23,"column":null}},"6":{"start":{"line":24,"column":0},"end":{"line":24,"column":null}},"7":{"start":{"line":25,"column":0},"end":{"line":25,"column":null}},"8":{"start":{"line":26,"column":0},"end":{"line":26,"column":null}}},"fnMap":{},"branchMap":{},"s":{"0":32,"1":32,"2":32,"3":32,"4":32,"5":32,"6":32,"7":32,"8":32},"f":{},"b":{},"meta":{"lastBranch":0,"lastFunction":0,"lastStatement":9,"seen":{"s:15:6:15:Infinity":0,"s:17:0:17:Infinity":1,"s:19:0:19:Infinity":2,"s:20:0:20:Infinity":3,"s:21:0:21:Infinity":4,"s:23:0:23:Infinity":5,"s:24:0:24:Infinity":6,"s:25:0:25:Infinity":7,"s:26:0:26:Infinity":8}}}
,"/Users/daniel/Desktop/CanAgenda/PawnPlanner/backend/api/routes/owners/index.ts": {"path":"/Users/daniel/Desktop/CanAgenda/PawnPlanner/backend/api/routes/owners/index.ts","statementMap":{"0":{"start":{"line":16,"column":6},"end":{"line":16,"column":null}},"1":{"start":{"line":18,"column":0},"end":{"line":18,"column":null}},"2":{"start":{"line":20,"column":0},"end":{"line":20,"column":null}},"3":{"start":{"line":21,"column":0},"end":{"line":21,"column":null}},"4":{"start":{"line":22,"column":0},"end":{"line":22,"column":null}},"5":{"start":{"line":24,"column":0},"end":{"line":24,"column":null}},"6":{"start":{"line":25,"column":0},"end":{"line":25,"column":null}},"7":{"start":{"line":26,"column":0},"end":{"line":26,"column":null}},"8":{"start":{"line":27,"column":0},"end":{"line":27,"column":null}}},"fnMap":{},"branchMap":{},"s":{"0":32,"1":32,"2":32,"3":32,"4":32,"5":32,"6":32,"7":32,"8":32},"f":{},"b":{},"meta":{"lastBranch":0,"lastFunction":0,"lastStatement":9,"seen":{"s:16:6:16:Infinity":0,"s:18:0:18:Infinity":1,"s:20:0:20:Infinity":2,"s:21:0:21:Infinity":3,"s:22:0:22:Infinity":4,"s:24:0:24:Infinity":5,"s:25:0:25:Infinity":6,"s:26:0:26:Infinity":7,"s:27:0:27:Infinity":8}}}
,"/Users/daniel/Desktop/CanAgenda/PawnPlanner/backend/api/routes/pets/index.ts": {"path":"/Users/daniel/Desktop/CanAgenda/PawnPlanner/backend/api/routes/pets/index.ts","statementMap":{"0":{"start":{"line":16,"column":6},"end":{"line":16,"column":null}},"1":{"start":{"line":19,"column":0},"end":{"line":19,"column":null}},"2":{"start":{"line":21,"column":0},"end":{"line":21,"column":null}},"3":{"start":{"line":22,"column":0},"end":{"line":22,"column":null}},"4":{"start":{"line":23,"column":0},"end":{"line":23,"column":null}},"5":{"start":{"line":24,"column":0},"end":{"line":24,"column":null}},"6":{"start":{"line":25,"column":0},"end":{"line":25,"column":null}},"7":{"start":{"line":26,"column":0},"end":{"line":26,"column":null}},"8":{"start":{"line":27,"column":0},"end":{"line":27,"column":null}}},"fnMap":{},"branchMap":{},"s":{"0":32,"1":32,"2":32,"3":32,"4":32,"5":32,"6":32,"7":32,"8":32},"f":{},"b":{},"meta":{"lastBranch":0,"lastFunction":0,"lastStatement":9,"seen":{"s:16:6:16:Infinity":0,"s:19:0:19:Infinity":1,"s:21:0:21:Infinity":2,"s:22:0:22:Infinity":3,"s:23:0:23:Infinity":4,"s:24:0:24:Infinity":5,"s:25:0:25:Infinity":6,"s:26:0:26:Infinity":7,"s:27:0:27:Infinity":8}}}
,"/Users/daniel/Desktop/CanAgenda/PawnPlanner/backend/api/routes/users/index.ts": {"path":"/Users/daniel/Desktop/CanAgenda/PawnPlanner/backend/api/routes/users/index.ts","statementMap":{"0":{"start":{"line":10,"column":6},"end":{"line":10,"column":null}},"1":{"start":{"line":12,"column":0},"end":{"line":12,"column":null}},"2":{"start":{"line":14,"column":0},"end":{"line":14,"column":null}},"3":{"start":{"line":15,"column":0},"end":{"line":15,"column":null}},"4":{"start":{"line":16,"column":0},"end":{"line":16,"column":null}}},"fnMap":{},"branchMap":{},"s":{"0":32,"1":32,"2":32,"3":32,"4":32},"f":{},"b":{},"meta":{"lastBranch":0,"lastFunction":0,"lastStatement":5,"seen":{"s:10:6:10:Infinity":0,"s:12:0:12:Infinity":1,"s:14:0:14:Infinity":2,"s:15:0:15:Infinity":3,"s:16:0:16:Infinity":4}}}
,"/Users/daniel/Desktop/CanAgenda/PawnPlanner/backend/application/animals/dto/CreateAnimalDTO.ts": {"path":"/Users/daniel/Desktop/CanAgenda/PawnPlanner/backend/application/animals/dto/CreateAnimalDTO.ts","statementMap":{"0":{"start":{"line":6,"column":2},"end":{"line":6,"column":null}}},"fnMap":{},"branchMap":{},"s":{"0":32},"f":{},"b":{},"meta":{"lastBranch":0,"lastFunction":0,"lastStatement":1,"seen":{"s:6:2:6:Infinity":0}}}
,"/Users/daniel/Desktop/CanAgenda/PawnPlanner/backend/application/animals/dto/UpdateAnimalDTO.ts": {"path":"/Users/daniel/Desktop/CanAgenda/PawnPlanner/backend/application/animals/dto/UpdateAnimalDTO.ts","statementMap":{"0":{"start":{"line":6,"column":2},"end":{"line":6,"column":null}}},"fnMap":{},"branchMap":{},"s":{"0":32},"f":{},"b":{},"meta":{"lastBranch":0,"lastFunction":0,"lastStatement":1,"seen":{"s:6:2:6:Infinity":0}}}
,"/Users/daniel/Desktop/CanAgenda/PawnPlanner/backend/application/animals/mappers/AnimalMapper.ts": {"path":"/Users/daniel/Desktop/CanAgenda/PawnPlanner/backend/application/animals/mappers/AnimalMapper.ts","statementMap":{"0":{"start":{"line":7,"column":4},"end":{"line":15,"column":null}},"1":{"start":{"line":11,"column":35},"end":{"line":14,"column":10}},"2":{"start":{"line":19,"column":4},"end":{"line":19,"column":null}},"3":{"start":{"line":19,"column":35},"end":{"line":19,"column":53}}},"fnMap":{"0":{"name":"(anonymous_0)","decl":{"start":{"line":6,"column":9},"end":{"line":6,"column":15}},"loc":{"start":{"line":6,"column":50},"end":{"line":16,"column":null}},"line":6},"1":{"name":"(anonymous_1)","decl":{"start":{"line":11,"column":27},"end":{"line":11,"column":28}},"loc":{"start":{"line":11,"column":35},"end":{"line":14,"column":10}},"line":11},"2":{"name":"(anonymous_2)","decl":{"start":{"line":18,"column":9},"end":{"line":18,"column":16}},"loc":{"start":{"line":18,"column":56},"end":{"line":20,"column":null}},"line":18},"3":{"name":"(anonymous_3)","decl":{"start":{"line":19,"column":23},"end":{"line":19,"column":24}},"loc":{"start":{"line":19,"column":35},"end":{"line":19,"column":53}},"line":19}},"branchMap":{"0":{"loc":{"start":{"line":11,"column":8},"end":{"line":14,"column":null}},"type":"binary-expr","locations":[{"start":{"line":11,"column":8},"end":{"line":14,"column":15}},{"start":{"line":14,"column":15},"end":{"line":14,"column":null}}],"line":11}},"s":{"0":47,"1":0,"2":6,"3":6},"f":{"0":37,"1":0,"2":37,"3":6},"b":{"0":[47,37]},"meta":{"lastBranch":1,"lastFunction":4,"lastStatement":4,"seen":{"f:6:9:6:15":0,"s:7:4:15:Infinity":0,"b:11:8:14:15:14:15:14:Infinity":0,"f:11:27:11:28":1,"s:11:35:14:10":1,"f:18:9:18:16":2,"s:19:4:19:Infinity":2,"f:19:23:19:24":3,"s:19:35:19:53":3}}}
,"/Users/daniel/Desktop/CanAgenda/PawnPlanner/backend/application/animals/services/CreateAnimalService.ts": {"path":"/Users/daniel/Desktop/CanAgenda/PawnPlanner/backend/application/animals/services/CreateAnimalService.ts","statementMap":{"0":{"start":{"line":10,"column":7},"end":{"line":28,"column":null}},"1":{"start":{"line":11,"column":50},"end":{"line":11,"column":75}},"2":{"start":{"line":14,"column":23},"end":{"line":14,"column":null}},"3":{"start":{"line":16,"column":21},"end":{"line":16,"column":null}},"4":{"start":{"line":17,"column":4},"end":{"line":19,"column":null}},"5":{"start":{"line":18,"column":6},"end":{"line":18,"column":null}},"6":{"start":{"line":21,"column":19},"end":{"line":21,"column":null}},"7":{"start":{"line":22,"column":4},"end":{"line":22,"column":null}},"8":{"start":{"line":23,"column":4},"end":{"line":23,"column":null}},"9":{"start":{"line":25,"column":18},"end":{"line":25,"column":null}},"10":{"start":{"line":26,"column":4},"end":{"line":26,"column":null}},"11":{"start":{"line":10,"column":13},"end":{"line":10,"column":33}}},"fnMap":{"0":{"name":"(anonymous_0)","decl":{"start":{"line":11,"column":2},"end":{"line":11,"column":15}},"loc":{"start":{"line":11,"column":75},"end":{"line":11,"column":null}},"line":11},"1":{"name":"(anonymous_1)","decl":{"start":{"line":13,"column":8},"end":{"line":13,"column":16}},"loc":{"start":{"line":13,"column":82},"end":{"line":27,"column":null}},"line":13}},"branchMap":{"0":{"loc":{"start":{"line":17,"column":4},"end":{"line":19,"column":null}},"type":"if","locations":[{"start":{"line":17,"column":4},"end":{"line":19,"column":null}},{"start":{},"end":{}}],"line":17}},"s":{"0":33,"1":39,"2":39,"3":39,"4":39,"5":2,"6":37,"7":37,"8":37,"9":37,"10":37,"11":33},"f":{"0":39,"1":39},"b":{"0":[2,37]},"meta":{"lastBranch":1,"lastFunction":2,"lastStatement":12,"seen":{"s:10:7:28:Infinity":0,"f:11:2:11:15":0,"s:11:50:11:75":1,"f:13:8:13:16":1,"s:14:23:14:Infinity":2,"s:16:21:16:Infinity":3,"b:17:4:19:Infinity:undefined:undefined:undefined:undefined":0,"s:17:4:19:Infinity":4,"s:18:6:18:Infinity":5,"s:21:19:21:Infinity":6,"s:22:4:22:Infinity":7,"s:23:4:23:Infinity":8,"s:25:18:25:Infinity":9,"s:26:4:26:Infinity":10,"s:10:13:10:33":11}}}
,"/Users/daniel/Desktop/CanAgenda/PawnPlanner/backend/application/animals/services/DeleteAnimalService.ts": {"path":"/Users/daniel/Desktop/CanAgenda/PawnPlanner/backend/application/animals/services/DeleteAnimalService.ts","statementMap":{"0":{"start":{"line":6,"column":7},"end":{"line":16,"column":null}},"1":{"start":{"line":7,"column":50},"end":{"line":7,"column":75}},"2":{"start":{"line":10,"column":20},"end":{"line":10,"column":null}},"3":{"start":{"line":12,"column":4},"end":{"line":14,"column":null}},"4":{"start":{"line":13,"column":6},"end":{"line":13,"column":null}},"5":{"start":{"line":6,"column":13},"end":{"line":6,"column":33}}},"fnMap":{"0":{"name":"(anonymous_0)","decl":{"start":{"line":7,"column":2},"end":{"line":7,"column":15}},"loc":{"start":{"line":7,"column":75},"end":{"line":7,"column":null}},"line":7},"1":{"name":"(anonymous_1)","decl":{"start":{"line":9,"column":8},"end":{"line":9,"column":16}},"loc":{"start":{"line":9,"column":59},"end":{"line":15,"column":null}},"line":9}},"branchMap":{"0":{"loc":{"start":{"line":12,"column":4},"end":{"line":14,"column":null}},"type":"if","locations":[{"start":{"line":12,"column":4},"end":{"line":14,"column":null}},{"start":{},"end":{}}],"line":12}},"s":{"0":33,"1":4,"2":4,"3":4,"4":2,"5":33},"f":{"0":4,"1":4},"b":{"0":[2,2]},"meta":{"lastBranch":1,"lastFunction":2,"lastStatement":6,"seen":{"s:6:7:16:Infinity":0,"f:7:2:7:15":0,"s:7:50:7:75":1,"f:9:8:9:16":1,"s:10:20:10:Infinity":2,"b:12:4:14:Infinity:undefined:undefined:undefined:undefined":0,"s:12:4:14:Infinity":3,"s:13:6:13:Infinity":4,"s:6:13:6:33":5}}}
,"/Users/daniel/Desktop/CanAgenda/PawnPlanner/backend/application/animals/services/GetAllAnimalsService.ts": {"path":"/Users/daniel/Desktop/CanAgenda/PawnPlanner/backend/application/animals/services/GetAllAnimalsService.ts","statementMap":{"0":{"start":{"line":7,"column":7},"end":{"line":14,"column":null}},"1":{"start":{"line":8,"column":50},"end":{"line":8,"column":75}},"2":{"start":{"line":11,"column":20},"end":{"line":11,"column":null}},"3":{"start":{"line":12,"column":4},"end":{"line":12,"column":null}},"4":{"start":{"line":7,"column":13},"end":{"line":7,"column":34}}},"fnMap":{"0":{"name":"(anonymous_0)","decl":{"start":{"line":8,"column":2},"end":{"line":8,"column":15}},"loc":{"start":{"line":8,"column":75},"end":{"line":8,"column":null}},"line":8},"1":{"name":"(anonymous_1)","decl":{"start":{"line":10,"column":8},"end":{"line":10,"column":16}},"loc":{"start":{"line":10,"column":62},"end":{"line":13,"column":null}},"line":10}},"branchMap":{},"s":{"0":33,"1":3,"2":3,"3":3,"4":33},"f":{"0":3,"1":3},"b":{},"meta":{"lastBranch":0,"lastFunction":2,"lastStatement":5,"seen":{"s:7:7:14:Infinity":0,"f:8:2:8:15":0,"s:8:50:8:75":1,"f:10:8:10:16":1,"s:11:20:11:Infinity":2,"s:12:4:12:Infinity":3,"s:7:13:7:34":4}}}
,"/Users/daniel/Desktop/CanAgenda/PawnPlanner/backend/application/animals/services/GetAnimalByIdService.ts": {"path":"/Users/daniel/Desktop/CanAgenda/PawnPlanner/backend/application/animals/services/GetAnimalByIdService.ts","statementMap":{"0":{"start":{"line":8,"column":7},"end":{"line":20,"column":null}},"1":{"start":{"line":9,"column":50},"end":{"line":9,"column":75}},"2":{"start":{"line":12,"column":19},"end":{"line":12,"column":null}},"3":{"start":{"line":14,"column":4},"end":{"line":16,"column":null}},"4":{"start":{"line":15,"column":6},"end":{"line":15,"column":null}},"5":{"start":{"line":18,"column":4},"end":{"line":18,"column":null}},"6":{"start":{"line":8,"column":13},"end":{"line":8,"column":34}}},"fnMap":{"0":{"name":"(anonymous_0)","decl":{"start":{"line":9,"column":2},"end":{"line":9,"column":15}},"loc":{"start":{"line":9,"column":75},"end":{"line":9,"column":null}},"line":9},"1":{"name":"(anonymous_1)","decl":{"start":{"line":11,"column":8},"end":{"line":11,"column":16}},"loc":{"start":{"line":11,"column":72},"end":{"line":19,"column":null}},"line":11}},"branchMap":{"0":{"loc":{"start":{"line":14,"column":4},"end":{"line":16,"column":null}},"type":"if","locations":[{"start":{"line":14,"column":4},"end":{"line":16,"column":null}},{"start":{},"end":{}}],"line":14}},"s":{"0":33,"1":4,"2":4,"3":4,"4":2,"5":2,"6":33},"f":{"0":4,"1":4},"b":{"0":[2,2]},"meta":{"lastBranch":1,"lastFunction":2,"lastStatement":7,"seen":{"s:8:7:20:Infinity":0,"f:9:2:9:15":0,"s:9:50:9:75":1,"f:11:8:11:16":1,"s:12:19:12:Infinity":2,"b:14:4:16:Infinity:undefined:undefined:undefined:undefined":0,"s:14:4:16:Infinity":3,"s:15:6:15:Infinity":4,"s:18:4:18:Infinity":5,"s:8:13:8:34":6}}}
,"/Users/daniel/Desktop/CanAgenda/PawnPlanner/backend/application/animals/services/GetAnimalsBySpeciesService.ts": {"path":"/Users/daniel/Desktop/CanAgenda/PawnPlanner/backend/application/animals/services/GetAnimalsBySpeciesService.ts","statementMap":{"0":{"start":{"line":7,"column":7},"end":{"line":17,"column":null}},"1":{"start":{"line":8,"column":50},"end":{"line":8,"column":75}},"2":{"start":{"line":11,"column":23},"end":{"line":11,"column":null}},"3":{"start":{"line":13,"column":20},"end":{"line":13,"column":null}},"4":{"start":{"line":15,"column":4},"end":{"line":15,"column":null}},"5":{"start":{"line":7,"column":13},"end":{"line":7,"column":40}}},"fnMap":{"0":{"name":"(anonymous_0)","decl":{"start":{"line":8,"column":2},"end":{"line":8,"column":15}},"loc":{"start":{"line":8,"column":75},"end":{"line":8,"column":null}},"line":8},"1":{"name":"(anonymous_1)","decl":{"start":{"line":10,"column":8},"end":{"line":10,"column":16}},"loc":{"start":{"line":10,"column":79},"end":{"line":16,"column":null}},"line":10}},"branchMap":{},"s":{"0":33,"1":3,"2":3,"3":3,"4":3,"5":33},"f":{"0":3,"1":3},"b":{},"meta":{"lastBranch":0,"lastFunction":2,"lastStatement":6,"seen":{"s:7:7:17:Infinity":0,"f:8:2:8:15":0,"s:8:50:8:75":1,"f:10:8:10:16":1,"s:11:23:11:Infinity":2,"s:13:20:13:Infinity":3,"s:15:4:15:Infinity":4,"s:7:13:7:40":5}}}
,"/Users/daniel/Desktop/CanAgenda/PawnPlanner/backend/application/animals/services/UpdateAnimalService.ts": {"path":"/Users/daniel/Desktop/CanAgenda/PawnPlanner/backend/application/animals/services/UpdateAnimalService.ts","statementMap":{"0":{"start":{"line":9,"column":7},"end":{"line":27,"column":null}},"1":{"start":{"line":10,"column":50},"end":{"line":10,"column":75}},"2":{"start":{"line":13,"column":20},"end":{"line":19,"column":null}},"3":{"start":{"line":21,"column":4},"end":{"line":23,"column":null}},"4":{"start":{"line":22,"column":6},"end":{"line":22,"column":null}},"5":{"start":{"line":25,"column":4},"end":{"line":25,"column":null}},"6":{"start":{"line":9,"column":13},"end":{"line":9,"column":33}}},"fnMap":{"0":{"name":"(anonymous_0)","decl":{"start":{"line":10,"column":2},"end":{"line":10,"column":15}},"loc":{"start":{"line":10,"column":75},"end":{"line":10,"column":null}},"line":10},"1":{"name":"(anonymous_1)","decl":{"start":{"line":12,"column":8},"end":{"line":12,"column":16}},"loc":{"start":{"line":12,"column":94},"end":{"line":26,"column":null}},"line":12}},"branchMap":{"0":{"loc":{"start":{"line":21,"column":4},"end":{"line":23,"column":null}},"type":"if","locations":[{"start":{"line":21,"column":4},"end":{"line":23,"column":null}},{"start":{},"end":{}}],"line":21}},"s":{"0":33,"1":4,"2":4,"3":4,"4":2,"5":2,"6":33},"f":{"0":4,"1":4},"b":{"0":[2,2]},"meta":{"lastBranch":1,"lastFunction":2,"lastStatement":7,"seen":{"s:9:7:27:Infinity":0,"f:10:2:10:15":0,"s:10:50:10:75":1,"f:12:8:12:16":1,"s:13:20:19:Infinity":2,"b:21:4:23:Infinity:undefined:undefined:undefined:undefined":0,"s:21:4:23:Infinity":3,"s:22:6:22:Infinity":4,"s:25:4:25:Infinity":5,"s:9:13:9:33":6}}}
,"/Users/daniel/Desktop/CanAgenda/PawnPlanner/backend/application/auth/dto/ChangePasswordDTO.ts": {"path":"/Users/daniel/Desktop/CanAgenda/PawnPlanner/backend/application/auth/dto/ChangePasswordDTO.ts","statementMap":{"0":{"start":{"line":6,"column":2},"end":{"line":6,"column":null}},"1":{"start":{"line":14,"column":2},"end":{"line":14,"column":null}}},"fnMap":{},"branchMap":{},"s":{"0":32,"1":32},"f":{},"b":{},"meta":{"lastBranch":0,"lastFunction":0,"lastStatement":2,"seen":{"s:6:2:6:Infinity":0,"s:14:2:14:Infinity":1}}}
[...]
{"line":40,"column":null}},"line":35},"5":{"name":"(anonymous_5)","decl":{"start":{"line":42,"column":8},"end":{"line":42,"column":17}},"loc":{"start":{"line":42,"column":68},"end":{"line":47,"column":null}},"line":42},"6":{"name":"(anonymous_6)","decl":{"start":{"line":49,"column":8},"end":{"line":49,"column":19}},"loc":{"start":{"line":49,"column":67},"end":{"line":63,"column":null}},"line":49},"7":{"name":"(anonymous_7)","decl":{"start":{"line":65,"column":8},"end":{"line":65,"column":20}},"loc":{"start":{"line":65,"column":74},"end":{"line":70,"column":null}},"line":65},"8":{"name":"(anonymous_8)","decl":{"start":{"line":72,"column":8},"end":{"line":72,"column":20}},"loc":{"start":{"line":72,"column":74},"end":{"line":76,"column":null}},"line":72}},"branchMap":{"0":{"loc":{"start":{"line":24,"column":4},"end":{"line":24,"column":null}},"type":"if","locations":[{"start":{"line":24,"column":4},"end":{"line":24,"column":null}},{"start":{},"end":{}}],"line":24},"1":{"loc":{"start":{"line":32,"column":11},"end":{"line":32,"column":null}},"type":"binary-expr","locations":[{"start":{"line":32,"column":11},"end":{"line":32,"column":32}},{"start":{"line":32,"column":32},"end":{"line":32,"column":null}}],"line":32}},"s":{"0":32,"1":115,"2":50,"3":1,"4":1,"5":0,"6":1,"7":1,"8":4,"9":4,"10":8,"11":33,"12":8,"13":8,"14":60,"15":51,"16":32},"f":{"0":115,"1":50,"2":1,"3":4,"4":8,"5":33,"6":8,"7":60,"8":51},"b":{"0":[0,1],"1":[4,2]},"meta":{"lastBranch":2,"lastFunction":9,"lastStatement":17,"seen":{"s:8:7:77:Infinity":0,"f:11:2:11:16":0,"s:12:4:12:Infinity":1,"f:15:8:15:15":1,"s:16:4:16:Infinity":2,"f:19:8:19:15":2,"s:20:26:22:Infinity":3,"b:24:4:24:Infinity:undefined:undefined:undefined:undefined":0,"s:24:4:24:Infinity":4,"s:24:24:24:Infinity":5,"s:26:20:26:Infinity":6,"s:27:4:27:Infinity":7,"f:30:8:30:15":3,"s:31:19:31:Infinity":8,"s:32:4:32:Infinity":9,"b:32:11:32:32:32:32:32:Infinity":1,"f:35:8:35:16":4,"s:36:4:39:Infinity":10,"f:42:8:42:17":5,"s:43:4:46:Infinity":11,"f:49:8:49:19":6,"s:50:23:54:Infinity":12,"s:56:4:62:Infinity":13,"f:65:8:65:20":7,"s:66:4:69:Infinity":14,"f:72:8:72:20":8,"s:73:4:75:Infinity":15,"s:8:13:8:57":16}}}
,"/Users/daniel/Desktop/CanAgenda/PawnPlanner/backend/infrastructure/repositories/PetRepository.ts": {"path":"/Users/daniel/Desktop/CanAgenda/PawnPlanner/backend/infrastructure/repositories/PetRepository.ts","statementMap":{"0":{"start":{"line":8,"column":7},"end":{"line":69,"column":null}},"1":{"start":{"line":12,"column":4},"end":{"line":12,"column":null}},"2":{"start":{"line":16,"column":4},"end":{"line":16,"column":null}},"3":{"start":{"line":20,"column":21},"end":{"line":23,"column":null}},"4":{"start":{"line":25,"column":4},"end":{"line":25,"column":null}},"5":{"start":{"line":25,"column":19},"end":{"line":25,"column":null}},"6":{"start":{"line":27,"column":4},"end":{"line":27,"column":null}},"7":{"start":{"line":28,"column":4},"end":{"line":28,"column":null}},"8":{"start":{"line":32,"column":4},"end":{"line":35,"column":null}},"9":{"start":{"line":39,"column":4},"end":{"line":42,"column":null}},"10":{"start":{"line":46,"column":23},"end":{"line":50,"column":null}},"11":{"start":{"line":52,"column":4},"end":{"line":55,"column":null}},"12":{"start":{"line":59,"column":4},"end":{"line":62,"column":null}},"13":{"start":{"line":66,"column":19},"end":{"line":66,"column":null}},"14":{"start":{"line":67,"column":4},"end":{"line":67,"column":null}},"15":{"start":{"line":8,"column":13},"end":{"line":8,"column":53}}},"fnMap":{"0":{"name":"(anonymous_0)","decl":{"start":{"line":11,"column":2},"end":{"line":11,"column":16}},"loc":{"start":{"line":11,"column":16},"end":{"line":13,"column":null}},"line":11},"1":{"name":"(anonymous_1)","decl":{"start":{"line":15,"column":8},"end":{"line":15,"column":13}},"loc":{"start":{"line":15,"column":37},"end":{"line":17,"column":null}},"line":15},"2":{"name":"(anonymous_2)","decl":{"start":{"line":19,"column":8},"end":{"line":19,"column":15}},"loc":{"start":{"line":19,"column":84},"end":{"line":29,"column":null}},"line":19},"3":{"name":"(anonymous_3)","decl":{"start":{"line":31,"column":8},"end":{"line":31,"column":17}},"loc":{"start":{"line":31,"column":66},"end":{"line":36,"column":null}},"line":31},"4":{"name":"(anonymous_4)","decl":{"start":{"line":38,"column":8},"end":{"line":38,"column":16}},"loc":{"start":{"line":38,"column":48},"end":{"line":43,"column":null}},"line":38},"5":{"name":"(anonymous_5)","decl":{"start":{"line":45,"column":8},"end":{"line":45,"column":19}},"loc":{"start":{"line":45,"column":65},"end":{"line":56,"column":null}},"line":45},"6":{"name":"(anonymous_6)","decl":{"start":{"line":58,"column":8},"end":{"line":58,"column":20}},"loc":{"start":{"line":58,"column":69},"end":{"line":63,"column":null}},"line":58},"7":{"name":"(anonymous_7)","decl":{"start":{"line":65,"column":8},"end":{"line":65,"column":15}},"loc":{"start":{"line":65,"column":61},"end":{"line":68,"column":null}},"line":65}},"branchMap":{"0":{"loc":{"start":{"line":25,"column":4},"end":{"line":25,"column":null}},"type":"if","locations":[{"start":{"line":25,"column":4},"end":{"line":25,"column":null}},{"start":{},"end":{}}],"line":25},"1":{"loc":{"start":{"line":67,"column":11},"end":{"line":67,"column":null}},"type":"binary-expr","locations":[{"start":{"line":67,"column":11},"end":{"line":67,"column":32}},{"start":{"line":67,"column":32},"end":{"line":67,"column":null}}],"line":67}},"s":{"0":32,"1":27,"2":18,"3":0,"4":0,"5":0,"6":0,"7":0,"8":2,"9":2,"10":0,"11":0,"12":0,"13":0,"14":0,"15":32},"f":{"0":27,"1":18,"2":0,"3":2,"4":2,"5":0,"6":0,"7":0},"b":{"0":[0,0],"1":[0,0]},"meta":{"lastBranch":2,"lastFunction":8,"lastStatement":16,"seen":{"s:8:7:69:Infinity":0,"f:11:2:11:16":0,"s:12:4:12:Infinity":1,"f:15:8:15:13":1,"s:16:4:16:Infinity":2,"f:19:8:19:15":2,"s:20:21:23:Infinity":3,"b:25:4:25:Infinity:undefined:undefined:undefined:undefined":0,"s:25:4:25:Infinity":4,"s:25:19:25:Infinity":5,"s:27:4:27:Infinity":6,"s:28:4:28:Infinity":7,"f:31:8:31:17":3,"s:32:4:35:Infinity":8,"f:38:8:38:16":4,"s:39:4:42:Infinity":9,"f:45:8:45:19":5,"s:46:23:50:Infinity":10,"s:52:4:55:Infinity":11,"f:58:8:58:20":6,"s:59:4:62:Infinity":12,"f:65:8:65:15":7,"s:66:19:66:Infinity":13,"s:67:4:67:Infinity":14,"b:67:11:67:32:67:32:67:Infinity":1,"s:8:13:8:53":15}}}
,"/Users/daniel/Desktop/CanAgenda/PawnPlanner/backend/infrastructure/repositories/UserRepository.ts": {"path":"/Users/daniel/Desktop/CanAgenda/PawnPlanner/backend/infrastructure/repositories/UserRepository.ts","statementMap":{"0":{"start":{"line":8,"column":7},"end":{"line":45,"column":null}},"1":{"start":{"line":12,"column":4},"end":{"line":12,"column":null}},"2":{"start":{"line":16,"column":4},"end":{"line":16,"column":null}},"3":{"start":{"line":20,"column":25},"end":{"line":20,"column":null}},"4":{"start":{"line":21,"column":4},"end":{"line":21,"column":null}},"5":{"start":{"line":21,"column":23},"end":{"line":21,"column":null}},"6":{"start":{"line":23,"column":24},"end":{"line":23,"column":null}},"7":{"start":{"line":24,"column":4},"end":{"line":24,"column":null}},"8":{"start":{"line":28,"column":4},"end":{"line":28,"column":null}},"9":{"start":{"line":32,"column":4},"end":{"line":32,"column":null}},"10":{"start":{"line":36,"column":4},"end":{"line":38,"column":null}},"11":{"start":{"line":42,"column":19},"end":{"line":42,"column":null}},"12":{"start":{"line":43,"column":4},"end":{"line":43,"column":null}},"13":{"start":{"line":8,"column":13},"end":{"line":8,"column":55}}},"fnMap":{"0":{"name":"(anonymous_0)","decl":{"start":{"line":11,"column":2},"end":{"line":11,"column":16}},"loc":{"start":{"line":11,"column":16},"end":{"line":13,"column":null}},"line":11},"1":{"name":"(anonymous_1)","decl":{"start":{"line":15,"column":8},"end":{"line":15,"column":13}},"loc":{"start":{"line":15,"column":40},"end":{"line":17,"column":null}},"line":15},"2":{"name":"(anonymous_2)","decl":{"start":{"line":19,"column":8},"end":{"line":19,"column":15}},"loc":{"start":{"line":19,"column":70},"end":{"line":25,"column":null}},"line":19},"3":{"name":"(anonymous_3)","decl":{"start":{"line":27,"column":8},"end":{"line":27,"column":17}},"loc":{"start":{"line":27,"column":51},"end":{"line":29,"column":null}},"line":27},"4":{"name":"(anonymous_4)","decl":{"start":{"line":31,"column":8},"end":{"line":31,"column":35}},"loc":{"start":{"line":31,"column":35},"end":{"line":33,"column":null}},"line":31},"5":{"name":"(anonymous_5)","decl":{"start":{"line":35,"column":8},"end":{"line":35,"column":20}},"loc":{"start":{"line":35,"column":57},"end":{"line":39,"column":null}},"line":35},"6":{"name":"(anonymous_6)","decl":{"start":{"line":41,"column":8},"end":{"line":41,"column":15}},"loc":{"start":{"line":41,"column":45},"end":{"line":44,"column":null}},"line":41}},"branchMap":{"0":{"loc":{"start":{"line":21,"column":4},"end":{"line":21,"column":null}},"type":"if","locations":[{"start":{"line":21,"column":4},"end":{"line":21,"column":null}},{"start":{},"end":{}}],"line":21},"1":{"loc":{"start":{"line":43,"column":11},"end":{"line":43,"column":null}},"type":"binary-expr","locations":[{"start":{"line":43,"column":11},"end":{"line":43,"column":32}},{"start":{"line":43,"column":32},"end":{"line":43,"column":null}}],"line":43}},"s":{"0":32,"1":149,"2":124,"3":1,"4":1,"5":0,"6":1,"7":1,"8":6,"9":0,"10":139,"11":1,"12":1,"13":32},"f":{"0":149,"1":124,"2":1,"3":6,"4":0,"5":139,"6":1},"b":{"0":[0,1],"1":[1,1]},"meta":{"lastBranch":2,"lastFunction":7,"lastStatement":14,"seen":{"s:8:7:45:Infinity":0,"f:11:2:11:16":0,"s:12:4:12:Infinity":1,"f:15:8:15:13":1,"s:16:4:16:Infinity":2,"f:19:8:19:15":2,"s:20:25:20:Infinity":3,"b:21:4:21:Infinity:undefined:undefined:undefined:undefined":0,"s:21:4:21:Infinity":4,"s:21:23:21:Infinity":5,"s:23:24:23:Infinity":6,"s:24:4:24:Infinity":7,"f:27:8:27:17":3,"s:28:4:28:Infinity":8,"f:31:8:31:35":4,"s:32:4:32:Infinity":9,"f:35:8:35:20":5,"s:36:4:38:Infinity":10,"f:41:8:41:15":6,"s:42:19:42:Infinity":11,"s:43:4:43:Infinity":12,"b:43:11:43:32:43:32:43:Infinity":1,"s:8:13:8:55":13}}}
,"/Users/daniel/Desktop/CanAgenda/PawnPlanner/backend/shared/errors/BadRequestError.ts": {"path":"/Users/daniel/Desktop/CanAgenda/PawnPlanner/backend/shared/errors/BadRequestError.ts","statementMap":{"0":{"start":{"line":5,"column":4},"end":{"line":5,"column":null}},"1":{"start":{"line":2,"column":2},"end":{"line":2,"column":null}},"2":{"start":{"line":6,"column":4},"end":{"line":6,"column":null}},"3":{"start":{"line":7,"column":4},"end":{"line":7,"column":null}}},"fnMap":{"0":{"name":"(anonymous_0)","decl":{"start":{"line":4,"column":2},"end":{"line":4,"column":14}},"loc":{"start":{"line":4,"column":31},"end":{"line":8,"column":null}},"line":4}},"branchMap":{},"s":{"0":3,"1":3,"2":3,"3":3},"f":{"0":3},"b":{},"meta":{"lastBranch":0,"lastFunction":1,"lastStatement":4,"seen":{"f:4:2:4:14":0,"s:5:4:5:Infinity":0,"s:2:2:2:Infinity":1,"s:6:4:6:Infinity":2,"s:7:4:7:Infinity":3}}}
,"/Users/daniel/Desktop/CanAgenda/PawnPlanner/backend/shared/errors/ConflictError.ts": {"path":"/Users/daniel/Desktop/CanAgenda/PawnPlanner/backend/shared/errors/ConflictError.ts","statementMap":{"0":{"start":{"line":5,"column":4},"end":{"line":5,"column":null}},"1":{"start":{"line":2,"column":2},"end":{"line":2,"column":null}},"2":{"start":{"line":6,"column":4},"end":{"line":6,"column":null}},"3":{"start":{"line":7,"column":4},"end":{"line":7,"column":null}}},"fnMap":{"0":{"name":"(anonymous_0)","decl":{"start":{"line":4,"column":2},"end":{"line":4,"column":14}},"loc":{"start":{"line":4,"column":31},"end":{"line":8,"column":null}},"line":4}},"branchMap":{},"s":{"0":17,"1":17,"2":17,"3":17},"f":{"0":17},"b":{},"meta":{"lastBranch":0,"lastFunction":1,"lastStatement":4,"seen":{"f:4:2:4:14":0,"s:5:4:5:Infinity":0,"s:2:2:2:Infinity":1,"s:6:4:6:Infinity":2,"s:7:4:7:Infinity":3}}}
,"/Users/daniel/Desktop/CanAgenda/PawnPlanner/backend/shared/errors/NotFoundError.ts": {"path":"/Users/daniel/Desktop/CanAgenda/PawnPlanner/backend/shared/errors/NotFoundError.ts","statementMap":{"0":{"start":{"line":5,"column":4},"end":{"line":5,"column":null}},"1":{"start":{"line":2,"column":2},"end":{"line":2,"column":null}},"2":{"start":{"line":6,"column":4},"end":{"line":6,"column":null}},"3":{"start":{"line":7,"column":4},"end":{"line":7,"column":null}}},"fnMap":{"0":{"name":"(anonymous_0)","decl":{"start":{"line":4,"column":2},"end":{"line":4,"column":14}},"loc":{"start":{"line":4,"column":31},"end":{"line":8,"column":null}},"line":4}},"branchMap":{},"s":{"0":32,"1":32,"2":32,"3":32},"f":{"0":32},"b":{},"meta":{"lastBranch":0,"lastFunction":1,"lastStatement":4,"seen":{"f:4:2:4:14":0,"s:5:4:5:Infinity":0,"s:2:2:2:Infinity":1,"s:6:4:6:Infinity":2,"s:7:4:7:Infinity":3}}}
,"/Users/daniel/Desktop/CanAgenda/PawnPlanner/backend/shared/errors/UnauthorizedError.ts": {"path":"/Users/daniel/Desktop/CanAgenda/PawnPlanner/backend/shared/errors/UnauthorizedError.ts","statementMap":{"0":{"start":{"line":5,"column":4},"end":{"line":5,"column":null}},"1":{"start":{"line":2,"column":2},"end":{"line":2,"column":null}},"2":{"start":{"line":6,"column":4},"end":{"line":6,"column":null}},"3":{"start":{"line":7,"column":4},"end":{"line":7,"column":null}}},"fnMap":{"0":{"name":"(anonymous_0)","decl":{"start":{"line":4,"column":2},"end":{"line":4,"column":14}},"loc":{"start":{"line":4,"column":31},"end":{"line":8,"column":null}},"line":4}},"branchMap":{},"s":{"0":22,"1":22,"2":22,"3":22},"f":{"0":22},"b":{},"meta":{"lastBranch":0,"lastFunction":1,"lastStatement":4,"seen":{"f:4:2:4:14":0,"s:5:4:5:Infinity":0,"s:2:2:2:Infinity":1,"s:6:4:6:Infinity":2,"s:7:4:7:Infinity":3}}}
,"/Users/daniel/Desktop/CanAgenda/PawnPlanner/backend/shared/utils/PasswordService.ts": {"path":"/Users/daniel/Desktop/CanAgenda/PawnPlanner/backend/shared/utils/PasswordService.ts","statementMap":{"0":{"start":{"line":5,"column":4},"end":{"line":5,"column":null}},"1":{"start":{"line":9,"column":4},"end":{"line":9,"column":null}}},"fnMap":{"0":{"name":"(anonymous_0)","decl":{"start":{"line":4,"column":15},"end":{"line":4,"column":20}},"loc":{"start":{"line":4,"column":55},"end":{"line":6,"column":null}},"line":4},"1":{"name":"(anonymous_1)","decl":{"start":{"line":8,"column":15},"end":{"line":8,"column":23}},"loc":{"start":{"line":8,"column":73},"end":{"line":10,"column":null}},"line":8}},"branchMap":{},"s":{"0":136,"1":21},"f":{"0":36,"1":36},"b":{},"meta":{"lastBranch":0,"lastFunction":2,"lastStatement":2,"seen":{"f:4:15:4:20":0,"s:5:4:5:Infinity":0,"f:8:15:8:23":1,"s:9:4:9:Infinity":1}}}
,"/Users/daniel/Desktop/CanAgenda/PawnPlanner/backend/shared/utils/TokenService.ts": {"path":"/Users/daniel/Desktop/CanAgenda/PawnPlanner/backend/shared/utils/TokenService.ts","statementMap":{"0":{"start":{"line":4,"column":2},"end":{"line":4,"column":null}},"1":{"start":{"line":5,"column":2},"end":{"line":5,"column":null}},"2":{"start":{"line":6,"column":2},"end":{"line":6,"column":null}},"3":{"start":{"line":9,"column":4},"end":{"line":9,"column":null}},"4":{"start":{"line":13,"column":4},"end":{"line":13,"column":null}},"5":{"start":{"line":17,"column":4},"end":{"line":17,"column":null}},"6":{"start":{"line":21,"column":4},"end":{"line":25,"column":null}},"7":{"start":{"line":22,"column":6},"end":{"line":22,"column":null}},"8":{"start":{"line":24,"column":6},"end":{"line":24,"column":null}},"9":{"start":{"line":29,"column":4},"end":{"line":33,"column":null}},"10":{"start":{"line":30,"column":6},"end":{"line":30,"column":null}},"11":{"start":{"line":32,"column":6},"end":{"line":32,"column":null}},"12":{"start":{"line":37,"column":4},"end":{"line":41,"column":null}},"13":{"start":{"line":38,"column":6},"end":{"line":38,"column":null}},"14":{"start":{"line":40,"column":6},"end":{"line":40,"column":null}}},"fnMap":{"0":{"name":"(anonymous_0)","decl":{"start":{"line":8,"column":9},"end":{"line":8,"column":29}},"loc":{"start":{"line":8,"column":54},"end":{"line":10,"column":null}},"line":8},"1":{"name":"(anonymous_1)","decl":{"start":{"line":12,"column":9},"end":{"line":12,"column":30}},"loc":{"start":{"line":12,"column":55},"end":{"line":14,"column":null}},"line":12},"2":{"name":"(anonymous_2)","decl":{"start":{"line":16,"column":9},"end":{"line":16,"column":28}},"loc":{"start":{"line":16,"column":53},"end":{"line":18,"column":null}},"line":16},"3":{"name":"(anonymous_3)","decl":{"start":{"line":20,"column":9},"end":{"line":20,"column":27}},"loc":{"start":{"line":20,"column":47},"end":{"line":26,"column":null}},"line":20},"4":{"name":"(anonymous_4)","decl":{"start":{"line":28,"column":9},"end":{"line":28,"column":28}},"loc":{"start":{"line":28,"column":48},"end":{"line":34,"column":null}},"line":28},"5":{"name":"(anonymous_5)","decl":{"start":{"line":36,"column":9},"end":{"line":36,"column":26}},"loc":{"start":{"line":36,"column":46},"end":{"line":42,"column":null}},"line":36}},"branchMap":{"0":{"loc":{"start":{"line":4,"column":33},"end":{"line":4,"column":null}},"type":"binary-expr","locations":[{"start":{"line":4,"column":33},"end":{"line":4,"column":59}},{"start":{"line":4,"column":59},"end":{"line":4,"column":null}}],"line":4},"1":{"loc":{"start":{"line":5,"column":34},"end":{"line":5,"column":null}},"type":"binary-expr","locations":[{"start":{"line":5,"column":34},"end":{"line":5,"column":68}},{"start":{"line":5,"column":68},"end":{"line":5,"column":null}}],"line":5},"2":{"loc":{"start":{"line":6,"column":32},"end":{"line":6,"column":null}},"type":"binary-expr","locations":[{"start":{"line":6,"column":32},"end":{"line":6,"column":64}},{"start":{"line":6,"column":64},"end":{"line":6,"column":null}}],"line":6}},"s":{"0":37,"1":37,"2":37,"3":133,"4":135,"5":8,"6":0,"7":0,"8":0,"9":9,"10":9,"11":5,"12":10,"13":10,"14":4},"f":{"0":37,"1":37,"2":37,"3":37,"4":37,"5":37},"b":{"0":[37,5],"1":[37,5],"2":[37,5]},"meta":{"lastBranch":3,"lastFunction":6,"lastStatement":15,"seen":{"s:4:2:4:Infinity":0,"b:4:33:4:59:4:59:4:Infinity":0,"s:5:2:5:Infinity":1,"b:5:34:5:68:5:68:5:Infinity":1,"s:6:2:6:Infinity":2,"b:6:32:6:64:6:64:6:Infinity":2,"f:8:9:8:29":0,"s:9:4:9:Infinity":3,"f:12:9:12:30":1,"s:13:4:13:Infinity":4,"f:16:9:16:28":2,"s:17:4:17:Infinity":5,"f:20:9:20:27":3,"s:21:4:25:Infinity":6,"s:22:6:22:Infinity":7,"s:24:6:24:Infinity":8,"f:28:9:28:28":4,"s:29:4:33:Infinity":9,"s:30:6:30:Infinity":10,"s:32:6:32:Infinity":11,"f:36:9:36:26":5,"s:37:4:41:Infinity":12,"s:38:6:38:Infinity":13,"s:40:6:40:Infinity":14}}}
,"/Users/daniel/Desktop/CanAgenda/PawnPlanner/backend/shared/utils/stringUtils.ts": {"path":"/Users/daniel/Desktop/CanAgenda/PawnPlanner/backend/shared/utils/stringUtils.ts","statementMap":{"0":{"start":{"line":2,"column":2},"end":{"line":2,"column":null}},"1":{"start":{"line":2,"column":13},"end":{"line":2,"column":null}},"2":{"start":{"line":3,"column":2},"end":{"line":8,"column":null}},"3":{"start":{"line":6,"column":6},"end":{"line":6,"column":null}}},"fnMap":{"0":{"name":"capitalize","decl":{"start":{"line":1,"column":16},"end":{"line":1,"column":27}},"loc":{"start":{"line":1,"column":49},"end":{"line":9,"column":null}},"line":1},"1":{"name":"(anonymous_1)","decl":{"start":{"line":5,"column":9},"end":{"line":5,"column":10}},"loc":{"start":{"line":6,"column":6},"end":{"line":6,"column":null}},"line":6}},"branchMap":{"0":{"loc":{"start":{"line":2,"column":2},"end":{"line":2,"column":null}},"type":"if","locations":[{"start":{"line":2,"column":2},"end":{"line":2,"column":null}},{"start":{},"end":{}}],"line":2},"1":{"loc":{"start":{"line":6,"column":6},"end":{"line":6,"column":null}},"type":"cond-expr","locations":[{"start":{"line":6,"column":24},"end":{"line":6,"column":85}},{"start":{"line":6,"column":85},"end":{"line":6,"column":null}}],"line":6}},"s":{"0":525,"1":1,"2":524,"3":531},"f":{"0":525,"1":531},"b":{"0":[1,524],"1":[531,0]},"meta":{"lastBranch":2,"lastFunction":2,"lastStatement":4,"seen":{"f:1:16:1:27":0,"b:2:2:2:Infinity:undefined:undefined:undefined:undefined":0,"s:2:2:2:Infinity":0,"s:2:13:2:Infinity":1,"s:3:2:8:Infinity":2,"f:5:9:5:10":1,"s:6:6:6:Infinity":3,"b:6:24:6:85:6:85:6:Infinity":1}}}
}
